1980 1989
https://esgf.ceda.ac.uk/thredds/fileServer/esg_cmip6/CMIP6/CMIP/CSIRO-ARCCSS/ACCESS-CM2/historical/r1i1p1f1/3hr/rsds/gn/v20210325
198001010130-198912312230
File ‘rsds_3hr_ACCESS-CM2_historical_r1i1p1f1_gn_198001010130-198912312230.nc’ already there; not retrieving.

https://esgf.ceda.ac.uk/thredds/fileServer/esg_cmip6/CMIP6/CMIP/CSIRO-ARCCSS/ACCESS-CM2/historical/r1i1p1f1/3hr/rsdsdiff/gn/v20210325
198001010130-198912312230
--2025-02-25 21:09:31--  https://esgf.ceda.ac.uk/thredds/fileServer/esg_cmip6/CMIP6/CMIP/CSIRO-ARCCSS/ACCESS-CM2/historical/r1i1p1f1/3hr/rsdsdiff/gn/v20210325/rsdsdiff_3hr_ACCESS-CM2_historical_r1i1p1f1_gn_198001010130-198912312230.nc
Resolving esgf.ceda.ac.uk (esgf.ceda.ac.uk)... 130.246.128.97
Connecting to esgf.ceda.ac.uk (esgf.ceda.ac.uk)|130.246.128.97|:443... connected.
HTTP request sent, awaiting response... 200 OK
Length: 1817072017 (1.7G) [application/octet-stream]
Saving to: ‘rsdsdiff_3hr_ACCESS-CM2_historical_r1i1p1f1_gn_198001010130-198912312230.nc’

     0K .......... .......... .......... .......... ..........  0% 13.0K 38h3m
    50K .......... .......... .......... .......... ..........  0% 3.04K 4d4h
   100K .......... .......... .......... .......... ..........  0% 4.30K 4d9h
   150K .......... .......... .......... .......... ..........  0% 2.89K 5d1h
   200K .......... .......... .......... .......... ..........  0% 5.77K 4d18h
   250K .......... .......... .......... .......... ..........  0% 2.89K 5d3h
   300K .......... .......... .......... .......... ..........  0% 3.85K 5d4h
   350K .......... .......... .......... .......... ..........  0% 2.31K 5d15h
   400K .......... .......... .......... .......... ..........  0% 5.78K 5d9h
   450K .......... .......... .......... .......... ..........  0% 11.5K 5d1h
   500K .......... .......... .......... .......... ..........  0% 3.86K 5d1h
   550K .......... .......... .......... .......... ..........  0% 5.77K 4d22h
   600K .......... .......... .......... .......... ..........  0% 2.89K 5d2h
   650K .......... .......... .......... .......... ..........  0% 2.23M 4d17h
   700K .......... .......... .......... .......... ..........  0% 11.6K 4d13h
   750K .......... .......... .......... .......... ..........  0% 11.6K 4d8h
   800K .......... .......... .......... .......... ..........  0% 5.78K 4d7h
   850K .......... .......... .......... .......... ..........  0% 11.6K 4d4h
   900K .......... .......... .......... .......... ..........  0% 2.89K 4d8h
   950K .......... .......... .......... .......... ..........  0% 2.27M 4d2h
  1000K .......... .......... .......... .......... ..........  0% 5.79K 4d2h
  1050K .......... .......... .......... .......... ..........  0% 11.5K 3d23h
  1100K .......... .......... .......... .......... ..........  0% 2.55M 3d19h
  1150K .......... .......... .......... .......... ..........  0% 11.6K 3d17h
  1200K .......... .......... .......... .......... ..........  0% 5.79K 3d17h
  1250K .......... .......... .......... .......... ..........  0% 3.85K 3d18h
  1300K .......... .......... .......... .......... ..........  0% 5.78K 3d18h
  1350K .......... .......... .......... .......... ..........  0% 3.86K 3d19h
  1400K .......... .......... .......... .......... ..........  0% 5.78K 3d19h
  1450K .......... .......... .......... .......... ..........  0% 2.02M 3d16h
  1500K .......... .......... .......... .......... ..........  0% 2.37M 3d13h
  1550K .......... .......... .......... .......... ..........  0% 2.32K 3d17h
  1600K .......... .......... .......... .......... ..........  0% 2.89K 3d20h
  1650K .......... .......... .......... .......... ..........  0% 2.89K 3d22h
  1700K .......... .......... .......... .......... ..........  0% 2.89K 4d0h
  1750K .......... .......... .......... .......... ..........  0% 2.31K 4d3h
  1800K .......... .......... .......... .......... ..........  0% 11.5K 4d2h
  1850K .......... .......... .......... .......... ..........  0% 5.78K 4d1h
  1900K .......... .......... .......... .......... ..........  0% 3.86K 4d2h
  1950K .......... .......... .......... .......... ..........  0% 2.31K 4d5h
  2000K .......... .......... .......... .......... ..........  0% 5.78K 4d5h
  2050K .......... .......... .......... .......... ..........  0% 11.6K 4d3h
  2100K .......... .......... .......... .......... ..........  0% 11.5K 4d2h
  2150K .......... .......... .......... .......... ..........  0% 3.86K 4d3h
  2200K .......... .......... ...                               0% 2.65M=7m23s

2025-02-25 21:16:58 (5.02 KB/s) - Connection closed at byte 2276684. Retrying.

--2025-02-25 21:16:59--  (try: 2)  https://esgf.ceda.ac.uk/thredds/fileServer/esg_cmip6/CMIP6/CMIP/CSIRO-ARCCSS/ACCESS-CM2/historical/r1i1p1f1/3hr/rsdsdiff/gn/v20210325/rsdsdiff_3hr_ACCESS-CM2_historical_r1i1p1f1_gn_198001010130-198912312230.nc
Connecting to esgf.ceda.ac.uk (esgf.ceda.ac.uk)|130.246.128.97|:443... connected.
HTTP request sent, awaiting response... 206 Partial Content
Length: 1817072017 (1.7G), 1814795333 (1.7G) remaining [application/octet-stream]
Saving to: ‘rsdsdiff_3hr_ACCESS-CM2_historical_r1i1p1f1_gn_198001010130-198912312230.nc’

        [ skipping 2200K ]
  2200K ,,,,,,,,,, ,,,,,,,,,, ,,,....... .......... ..........  0% 2.89K 13d7h
  2250K .......... .......... .......... .......... ..........  0% 1.65K 12d17h
  2300K .......... .......... .......... .......... ..........  0% 1.89M 7d16h
  2350K .......... .......... .......... .......... ..........  0% 3.86K 7d0h
  2400K .......... .......... .......... .......... ..........  0% 1.93K 7d19h
  2450K .......... .......... .......... .......... ..........  0% 5.78K 7d1h
  2500K .......... .......... .......... .......... ..........  0% 3.86K 6d18h
  2550K .......... .......... .......... .......... ..........  0% 2.89K 6d19h
  2600K .......... .......... .......... .......... ..........  0% 1.59M 6d0h
  2650K .......... .......... .......... .......... ..........  0% 5.79K 5d18h
  2700K .......... .......... .......... .......... ..........  0% 3.85K 5d17h
  2750K .......... .......... .......... .......... ..........  0% 1.45K 6d10h
  2800K .......... .......... .......... .......... ..........  0% 1.78M 5d22h
  2850K .......... .......... .......... .......... ..........  0% 2.32K 6d3h
  2900K .......... .......... .......... .......... ..........  0% 3.85K 6d2h
  2950K .......... .......... .......... .......... ..........  0% 5.78K 5d22h
  3000K .......... .......... .......... .......... ..........  0% 5.78K 5d18h
  3050K .......... .......... .......... .......... ..........  0% 1.65K 6d4h
  3100K .......... .......... .......... .......... ..........  0% 11.6K 5d22h
  3150K .......... .......... .......... .......... ..........  0% 5.78K 5d19h
  3200K .......... .......... .......... .......... ..........  0% 2.89K 5d20h
  3250K .......... .......... .......... .......... ..........  0% 11.5K 5d16h
  3300K .......... .......... .......... .......... ..........  0% 5.79K 5d14h
  3350K .......... .......... .......... .......... ..........  0% 3.85K 5d13h
  3400K .......... .......... .......... .......... ..........  0% 11.5K 5d10h
  3450K .......... .......... .......... .......... ..........  0% 11.5K 5d6h
  3500K .......... .......... .......... .......... ..........  0% 2.89K 5d8h
  3550K .......... .......... .......... .......... ..........  0% 2.89K 5d9h
  3600K .......... .......... .......... .......... .........   0% 3.79K=6m16s

2025-02-25 21:23:32 (3.79 KB/s) - Connection closed at byte 3736771. Retrying.

--2025-02-25 21:23:34--  (try: 3)  https://esgf.ceda.ac.uk/thredds/fileServer/esg_cmip6/CMIP6/CMIP/CSIRO-ARCCSS/ACCESS-CM2/historical/r1i1p1f1/3hr/rsdsdiff/gn/v20210325/rsdsdiff_3hr_ACCESS-CM2_historical_r1i1p1f1_gn_198001010130-198912312230.nc
Connecting to esgf.ceda.ac.uk (esgf.ceda.ac.uk)|130.246.128.97|:443... connected.
HTTP request sent, awaiting response... 206 Partial Content
Length: 1817072017 (1.7G), 1813335246 (1.7G) remaining [application/octet-stream]
Saving to: ‘rsdsdiff_3hr_ACCESS-CM2_historical_r1i1p1f1_gn_198001010130-198912312230.nc’

        [ skipping 3600K ]
  3600K ,,,,,,,,,, ,,,,,,,,,, ,,,,,,,,,, ,,,,,,,,,, ,,,,,,,,,.  0% 10.9G 10s
  3650K .......... .......... .......... .......... ..........  0% 1.65K 12d5h
  3700K .......... .......... .......... .......... ..........  0% 3.86K 8d18h
  3750K .......... .......... .......... .......... ..........  0% 11.6K 6d11h
  3800K .......... .......... .......... .......... ..........  0% 2.89K 6d14h
  3850K .......... .......... .......... .......... ..........  0% 3.85K 6d8h
  3900K .......... .......... .......... .......... ..........  0% 1.65K 7d8h
  3950K .......... .......... .......... .......... ..........  0% 3.85K 7d1h
  4000K .......... .......... .......... .......... ..........  0% 2.89K 7d1h
  4050K .......... .......... .......... .......... ..........  0% 2.31K 7d6h
  4100K .......... .......... .......... .......... ..........  0% 3.85K 7d1h
  4150K .......... .......... .......... .......... ..........  0% 5.77K 6d18h
  4200K .......... .......... .......... .......... ..........  0% 3.86K 6d15h
  4250K .......... .......... .......... .......... ..........  0% 11.6K 6d6h
  4300K .......... .......... .......... .......... ..........  0% 3.86K 6d4h
  4350K .......... .......... .......... .......... ..........  0% 11.5K 5d21h
  4400K .......... .......... .......... .......... ..........  0% 11.6K 5d15h
  4450K .......... .......... .......... .......... ..........  0% 2.89K 5d17h
  4500K .......... .......... .......... .......... ..........  0% 1.93K 5d23h
  4550K .......... .......... .......... .......... ..........  0% 2.05M 5d16h
  4600K .......... .......... .......... .......... ..........  0% 1.65K 6d0h
  4650K .......... .......... .......... .......... ..........  0% 2.89K 6d1h
  4700K .......... .......... .......... .......... ..........  0% 3.85K 6d0h
  4750K .......... .......... .......... .......... ..........  0% 11.5K 5d20h
  4800K .......... .......... .......... .......... ..........  0% 3.85K 5d19h
  4850K .......... .......... .......... .......... ..........  0% 2.90K 5d21h
  4900K .......... .......... .......... .......... ..........  0% 3.86K 5d20h
  4950K .......... .......... .......... .......... ..........  0% 5.78K 5d18h
  5000K .......... .......... .......... .......... ..........  0% 11.6K 5d15h
  5050K .......... .......... .......... .......... ..........  0% 2.31K 5d17h
  5100K .......... .......... .......... .......... ..........  0% 1.93K 5d21h
  5150K .......... .......... .......... .......... ..........  0% 1.86M 5d17h
  5200K .......... .......... .......... .......... ..........  0% 3.86K 5d16h
  5250K .......... .......... .......... .......... ..........  0% 11.5K 5d13h
  5300K .......... .......... .......... .......... ..........  0% 2.31K 5d16h
  5350K .......... .......... .......... .......... ..........  0% 2.31K 5d18h
  5400K .......... .......... .......... .......... ..........  0% 3.86K 5d18h
  5450K .......... .......... .......... .......... ..........  0% 5.78K 5d16h
  5500K .......... .......... .......... .......... ..........  0% 3.85K 5d16h
  5550K .......... .......... .......... .......... ..........  0% 1.93K 5d19h
  5600K .......... .......... .......... .......... ..........  0% 3.85K 5d19h
  5650K .......... .......... .......... .......... ..........  0% 5.78K 5d17h
  5700K .......... .......... .......... .......... ..........  0% 3.85K 5d17h
  5750K .......... .......... .......... .......... ..........  0% 5.77K 5d16h
  5800K .......... .......... .......... .......... ..........  0% 3.86K 5d16h
  5850K .......... .......... .......... .......... ..........  0% 3.85K 5d15h
  5900K .......... .......... .......... .......... ..........  0% 3.86K 5d15h
  5950K .......... .......... .......... .......... ..........  0% 2.89K 5d16h
  6000K .......... .......... .......... .......... ..........  0% 5.77K 5d15h
  6050K .......... .......... .......... .......... ..........  0% 3.86K 5d15h
  6100K .......... .......... .......... .......... ..........  0% 2.89K 5d15h
  6150K .......... .......... .......... .......... ..........  0% 2.89K 5d16h
  6200K .......... .......... .......... .......... ..........  0% 1.82M 5d13h
  6250K .......... .......... .......... .......... ..........  0% 5.80K 5d12h
  6300K .......... .......... .......... .......... ..........  0% 3.85K 5d12h
  6350K .......... .......... .......... .......... ..........  0% 2.31K 5d14h
  6400K .......... .......... .......... .......... ..........  0% 3.85K 5d14h
  6450K .......... .......... .......... .......... ..........  0% 5.79K 5d13h
  6500K .......... .......... .......... .......... ..........  0% 3.85K 5d13h
  6550K .......... .......... .......... .......... ..........  0% 2.89K 5d13h
  6600K .......... .......... .......... .......... ..........  0% 11.5K 5d12h
  6650K .......... .......... .......... .......... ..........  0% 3.86K 5d12h
  6700K .......... .......... .......... .......... ..........  0% 3.85K 5d12h
  6750K .......... .......... .......... .......... ..........  0% 11.6K 5d10h
  6800K .......... .......... .......... .......... ..........  0% 5.78K 5d10h
  6850K .......... .......... .......... .......... ..........  0% 2.89K 5d10h
  6900K .......... .......... .......... .......... ..........  0% 2.31K 5d11h
  6950K .......... .......... .......... .......... ..........  0% 5.77K 5d11h
  7000K .......... .......... .......... .......... ..........  0% 3.86K 5d11h
  7050K .......... .......... .......... .......... ..........  0% 3.85K 5d11h
  7100K .......... .......... .......... .......... ..........  0% 3.85K 5d10h
  7150K .......... .......... .......... .......... ..........  0% 3.86K 5d10h
  7200K .......... .......... .......... .......... ..........  0% 2.89K 5d11h
  7250K .......... .......... .......... .......... ..........  0% 2.31K 5d12h
  7300K .......... .......... .......... .......... ..........  0% 2.31K 5d13h
  7350K .......... .......... .......... .......... ..........  0% 5.78K 5d12h
  7400K .......... .......... .......... .......... ..........  0% 2.31K 5d14h
  7450K .......... .......... .......... .......... ..........  0% 5.77K 5d13h
  7500K .......... .......... .......... .......... ..........  0% 11.6K 5d12h
  7550K .......... .......... .......... .......... ..........  0% 11.5K 5d11h
  7600K .......... .......... .......... .......... ..........  0% 3.86K 5d11h
  7650K .......... .......... .......... .......... ..........  0% 11.5K 5d9h
  7700K .......... .......... .......... .......... ..........  0% 11.5K 5d8h
  7750K .......... .......... .......... .......... ..........  0% 5.79K 5d8h
  7800K .......... .......... .......... .......... ..........  0% 2.89K 5d8h
  7850K .......... .......... .......... .......... ..........  0% 2.89K 5d9h
  7900K .......... .......... .......... .......... ..........  0% 2.89K 5d9h
  7950K .......... .......... .......... .......... ..........  0% 2.89K 5d10h
  8000K .......... .......... .......... .......... ..........  0% 3.85K 5d10h
  8050K .......... .......... .......... .......... ..........  0% 2.31K 5d11h
  8100K .......... .......... .......... .......... ..........  0% 2.89K 5d11h
  8150K .......... .......... .......... .......... ..........  0% 2.31K 5d12h
  8200K .......... .......... .......... .......... ..........  0% 2.31K 5d13h
  8250K .......... .......... .......... .......... ..........  0% 3.86K 5d13h
  8300K .......... .......... .......... .......... ..........  0% 2.89K 5d13h
  8350K .......... .......... .......... .......... ..........  0% 5.77K 5d13h
  8400K .......... .......... .......... .......... ..........  0% 5.79K 5d12h
  8450K .......... .......... .......... .......... ..........  0% 11.6K 5d11h
  8500K .......... .......... .......... .......... ..........  0% 3.85K 5d11h
  8550K .......... .......... .......... .......... ..........  0% 2.89K 5d11h
  8600K .......... .......... .......... .......... ..........  0% 3.86K 5d11h
  8650K .......... .......... .......... .......... ..........  0% 3.85K 5d11h
  8700K .......... .......... .......... .......... ..........  0% 5.78K 5d11h
  8750K .......... .......... .......... .......... ..........  0% 5.78K 5d10h
  8800K .......... .......... .......... .......... ..........  0% 1.84M 5d9h
  8850K .......... .......... .......... .......... ..........  0% 2.06M 5d8h
  8900K .......... .......... .......... .......... ..........  0% 3.87K 5d8h
  8950K .......... .......... .......... .......... ..........  0% 3.85K 5d8h
  9000K .......... .......... .......... .......... ..........  0% 5.79K 5d7h
  9050K .......... .......... .......... .......... ..........  0% 2.11M 5d6h
  9100K .......... .......... .......... .......... ..........  0% 1.93K 5d7h
  9150K .......... .......... .......... .......... ..........  0% 1.44K 5d9h
  9200K .......... .......... .......... .......... ..........  0% 1.45K 5d11h
  9250K .......... .......... .......... .......... ..........  0% 2.89K 5d12h
  9300K .......... .......... .......... .......... ..........  0% 1.93K 5d13h
  9350K .......... .......... .......... .......... ..........  0% 2.89K 5d13h
  9400K .......... .......... .......... .......... ..........  0% 2.89K 5d13h
  9450K .......... .......... .......... .......... ..........  0% 11.6K 5d12h
  9500K .......... .......... .......... .......... ..........  0% 2.89K 5d13h
  9550K .......... .......... .......... .......... ..........  0% 5.78K 5d12h
  9600K .......... .......... .......... .......... ..........  0% 2.31K 5d13h
  9650K .......... .......... .......... .......... ..........  0% 1.93K 5d14h
  9700K .......... .......... .......... .......... ..........  0% 11.6K 5d13h
  9750K .......... .......... .......... .......... ..........  0% 3.85K 5d13h
  9800K .......... .......... .......... .......... ..........  0% 11.6K 5d12h
  9850K .......... .......... .......... .......... ..........  0% 3.86K 5d12h
  9900K .......... .......... .......... .......... ..........  0% 3.85K 5d12h
  9950K .......... .......... .......... .......... ..........  0% 2.89K 5d13h
 10000K .......... .......... .......... .......... ..........  0% 5.78K 5d12h
 10050K .......... .......... .......... .......... ..........  0% 3.85K 5d12h
 10100K .......... .......... .......... .......... ..........  0% 2.31K 5d13h
 10150K .......... .......... .......... .......... ..........  0% 5.78K 5d12h
 10200K .......... .......... .......... .......... ..........  0% 1.45K 5d14h
 10250K .......... .......... .......... .......... ..........  0% 5.77K 5d14h
 10300K .......... .......... .......... .......... ..........  0% 5.78K 5d13h
 10350K .......... .......... .......... .......... ..........  0% 2.31K 5d14h
 10400K .......... .......... .......... .......... ..........  0% 5.78K 5d13h
 10450K .......... .......... .......... .......... ..........  0% 1.60M 5d12h
 10500K .......... .......... .......... .......... ..........  0% 2.32K 5d13h
 10550K .......... .......... .......... .......... ..........  0% 2.89K 5d13h
 10600K .......... .......... .......... .......... ..........  0% 5.79K 5d13h
 10650K .......... .......... .......... .......... ..........  0% 2.89K 5d13h
 10700K .......... .......... .......... .......... ..........  0% 3.85K 5d13h
 10750K .......... .......... .......... .......... ..........  0% 5.78K 5d13h
 10800K .......... .......... .......... .......... ..........  0% 2.89K 5d13h
 10850K .......... .......... .......... .......... ..........  0% 1.93K 5d14h
 10900K .......... .......... .......... .......... ..........  0% 11.5K 5d13h
 10950K .......... .......... .......... .......... ..........  0% 11.6K 5d13h
 11000K .......... .......... .......... .......... ..........  0% 3.85K 5d13h
 11050K .......... .......... .......... .......... ..........  0% 3.85K 5d13h
 11100K .......... .......... .......... .......... ..........  0% 2.31K 5d13h
 11150K .......... .......... .......... .......... ..........  0% 1.28K 5d15h
 11200K .......... .......... .......... .......... ..........  0% 3.86K 5d15h
 11250K .......... .......... .......... .......... ..........  0% 11.6K 5d14h
 11300K .......... .......... .......... .......... ..........  0% 5.78K 5d14h
 11350K .......... .......... .......... .......... ..........  0% 2.89K 5d14h
 11400K .......... .......... .......... .......... ..........  0% 3.85K 5d14h
 11450K .......... .......... .......... .......... ..........  0% 5.78K 5d14h
 11500K .......... .......... .......... .......... ...         0% 2.53K=36m6s

2025-02-25 22:00:00 (3.64 KB/s) - Connection closed at byte 11820726. Giving up.

1990 1999
https://esgf.ceda.ac.uk/thredds/fileServer/esg_cmip6/CMIP6/CMIP/CSIRO-ARCCSS/ACCESS-CM2/historical/r1i1p1f1/3hr/rsds/gn/v20210325
199001010130-199912312230
File ‘rsds_3hr_ACCESS-CM2_historical_r1i1p1f1_gn_199001010130-199912312230.nc’ already there; not retrieving.

https://esgf.ceda.ac.uk/thredds/fileServer/esg_cmip6/CMIP6/CMIP/CSIRO-ARCCSS/ACCESS-CM2/historical/r1i1p1f1/3hr/rsdsdiff/gn/v20210325
199001010130-199912312230
--2025-02-25 22:00:04--  https://esgf.ceda.ac.uk/thredds/fileServer/esg_cmip6/CMIP6/CMIP/CSIRO-ARCCSS/ACCESS-CM2/historical/r1i1p1f1/3hr/rsdsdiff/gn/v20210325/rsdsdiff_3hr_ACCESS-CM2_historical_r1i1p1f1_gn_199001010130-199912312230.nc
Resolving esgf.ceda.ac.uk (esgf.ceda.ac.uk)... 130.246.128.97
Connecting to esgf.ceda.ac.uk (esgf.ceda.ac.uk)|130.246.128.97|:443... connected.
HTTP request sent, awaiting response... 200 OK
Length: 1816442936 (1.7G) [application/octet-stream]
Saving to: ‘rsdsdiff_3hr_ACCESS-CM2_historical_r1i1p1f1_gn_199001010130-199912312230.nc’

     0K .......... .......... .......... .......... ..........  0% 6.02K 3d9h
    50K .......... .......... .......... .......... ..........  0% 5.78K 3d11h
   100K .......... .......... .......... .......... ..........  0% 3.85K 4d2h
   150K .......... .......... .......... .......... ..........  0% 5.78K 3d23h
   200K .......... .......... .......... .......... ..........  0% 11.5K 3d12h
   250K .......... .......... .......... .......... ..........  0% 3.86K 3d19h
   300K .......... .......... .......... .......... ..........  0% 11.5K 3d12h
   350K .......... .......... .......... .......... ..........  0% 5.79K 3d12h
   400K .......... .......... .......... .......... ..........  0% 11.6K 3d8h
   450K .......... .......... .......... .......... ..........  0% 5.77K 3d8h
   500K .......... .......... .......... .......... ..........  0% 1.93K 4d0h
   550K .......... .......... .......... .......... ..........  0% 11.5K 3d20h
   600K .......... .......... .......... .......... ..........  0% 2.31K 4d5h
   650K .......... .......... .......... .......... ..........  0% 2.89K 4d10h
   700K .......... .......... .......... .......... ..........  0% 2.89K 4d14h
   750K .......... .......... .......... .......... ..........  0% 2.31K 4d20h
   800K .......... .......... .......... .......... ..........  0% 11.6K 4d16h
   850K .......... .......... .......... .......... ..........  0% 3.85K 4d17h
   900K .......... .......... .......... .......... ..........  0% 11.5K 4d13h
   950K .......... .......... .......... .......... ..........  0% 2.89K 4d16h
  1000K .......... .......... .......... .......... ..........  0% 3.85K 4d17h
  1050K .......... .......... .......... .......... ..........  0% 3.86K 4d18h
  1100K .......... .......... .......... .......... ..........  0% 11.5K 4d14h
  1150K .......... .......... .......... .......... ..........  0% 3.86K 4d15h
  1200K .......... .......... .......... .......... ..........  0% 11.6K 4d12h
  1250K .......... .......... .......... .......... ..........  0% 11.6K 4d10h
  1300K .......... .......... .......... .......... ..........  0% 3.86K 4d11h
  1350K .......... .......... .......... .......... ..........  0% 3.85K 4d11h
  1400K .......... .......... .......... .......... ..........  0% 5.78K 4d11h
  1450K .......... .......... .......... .......... ..........  0% 2.31K 4d14h
  1500K .......... .......... .......... .......... ..........  0% 3.86K 4d15h
  1550K .......... .......... .......... .......... ..........  0% 5.77K 4d14h
  1600K .......... .......... .......... .......... ..........  0% 5.80K 4d13h
  1650K .......... .......... .......... .......... ..........  0% 2.89K 4d15h
  1700K .......... .......... .......... .......... ..........  0% 5.78K 4d14h
  1750K .......... .......... .......... .......... ..........  0% 11.5K 4d12h
  1800K .......... .......... .......... .......... ..........  0% 3.86K 4d13h
  1850K .......... .......... .......... .......... ..........  0% 5.78K 4d12h
  1900K .......... .......... .......... .......... ..........  0% 11.6K 4d10h
  1950K .......... .......... .......... .......... ..........  0% 11.6K 4d9h
  2000K .......                                                 0% 1.97M=7m8s

2025-02-25 22:07:21 (4.69 KB/s) - Connection closed at byte 2055500. Retrying.

--2025-02-25 22:07:22--  (try: 2)  https://esgf.ceda.ac.uk/thredds/fileServer/esg_cmip6/CMIP6/CMIP/CSIRO-ARCCSS/ACCESS-CM2/historical/r1i1p1f1/3hr/rsdsdiff/gn/v20210325/rsdsdiff_3hr_ACCESS-CM2_historical_r1i1p1f1_gn_199001010130-199912312230.nc
Connecting to esgf.ceda.ac.uk (esgf.ceda.ac.uk)|130.246.128.97|:443... connected.
HTTP request sent, awaiting response... 206 Partial Content
Length: 1816442936 (1.7G), 1814387436 (1.7G) remaining [application/octet-stream]
Saving to: ‘rsdsdiff_3hr_ACCESS-CM2_historical_r1i1p1f1_gn_199001010130-199912312230.nc’

        [ skipping 2000K ]
  2000K ,,,,,,,... .......... .......... .......... ..........  0% 3.85K 6d5h
  2050K .......... .......... .......... .......... ..........  0% 2.31K 7d15h
  2100K .......... .......... .......... .......... ..........  0% 11.5K 5d14h
  2150K .......... .......... .......... .......... ..........  0% 11.5K 4d14h
  2200K .......... .......... .......... .......... ..........  0% 5.79K 4d9h
  2250K .......... .......... .......... .......... ..........  0% 3.85K 4d13h
  2300K .......... .......... .......... .......... ..........  0% 3.85K 4d15h
  2350K .......... .......... .......... .......... ..........  0% 2.31K 5d4h
  2400K .......... .......... .......... .......... ..........  0% 11.5K 4d19h
  2450K .......... .......... .......... .......... ..........  0% 5.79K 4d16h
  2500K .......... .......... .......... .......... ..........  0% 3.85K 4d17h
  2550K .......... .......... .......... .......... ..........  0% 3.85K 4d18h
  2600K .......... .......... .......... .......... ..........  0% 2.02M 4d9h
  2650K .......... .......... .......... .......... ..........  0% 11.7K 4d5h
  2700K .......... .......... .......... .......... ..........  0% 3.85K 4d7h
  2750K .......... .......... .......... .......... ..........  0% 11.6K 4d3h
  2800K .......... .......... .......... .......... ..........  0% 3.86K 4d4h
  2850K .......... .......... .......... .......... ..........  0% 5.78K 4d4h
  2900K .......... .......... .......... .......... ..........  0% 5.78K 4d3h
  2950K .......... .......... .......... .......... ..........  0% 2.89K 4d6h
  3000K .......... .......... .......... .......... ..........  0% 3.85K 4d8h
  3050K .......... .......... .......... .......... ..........  0% 11.5K 4d5h
  3100K .......... .......... .......... .......... ..........  0% 3.86K 4d6h
  3150K .......... .......... .......... .......... ..........  0% 5.76K 4d5h
  3200K .......... .......... .......... .......... ..........  0% 11.6K 4d3h
  3250K .......... .......... .......... .......... ..........  0% 2.31K 4d7h
  3300K .......... .......... .......... .......... ..........  0% 5.78K 4d6h
  3350K .......... .......... .......... .......... ..........  0% 3.86K 4d7h
  3400K .......... .......... .......... .......... ..........  0% 11.5K 4d5h
  3450K .......... .......... .......... .......... ..........  0% 1.65K 4d12h
  3500K .......... .......... .......... .......... ..........  0% 1.65K 4d18h
  3550K .......... .......... .......... .......... ..........  0% 5.78K 4d17h
  3600K .......... .......... .......... .......... ..........  0% 2.89K 4d19h
  3650K .......... .......... .......... .......... ..........  0% 5.78K 4d18h
  3700K .......... .......... .......... .......... ..........  0% 2.89K 4d19h
  3750K .......... .......... .......... .......... ..........  0% 3.85K 4d20h
  3800K .......... .......... .......... .......... ..........  0% 5.78K 4d19h
  3850K .......... .......... .......... .......... ..........  0% 2.89K 4d20h
  3900K .......... .......... .......... .......... ..........  0% 5.77K 4d20h
  3950K .......... .......... .......... .......... ..........  0% 1.93K 4d23h
  4000K .......... .......... .......... .......... ..........  0% 1.93K 5d2h
  4050K .......... .......... .......... .......... ..........  0% 2.31K 5d4h
  4100K .......... .......... .......... .......... ..........  0% 2.89K 5d5h
  4150K .......... .......... .......... ......                 0% 2.14K=9m26s

2025-02-25 22:17:00 (3.85 KB/s) - Connection closed at byte 4287463. Retrying.

--2025-02-25 22:17:02--  (try: 3)  https://esgf.ceda.ac.uk/thredds/fileServer/esg_cmip6/CMIP6/CMIP/CSIRO-ARCCSS/ACCESS-CM2/historical/r1i1p1f1/3hr/rsdsdiff/gn/v20210325/rsdsdiff_3hr_ACCESS-CM2_historical_r1i1p1f1_gn_199001010130-199912312230.nc
Connecting to esgf.ceda.ac.uk (esgf.ceda.ac.uk)|130.246.128.97|:443... connected.
HTTP request sent, awaiting response... 206 Partial Content
Length: 1816442936 (1.7G), 1812155473 (1.7G) remaining [application/octet-stream]
Saving to: ‘rsdsdiff_3hr_ACCESS-CM2_historical_r1i1p1f1_gn_199001010130-199912312230.nc’

        [ skipping 4150K ]
  4150K ,,,,,,,,,, ,,,,,,,,,, ,,,,,,,,,, ,,,,,,.... ..........  0% 2.31K 33d23h
  4200K .......... .......... .......... .......... ..........  0% 2.31K 14d1h
  4250K .......... .......... .......... .......... ..........  0% 2.89K 10d23h
  4300K .......... .......... .......... .......... ..........  0% 3.85K 9d5h
  4350K .......... .......... .......... .......... ..........  0% 2.31K 9d3h
  4400K .......... .......... .......... .......... ..........  0% 3.86K 8d9h
  4450K .......... .......... .......... .......... ..........  0% 3.85K 7d22h
  4500K .......... .......... .......... .......... ..........  0% 11.5K 7d1h
  4550K .......... .......... .......... .......... ..........  0% 5.78K 6d15h
  4600K .......... .......... .......... .......... ..........  0% 2.89K 6d16h
  4650K .......... .......... .......... .......... ..........  0% 5.78K 6d9h
  4700K .......... .......... .......... .......... ..........  0% 3.86K 6d6h
  4750K .......... .......... .......... .......... ..........  0% 11.6K 5d22h
  4800K .......... .......... .......... .......... ..........  0% 1.93K 6d6h
  4850K .......... .......... .......... .......... ..........  0% 2.89K 6d7h
  4900K .......... .......... .......... .......... ..........  0% 2.31K 6d11h
  4950K .......... .......... .......... .......... ..........  0% 1.45K 6d23h
  5000K .......... .......... .......... .......... ..........  0% 2.89K 6d23h
  5050K .......... .......... .......... .......... ..........  0% 5.78K 6d18h
  5100K .......... .......... .......... .......... ..........  0% 2.89K 6d19h
  5150K .......... .......... .......... .......... ..........  0% 5.79K 6d15h
  5200K .......... .......... .......... .......... ..........  0% 3.85K 6d13h
  5250K .......... .......... .......... .......... ..........  0% 3.85K 6d12h
  5300K .......... .......... .......... .......... ..........  0% 5.79K 6d9h
  5350K .......... .......... .......... .......... ..........  0% 2.31K 6d11h
  5400K .......... .......... .......... .......... ..........  0% 3.86K 6d10h
  5450K ....                                                    0% 1.58M=6m38s

2025-02-25 22:24:13 (3.19 KB/s) - Connection closed at byte 5585866. Giving up.

2000 2009
https://esgf.ceda.ac.uk/thredds/fileServer/esg_cmip6/CMIP6/CMIP/CSIRO-ARCCSS/ACCESS-CM2/historical/r1i1p1f1/3hr/rsds/gn/v20210325
200001010130-200912312230
File ‘rsds_3hr_ACCESS-CM2_historical_r1i1p1f1_gn_200001010130-200912312230.nc’ already there; not retrieving.

https://esgf.ceda.ac.uk/thredds/fileServer/esg_cmip6/CMIP6/CMIP/CSIRO-ARCCSS/ACCESS-CM2/historical/r1i1p1f1/3hr/rsdsdiff/gn/v20210325
200001010130-200912312230
--2025-02-25 22:24:13--  https://esgf.ceda.ac.uk/thredds/fileServer/esg_cmip6/CMIP6/CMIP/CSIRO-ARCCSS/ACCESS-CM2/historical/r1i1p1f1/3hr/rsdsdiff/gn/v20210325/rsdsdiff_3hr_ACCESS-CM2_historical_r1i1p1f1_gn_200001010130-200912312230.nc
Resolving esgf.ceda.ac.uk (esgf.ceda.ac.uk)... 130.246.128.97
Connecting to esgf.ceda.ac.uk (esgf.ceda.ac.uk)|130.246.128.97|:443... connected.
HTTP request sent, awaiting response... 200 OK
Length: 1817254282 (1.7G) [application/octet-stream]
Saving to: ‘rsdsdiff_3hr_ACCESS-CM2_historical_r1i1p1f1_gn_200001010130-200912312230.nc’

     0K .......... .......... .......... .......... ..........  0% 6.08K 3d9h
    50K .......... .......... .......... .......... ..........  0% 3.85K 4d8h
   100K .......... .......... .......... .......... ..........  0% 11.6K 3d11h
   150K .......... .......... .......... .......... ..........  0% 11.6K 3d1h
   200K .......... .......... .......... .......... ..........  0% 3.85K 3d12h
   250K .......... .......... .......... .......... ..........  0% 2.31K 4d9h
   300K .......... .......... .......... .......... ..........  0% 3.85K 4d13h
   350K .......... .......... .......... .......... ..........  0% 5.78K 4d10h
   400K .......... .......... .......... .......... ..........  0% 5.78K 4d7h
   450K .......... .......... .......... .......... ..........  0% 5.78K 4d5h
   500K .......... .......... .......... .......... ..........  0% 2.11M 3d20h
   550K .......... .......... .......... .......... ..........  0% 11.6K 3d16h
   600K .......... .......... .......... .......... ..........  0% 2.89K 3d22h
   650K .......... .......... .......... .......... ..........  0% 2.89K 4d4h
   700K .......... .......... .......... .......... ..........  0% 11.6K 4d0h
   750K .......... .......... .......... .......... ..........  0% 11.6K 3d20h
   800K .......... .......... .......... .......... ..........  0% 5.79K 3d20h
   850K .......... .......... .......... .......... ..........  0% 2.89K 4d0h
   900K .......... .......... .......... .......... ..........  0% 2.31K 4d6h
   950K .......... .......... .......... .......... ..........  0% 3.85K 4d8h
  1000K .......... .......... .......... .......... ..........  0% 3.85K 4d9h
  1050K .......... .......... .......... .......... ..........  0% 3.85K 4d10h
  1100K .......... .......... .......... .......... ..........  0% 2.56M 4d5h
  1150K .......... .......... .......... .......... ..........  0% 2.32K 4d10h
  1200K .......... .......... .......... .......... ..........  0% 11.6K 4d7h
  1250K .......... .......... .......... .......... ..........  0% 2.25M 4d3h
  1300K .......... .......... .......... .......... ..........  0% 2.48M 4d0h
  1350K .......... .......... .......... .......... ..........  0% 5.81K 3d23h
  1400K .......... .......... .......... .......... ..........  0% 3.86K 4d0h
  1450K .......... .......... .......... .......... ..........  0% 5.78K 4d0h
  1500K .......... .......... .......... .......... ..........  0% 2.89K 4d2h
  1550K .......... .......... .......... .......... ..........  0% 2.89K 4d5h
  1600K .......... .......... .......... .......... ..........  0% 2.45M 4d1h
  1650K .......... .......... .......... .......... ..........  0% 11.6K 4d0h
  1700K .......... .......... .......... .......... ..........  0% 3.85K 4d1h
  1750K .......... .......... .......... .......... ..........  0% 5.79K 4d0h
  1800K .......... .......... .......... .......... ..........  0% 2.25M 3d22h
  1850K .......... .......... .......... .......... ..........  0% 2.31K 4d1h
  1900K .......... .......... .......... .......... ..........  0% 3.85K 4d2h
  1950K .......... .......... .......... .......... ..........  0% 2.31K 4d5h
  2000K .......... .......... .......... .......... ..........  0% 11.6K 4d3h
  2050K .......... .......... .......... .......... ..........  0% 2.12M 4d1h
  2100K .......... .......... .......... .......... ..........  0% 5.79K 4d0h
  2150K .......... .......... .......... .......... ..........  0% 11.6K 3d23h
  2200K .......... .......... .......... .......... ..........  0% 11.6K 3d22h
  2250K .......... .......... .......... .......... ..........  0% 2.35M 3d20h
  2300K .......... .......... .......... .......... ..........  0% 2.56M 3d18h
  2350K .......... .......... .......... .......... ..........  0% 2.90K 3d20h
  2400K .......... .......... .......... .......... ..........  0% 3.85K 3d20h
  2450K .......... .......... .......... .......... ..........  0% 5.79K 3d20h
  2500K .......... .......... .......... .......... ..........  0% 5.77K 3d20h
  2550K .......... .......... .......... .......... ..........  0% 11.6K 3d19h
  2600K .......... .......... .......... .......... ..........  0% 11.6K 3d18h
  2650K .......... .......... .......... .......... ..........  0% 5.79K 3d18h
  2700K .......... .......... .......... .......... ..........  0% 5.77K 3d18h
  2750K .......... .......... .......... .......... ..........  0% 11.6K 3d17h
  2800K .......... .......... .......... .......... ..........  0% 3.86K 3d18h
  2850K .......... .......... .......... .......... ..........  0% 11.5K 3d17h
  2900K .......... .......... .......... .......... ..........  0% 5.79K 3d17h
  2950K .......... .......... .......... .......... .........   0% 5.75K=9m4s

2025-02-25 22:33:26 (5.51 KB/s) - Connection closed at byte 3071804. Retrying.

--2025-02-25 22:33:27--  (try: 2)  https://esgf.ceda.ac.uk/thredds/fileServer/esg_cmip6/CMIP6/CMIP/CSIRO-ARCCSS/ACCESS-CM2/historical/r1i1p1f1/3hr/rsdsdiff/gn/v20210325/rsdsdiff_3hr_ACCESS-CM2_historical_r1i1p1f1_gn_200001010130-200912312230.nc
Connecting to esgf.ceda.ac.uk (esgf.ceda.ac.uk)|130.246.128.97|:443... connected.
HTTP request sent, awaiting response... 206 Partial Content
Length: 1817254282 (1.7G), 1814182478 (1.7G) remaining [application/octet-stream]
Saving to: ‘rsdsdiff_3hr_ACCESS-CM2_historical_r1i1p1f1_gn_200001010130-200912312230.nc’

        [ skipping 2950K ]
  2950K ,,,,,,,,,, ,,,,,,,,,, ,,,,,,,,,, ,,,,,,,,,, ,,,,,,,,,.  0% 21.6G 20s
  3000K .......... .......... .......... .......... ..........  0% 5.77K 3d12h
  3050K .......... .......... .......... .......... ..........  0% 11.6K 2d15h
  3100K .......... .......... .......... .......... ..........  0% 1.93K 5d7h
  3150K .......... .......... .......... .......... ..........  0% 5.78K 4d20h
  3200K .......... .......... .......... .......... ..........  0% 3.86K 4d23h
  3250K .......... .......... .......... .......... ..........  0% 11.5K 4d10h
  3300K .......... .......... .......... .......... ..........  0% 2.89K 4d19h
  3350K .......... .......... .......... .......... ..........  0% 2.89K 5d2h
  3400K .......... .......... .......... .......... ..........  0% 5.77K 4d22h
  3450K .......... .......... .......... .......... ..........  0% 5.78K 4d18h
  3500K .......... .......... .......... .......... ..........  0% 2.89K 4d23h
  3550K .......... .......... .......... .......... ..........  0% 5.78K 4d20h
  3600K .......... .......... .......... .......... ..........  0% 11.6K 4d15h
  3650K .......... .......... .......... .......... ..........  0% 5.78K 4d13h
  3700K .......... .......... .......... .......... ..........  0% 11.5K 4d8h
  3750K .......... .......... .......... .......... ..........  0% 3.86K 4d10h
  3800K .......... .......... .......... .......... ..........  0% 1.65K 4d21h
  3850K .......... .......... .......... .......... ..........  0% 2.31K 5d2h
  3900K .......... .......... .......... .......... ..........  0% 3.85K 5d3h
  3950K .......... .......... .......... .......... ..........  0% 2.89K 5d5h
  4000K .......... .......... .......... .......... ..........  0% 3.85K 5d5h
  4050K .......... .......... .......... .......... ..........  0% 11.5K 5d1h
  4100K .......... .......... .......... .......... ..........  0% 5.79K 5d0h
  4150K .......... .......... .......... .......... ..........  0% 5.77K 4d22h
  4200K .......... .......... .......... .......... ..........  0% 3.86K 4d23h
  4250K .......... .......... .......... .......... ..........  0% 2.31K 5d2h
  4300K .......... .......... .......... .......... ..........  0% 5.78K 5d1h
  4350K .......... .......... .......... .......... ..........  0% 2.89K 5d3h
  4400K .......... .......... .......... .......... ..........  0% 11.6K 5d0h
  4450K .......... .......... .......... .......... ..........  0% 5.78K 4d23h
  4500K .......... .......... .......... .......... ..........  0% 11.6K 4d20h
  4550K .......... .......... .......... .......... ..........  0% 3.86K 4d20h
  4600K .......... .......... .......... .......... ..........  0% 5.78K 4d19h
  4650K .......... .......... .......... .......... ..........  0% 5.79K 4d19h
  4700K .......... .......... .......... .......... ..........  0% 1.65K 5d0h
  4750K .......... .......... .......... .......... ..........  0% 2.89K 5d1h
  4800K .......... .......... .......... .......... ..........  0% 5.78K 5d0h
  4850K .......... .......... .......... .......... ..........  0% 1.65K 5d5h
  4900K .......... .......... .......... .......... ..........  0% 11.5K 5d3h
  4950K .......... .......... .......... .......... ..........  0% 2.31K 5d5h
  5000K .......... .......... .......... .......... ..........  0% 3.85K 5d5h
  5050K .......... .......... .......... .......... ..........  0% 5.78K 5d4h
  5100K .......... .......... .......... .......... ..........  0% 3.85K 5d4h
  5150K .......... .......... .......... .......... ..........  0% 3.86K 5d4h
  5200K .......... .......... .......... .......... ..........  0% 11.5K 5d2h
  5250K .......... .......... .......... .......... ..........  0% 2.31K 5d4h
  5300K .......... .......... .......... .......... ..........  0% 11.6K 5d2h
  5350K .......... .......... .......... .......... ..........  0% 2.31K 5d4h
  5400K .......... .......... .......... .......... ..........  0% 5.79K 5d4h
  5450K .......... .......... .......... .......... ..........  0% 3.85K 5d4h
  5500K .......... .......... .......... .......... ..........  0% 3.85K 5d4h
  5550K .......... .......... .......... .......... ..........  0% 11.5K 5d2h
  5600K .......... .......... .......... .......... ..........  0% 2.89K 5d3h
  5650K .......... .......... .......... .......... ..........  0% 1.65K 5d6h
  5700K .......... .......... .......... .......... ..........  0% 1.65K 5d9h
  5750K .......... .......... .......... .......... ..........  0% 3.85K 5d9h
  5800K .......... .......... .......... .......... ..........  0% 11.5K 5d8h
  5850K .......... .......... .......... .......... ..........  0% 2.89K 5d8h
  5900K .......... .......... .......... .......... ..........  0% 5.79K 5d8h
  5950K .......... .......... .......... .......... ..........  0% 2.31K 5d9h
  6000K .......... .......... .......... .......... ..........  0% 5.77K 5d8h
  6050K .......... .......... .......... .......... ..........  0% 1.96M 5d6h
  6100K .......... .......... .......... .......... ..........  0% 2.32K 5d8h
  6150K .......... .......... .......... .......... ..........  0% 5.78K 5d7h
  6200K .......... .......... .......... .......... ..........  0% 1.91M 5d5h
  6250K .......... .......... .......... .......... ..........  0% 2.32K 5d6h
  6300K .......... .......... .......... .......... ..........  0% 5.78K 5d6h
  6350K .......... .......... .......... .......... ..........  0% 1.45K 5d9h
  6400K .......... .......... .......... .......... ..........  0% 11.5K 5d8h
  6450K .......... .......... .......... .......... ..........  0% 3.86K 5d8h
  6500K .......... .......... .......... .......... ..........  0% 2.89K 5d8h
  6550K .......... .......... .......... .......... ..........  0% 1.92M 5d6h
  6600K .......... .......... .......... .......... ..........  0% 1.93K 5d8h
  6650K .......... .......... .......... .......... ..........  0% 5.78K 5d7h
  6700K .......... .......... .......... .......... ..........  0% 3.86K 5d7h
  6750K .......... .......... .......... .......... ..........  0% 2.31K 5d9h
  6800K .......... .......... .......... .......... ..........  0% 5.78K 5d8h
  6850K .......... .......... .......... .......... ..........  0% 2.89K 5d9h
  6900K .......... .......... .......... .......... ..........  0% 11.5K 5d7h
  6950K .......... .......... .......... .......... ..........  0% 2.89K 5d8h
  7000K .......... .......... .......... .......... ..........  0% 5.77K 5d7h
  7050K .......... .......... .......... .......... ..........  0% 5.78K 5d7h
  7100K .......... .......... .......... .......... ..........  0% 5.78K 5d6h
  7150K .......... .......... .......... .......... ..........  0% 5.79K 5d6h
  7200K .......... .......... .......... .......... ..........  0% 2.89K 5d6h
  7250K .......... .......... .......... .......... ..........  0% 3.85K 5d6h
  7300K .......... .......... .......... .......... ..........  0% 1.93M 5d5h
  7350K .......... .......... .......... .......... ..........  0% 11.6K 5d4h
  7400K .......... .......... .......... .......... ..........  0% 2.31K 5d5h
  7450K .......... .......... .......... .......... ..........  0% 2.31K 5d6h
  7500K .......... .......... .......... .......... ..........  0% 11.6K 5d5h
  7550K .......... .......... .......... .......... ..........  0% 5.78K 5d5h
  7600K .......... .......... .......... .......... ..........  0% 2.89K 5d5h
  7650K .......... .......... .......... .......... ..........  0% 5.78K 5d5h
  7700K .......... .......... .......... .......... ..........  0% 3.85K 5d5h
  7750K .......... .......... .......... .......... ..........  0% 3.85K 5d5h
  7800K .......... .......... .......... .......... ..........  0% 11.6K 5d4h
  7850K .......... .......... .......... .......... ..........  0% 11.5K 5d3h
  7900K .......... .......... .......... .......... ..........  0% 5.80K 5d3h
  7950K .......... .......... .......... .......... ..........  0% 11.5K 5d2h
  8000K .......... .......... .......... .......... ..........  0% 2.89K 5d2h
  8050K .......... .......... .......... .......... ..........  0% 2.89K 5d3h
  8100K .......... .......... .......... .......... ..........  0% 11.6K 5d2h
  8150K .......... .......... .......... .......... ..........  0% 1.65K 5d4h
  8200K .......... .......... .......... .......... ..........  0% 2.89K 5d4h
  8250K .......... .......... .......... .......... ..........  0% 2.89K 5d4h
  8300K .......... .......... .......... .......... ..........  0% 2.31K 5d5h
  8350K .......... .......... .......... .......... ..........  0% 3.85K 5d5h
  8400K .......... .......... .......... .......... ..........  0% 3.85K 5d5h
  8450K .......... .......... .......... .......... ..........  0% 1.93K 5d6h
  8500K .......... .......... .......... .......... ..........  0% 5.78K 5d6h
  8550K .......... .......... .......... .......... ..........  0% 5.78K 5d6h
  8600K .......... .......... .......... .......... ..........  0% 3.86K 5d6h
  8650K .......... .......... .......... .......... ..........  0% 2.89K 5d6h
  8700K .......... .......... .......... .......... ..........  0% 1.93K 5d7h
  8750K .......... .......... .......... .......... ..........  0% 1.93K 5d8h
  8800K .......... .......... .......... .......... ..........  0% 2.89K 5d9h
  8850K .......... .......... .......... .......... ..........  0% 2.89K 5d9h
  8900K .......... .......... .......... .......... ..........  0% 1.10M 5d8h
  8950K .......... .......... .......... .......... ..........  0% 3.87K 5d8h
  9000K .......... .......... .......... .......... ..........  0% 5.78K 5d7h
  9050K .......... .......... .......... .......... ..........  0% 1.65K 5d9h
  9100K .......... .......... .......... .......... ..........  0% 11.5K 5d8h
  9150K .......... .......... .......... .......... ..........  0% 3.86K 5d8h
  9200K .......... .......... .......... .......... ..........  0% 5.79K 5d8h
  9250K .......... .......... .......... .......... ..........  0% 1.93K 5d9h
  9300K .......... .......... .......... .......... ..........  0% 3.86K 5d9h
  9350K .......... .......... .......... .......... ..........  0% 1.93K 5d10h
  9400K .......... .......... .......... .......... ..........  0% 2.89K 5d10h
  9450K .......... .......... .......... .......... ..........  0% 2.89K 5d10h
  9500K .......... .......... .......... .......... ..........  0% 3.85K 5d10h
  9550K .......... .......... .......... .......... ..........  0% 2.31K 5d11h
  9600K .......... .......... .......... .......... ..........  0% 1.93K 5d12h
  9650K .......... .......... .......... .......... ..........  0% 2.31K 5d12h
  9700K .......... .......... .......... .......... ..........  0% 3.86K 5d12h
  9750K .......... .......... .......... .......... ..........  0% 3.86K 5d12h
  9800K .......... .......... .......... .......... ..........  0% 3.85K 5d12h
  9850K .......... .......... .......... .......... ..........  0% 5.78K 5d12h
  9900K .......... .......... .......... .......... ..........  0% 3.86K 5d12h
  9950K .......... .......... .......... .......... ..........  0% 5.78K 5d12h
 10000K .......... .......... .......... .......... ..........  0% 11.6K 5d11h
 10050K .......... .......... .......... .......... ..........  0% 1.65K 5d12h
 10100K .......... .......... .......... .......... ..........  0% 1.65K 5d13h
 10150K .......... .......... .......... .......... ..........  0% 5.78K 5d13h
 10200K .......... .......... .......... .......... ..........  0% 2.31K 5d13h
 10250K .......... .......... .......... .......... ..........  0% 11.5K 5d13h
 10300K .......... .......... .......... .......... ..........  0% 2.31K 5d13h
 10350K .......... .......... .......... .......... ..........  0% 2.31K 5d14h
 10400K .......... .......... .......... .......... ..........  0% 3.85K 5d14h
 10450K .......... .......... .......... .......... ..........  0% 5.77K 5d13h
 10500K .......... .......... .......... .......... ..........  0% 1.98M 5d13h
 10550K .......... .......... .......... .......... ..........  0% 2.90K 5d13h
 10600K .......... .......... .......... .......... ...         0% 5.02K=34m36s

2025-02-25 23:08:19 (3.68 KB/s) - Connection closed at byte 10898903. Retrying.

--2025-02-25 23:08:21--  (try: 3)  https://esgf.ceda.ac.uk/thredds/fileServer/esg_cmip6/CMIP6/CMIP/CSIRO-ARCCSS/ACCESS-CM2/historical/r1i1p1f1/3hr/rsdsdiff/gn/v20210325/rsdsdiff_3hr_ACCESS-CM2_historical_r1i1p1f1_gn_200001010130-200912312230.nc
Connecting to esgf.ceda.ac.uk (esgf.ceda.ac.uk)|130.246.128.97|:443... connected.
HTTP request sent, awaiting response... 206 Partial Content
Length: 1817254282 (1.7G), 1806355379 (1.7G) remaining [application/octet-stream]
Saving to: ‘rsdsdiff_3hr_ACCESS-CM2_historical_r1i1p1f1_gn_200001010130-200912312230.nc’

        [ skipping 10600K ]
 10600K ,,,,,,,,,, ,,,,,,,,,, ,,,,,,,,,, ,,,,,,,,,, ,,,.......  0% 22.8K 6d20h
 10650K .......... .......... .......... .......... ..........  0% 2.89K 7d0h
 10700K .......... .......... .......... .......... ..........  0% 5.78K 5d9h
 10750K .......... .......... .......... .......... ..........  0% 5.78K 4d19h
 10800K .......... .......... .......... .......... ..........  0% 11.6K 4d1h
 10850K .......... .......... .......... .......... ..........  0% 2.89K 4d15h
 10900K .......... .......... .......... .......... ..........  0% 11.6K 4d4h
 10950K .......... .......... .......... .......... ..........  0% 2.89K 4d13h
 11000K .......... .......... .......... .......... ..........  0% 2.89K 4d21h
 11050K .......... .......... .......... .......... ..........  0% 2.31K 5d7h
 11100K .......... .......... .......... .......... ..........  0% 5.78K 5d3h
 11150K .......... .......... .......... .......... ..........  0% 1.91M 4d16h
 11200K .......... .......... .......... .......... ..........  0% 5.79K 4d14h
 11250K .......... .......... .......... .......... ..........  0% 2.89K 4d18h
 11300K .......... .......... .......... .......... ..........  0% 3.86K 4d19h
 11350K .......... .......... .......... .......... ..........  0% 2.89K 4d23h
 11400K .......... .......... .......... .......... ..........  0% 11.5K 4d18h
 11450K .......... .......... .......... .......... ..........  0% 3.86K 4d19h
 11500K .......... .......... .......... .......... ..........  0% 3.86K 4d19h
 11550K .......... .......... .......... .......... ..........  0% 3.85K 4d20h
 11600K .......... .......... .......... .......... ..........  0% 2.89K 4d22h
 11650K .......... .......... .......... .......... ..........  0% 11.5K 4d19h
 11700K .......... .......... .......... .......... ..........  0% 3.86K 4d19h
 11750K .......... .......... .......... .......... ..........  0% 2.89K 4d22h
 11800K .......... .......... .......... .......... ..........  0% 3.85K 4d22h
 11850K .......... .......... .......... .......... ..........  0% 3.86K 4d22h
 11900K .......... .......... .......... .......... ..........  0% 2.31K 5d2h
 11950K .......... .......... .......... .......... ..........  0% 5.78K 5d0h
 12000K .......... .......... .......... .......... ..........  0% 3.85K 5d1h
 12050K .......... .......... .......... .......... ..........  0% 5.78K 4d23h
 12100K .......... .......... .......... .......... ..........  0% 1.80M 4d19h
 12150K .......... .......... .......... .......... ..........  0% 3.86K 4d20h
 12200K .......... .......... .......... .......... ..........  0% 1.93K 5d0h
 12250K .......... .......... .......... .......... ..........  0% 1.93K 5d4h
 12300K .......... .......... .......... .......... ..........  0% 3.85K 5d4h
 12350K .......... .......... .......... .......... ..........  0% 5.78K 5d3h
 12400K .......... .......... .......... .......... ..........  0% 5.78K 5d2h
 12450K .......... .......... .......... .......... ..........  0% 11.6K 5d0h
 12500K .......... .......... .......... .......... ..........  0% 1.93K 5d3h
 12550K .......... .......... .......... .......... ..........  0% 11.6K 5d1h
 12600K .......... .......... .......... .......... ..........  0% 11.5K 4d23h
 12650K .......... .......... .......... .......... ..........  0% 5.78K 4d22h
 12700K .......... .......... .......... .......... ..........  0% 11.5K 4d21h
 12750K .......... .......... .......... .......... ..........  0% 1.91M 4d18h
 12800K .......... .......... .......... .......... ..........  0% 11.6K 4d16h
 12850K .......... .......... .......... .......... ..........  0% 3.86K 4d17h
 12900K .......... .......... .......... .......... ..........  0% 5.78K 4d16h
 12950K .......... .......... .......... .......... ..........  0% 3.86K 4d16h
 13000K .......... .......... .......... .......... ..........  0% 5.78K 4d16h
 13050K .......... .......... .......... .......... ..........  0% 1.93K 4d18h
 13100K .......... .......... .......... .......... ..........  0% 3.85K 4d19h
 13150K .......... .......... .......... .......... ..........  0% 1.86M 4d16h
 13200K .......... .......... .......... .......... ..........  0% 11.7K 4d15h
 13250K .......... .......... .......... .......... ..........  0% 5.78K 4d15h
 13300K .......... .......... .......... .......... ..........  0% 2.31K 4d16h
 13350K .......... .......... .......... .......... ..........  0% 2.89K 4d17h
 13400K .......... .......... .......... .......... ..........  0% 3.86K 4d18h
 13450K .......... .......... .......... .......... ..........  0% 11.6K 4d16h
 13500K .......... .......... .......... .......... ..........  0% 2.31K 4d18h
 13550K .......... .......... .......... .......... ..........  0% 2.31K 4d20h
 13600K .......... .......... .......... .......... ..........  0% 2.89K 4d21h
 13650K .......... .......... .......... .......... ..........  0% 11.5K 4d19h
 13700K .......... .......... .......... .......... ..........  0% 5.79K 4d19h
 13750K .......... .......... .......... .......... ..........  0% 5.77K 4d18h
 13800K .......... .......... .......... .......... ..........  0% 11.6K 4d17h
 13850K .......... .......... .......... .......... ..........  0% 1.99M 4d16h
 13900K .......... .......... .......... .......... ..........  0% 5.80K 4d15h
 13950K .......... .......... .......... .......... ..........  0% 1.28K 4d19h
 14000K .......... .......... .......... .......... ..........  0% 11.5K 4d18h
 14050K .......... .......... .......... .......... ..........  0% 3.85K 4d18h
 14100K .......... .......... .......... .......... ..........  0% 3.85K 4d18h
 14150K .......... .......... .......... .......... ..........  0% 2.89K 4d19h
 14200K .......... .......... .......... .......... ..........  0% 5.77K 4d19h
 14250K .......... .......... .......... .......... ..........  0% 2.31K 4d20h
 14300K .......... .......... .......... .......... ..........  0% 11.5K 4d19h
 14350K .......... .......... .......... .......... ..........  0% 2.31K 4d20h
 14400K .......... .......... .......... .......... ..........  0% 3.85K 4d20h
 14450K .......... .......... .......... .......... ..........  0% 11.5K 4d19h
 14500K .......... .......... .......... .......... ..........  0% 5.80K 4d19h
 14550K .......... .......... .......... .......... ..........  0% 3.85K 4d19h
 14600K .......... .......... .......... .......... ..........  0% 5.78K 4d19h
 14650K .......... .......... .......... .......... ..........  0% 2.89K 4d19h
 14700K .......... .......... .......... .......... ..........  0% 3.85K 4d20h
 14750K .......... .......... .......... .......... ..........  0% 3.85K 4d20h
 14800K .......... .......... .......... .......... ..........  0% 5.78K 4d19h
 14850K .......... .......... .......... .......... ..........  0% 2.31K 4d20h
 14900K .......... .......... .......... .......... ..........  0% 3.85K 4d21h
 14950K .......... .......... .......... .......... ..........  0% 1.65K 4d23h
 15000K .......... .......... .......... .......... ..........  0% 2.31K 5d0h
 15050K .......... .......... .......... .......... ..........  0% 5.77K 4d23h
 15100K .......... .......... .......... .......... ..........  0% 2.89K 5d0h
 15150K .......... .......... .......... .......... ..........  0% 2.89K 5d0h
 15200K .......... .......... .......... .......... ..........  0% 5.78K 5d0h
 15250K .......... .......... .......... .......... ..........  0% 2.89K 5d0h
 15300K .......... .......... .......... .......... ..........  0% 11.5K 5d0h
 15350K .......... .......... .......... .......... ..........  0% 5.78K 4d23h
 15400K .......... .......... .......... .......... ..........  0% 3.86K 4d23h
 15450K .......... .......... .......... .......... ..........  0% 5.78K 4d23h
 15500K .......... .......... .......... .......... ..........  0% 3.85K 4d23h
 15550K .......... .......... .......... .......... ..........  0% 3.85K 4d23h
 15600K .......... .......... .......... .......... ..........  0% 3.85K 4d23h
 15650K .......... .......... .......... .......... ..........  0% 2.89K 5d0h
 15700K .......... .......... .......... .......... ..........  0% 2.31K 5d1h
 15750K .......... .......... .......... .......... ..........  0% 5.77K 5d0h
 15800K .......... .......... .......... .......... ..........  0% 11.6K 4d23h
 15850K .......... .......... .......... .......... ..........  0% 5.78K 4d23h
 15900K .......... .......... .......... .......... ..........  0% 3.85K 4d23h
 15950K .......... .......... .......... .......... ..........  0% 11.6K 4d22h
 16000K .......... .......... .......... .......... ..........  0% 2.31K 4d23h
 16050K .......... .......... .......... .......... ..........  0% 3.85K 4d23h
 16100K .......... .......... .......... .......... ..........  0% 2.31K 5d0h
 16150K .......... .......... .......... .......... ..........  0% 5.78K 5d0h
 16200K .......... .......... .......... .......... ..........  0% 3.85K 5d0h
 16250K .......... .......... .......... .......... ..........  0% 2.89K 5d0h
 16300K .......... .......... .......... .......... ..........  0% 2.31K 5d1h
 16350K .......... .......... .......... .......... ..........  0% 5.79K 5d1h
 16400K .......... .......... .......... .......... ..........  0% 11.6K 5d0h
 16450K .......... .......... .......... .......... ..........  0% 1.93K 5d1h
 16500K .......... .......... .......... .......... ..........  0% 11.5K 5d1h
 16550K .......... .......... .......... .......... ..........  0% 2.89K 5d1h
 16600K .......... .......... .......... .......... ..........  0% 5.78K 5d1h
 16650K .......... .......... .......... .......... ..........  0% 3.85K 5d1h
 16700K .......... .......... .......... .......... ..........  0% 2.31K 5d1h
 16750K .......... .......... .......... .......... ..........  0% 1.65K 5d3h
 16800K .......... .......... .......... .......... ..........  0% 2.89K 5d3h
 16850K .......... .......... .......... .......... ..........  0% 3.86K 5d3h
 16900K .......... .......... .......... .......... ..........  0% 3.85K 5d3h
 16950K .......... .......... .......... .......... ..........  0% 3.85K 5d3h
 17000K .......... .......... .......... .......... ..........  0% 5.78K 5d3h
 17050K .......... .......... .......... .......... ..........  0% 5.79K 5d3h
 17100K .......... .......... .......... .......... ..........  0% 5.78K 5d2h
 17150K .......... .......... .......... .......... ..........  0% 3.86K 5d2h
 17200K .......... .......... .......... .......... ..........  0% 2.89K 5d3h
 17250K .......... .......... .......... .......... ..........  0% 2.31K 5d3h
 17300K .......... .......... .......... .......... ..........  0% 1.93K 5d4h
 17350K .......... .......... .......... .......... ..........  0% 5.78K 5d4h
 17400K .......... .......... .......... .......... ..........  0% 5.77K 5d4h
 17450K .......... .......... .......... .......... ..........  0% 3.86K 5d4h
 17500K .......... .......... .......... .......... ..........  0% 11.5K 5d3h
 17550K .......... .......... .......... .......... ..........  0% 2.31K 5d4h
 17600K .......... .......... .......... .......... ..........  0% 3.85K 5d4h
 17650K .......... .......... .......... .......... ..........  0% 11.5K 5d3h
 17700K .......... .......... .......... .......... ..........  1% 1.93K 5d4h
 17750K .......... .......... .......... .......... ..........  1% 2.89K 5d4h
 17800K .......... .......... .......... .......... ..........  1% 2.31K 5d5h
 17850K .......... .......... .......... .......... ..........  1% 2.89K 5d5h
 17900K .......... .......... .......... .......... ..........  1% 3.85K 5d5h
 17950K .......... .......... .......... .......... ..........  1% 3.86K 5d5h
 18000K .......... .......... .......... .......... ..........  1% 11.5K 5d5h
 18050K .......... .......... .......... .......... ..........  1% 3.86K 5d5h
 18100K .......... .......... .......... .......... ..........  1% 5.79K 5d4h
 18150K .......... .......... .......... .......... ..........  1% 5.78K 5d4h
 18200K .......... .......... .......... .......... ..........  1% 2.89K 5d4h
 18250K .......... .......... .......... .......... ..........  1% 1.93K 5d5h
 18300K .......... .......... .......... .......... ..........  1% 3.85K 5d5h
 18350K .......... .......... .......... .......... ..........  1% 1.65K 5d6h
 18400K .......... .......... .......... .......... ..........  1% 5.78K 5d6h
 18450K .......... .......... .......... .......... ..........  1% 2.31K 5d7h
 18500K .......... .......... .......... .......... ..........  1% 1.95M 5d6h
 18550K .......... .......... .......... .......... ..........  1% 5.80K 5d6h
 18600K .......... .......... .......... .......... ..........  1% 11.5K 5d5h
 18650K .......... .......... .......... .......... ..........  1% 5.79K 5d5h
 18700K .......... .......... .......... .......... ..........  1% 3.86K 5d5h
 18750K .......... .......... .......... .......... ..........  1% 5.77K 5d5h
 18800K .......... .......... .......... .......... ..........  1% 1.65K 5d6h
 18850K .......... .......... .......... .......... ..........  1% 5.78K 5d5h
 18900K .......... .......... .......... .......... ..........  1% 2.10M 5d5h
 18950K .......... .......... .......... .......... ..........  1% 2.32K 5d5h
 19000K .......... .......... .......... .......... ..........  1% 3.85K 5d5h
 19050K .......... .......... .......... .......... ..........  1% 11.5K 5d5h
 19100K .......... .......... .......... .......... ..........  1% 11.6K 5d4h
 19150K .......... .......... .......... .......... ..........  1% 3.85K 5d4h
 19200K .......... .......... .......... .......... ..........  1% 11.5K 5d4h
 19250K .......... .......... .......... .......... ..........  1% 2.31K 5d4h
 19300K .......... .......... .......... .......... ..........  1% 1.93K 5d5h
 19350K .......... .......... .......... .......... ..........  1% 3.85K 5d5h
 19400K .......... .......... .......... .......... ..........  1% 3.86K 5d5h
 19450K .......... .......... .......... .......... ..........  1% 1.45K 5d6h
 19500K .......... .......... .......... .......... ..........  1% 11.5K 5d6h
 19550K .......... .......... .......... .......... ..........  1% 5.79K 5d5h
 19600K .......... .......... .......... .......... ..........  1% 5.78K 5d5h
 19650K .......... .......... .......... .......... ..........  1% 5.78K 5d5h
 19700K .......... .......... .......... .....                  1% 1.99M=38m49s

2025-02-25 23:47:18 (3.90 KB/s) - Connection closed at byte 20208753. Giving up.

2010 2019
https://esgf.ceda.ac.uk/thredds/fileServer/esg_cmip6/CMIP6/CMIP/CSIRO-ARCCSS/ACCESS-CM2/historical/r1i1p1f1/3hr/rsds/gn/v20210325
201001010130-201912312230
--2025-02-25 23:47:18--  https://esgf.ceda.ac.uk/thredds/fileServer/esg_cmip6/CMIP6/CMIP/CSIRO-ARCCSS/ACCESS-CM2/historical/r1i1p1f1/3hr/rsds/gn/v20210325/rsds_3hr_ACCESS-CM2_historical_r1i1p1f1_gn_201001010130-201912312230.nc
Resolving esgf.ceda.ac.uk (esgf.ceda.ac.uk)... 130.246.128.97
Connecting to esgf.ceda.ac.uk (esgf.ceda.ac.uk)|130.246.128.97|:443... connected.
HTTP request sent, awaiting response... 404 Not Found
2025-02-25 23:47:19 ERROR 404: Not Found.

https://esgf.ceda.ac.uk/thredds/fileServer/esg_cmip6/CMIP6/CMIP/CSIRO-ARCCSS/ACCESS-CM2/historical/r1i1p1f1/3hr/rsdsdiff/gn/v20210325
201001010130-201912312230
--2025-02-25 23:47:23--  https://esgf.ceda.ac.uk/thredds/fileServer/esg_cmip6/CMIP6/CMIP/CSIRO-ARCCSS/ACCESS-CM2/historical/r1i1p1f1/3hr/rsdsdiff/gn/v20210325/rsdsdiff_3hr_ACCESS-CM2_historical_r1i1p1f1_gn_201001010130-201912312230.nc
Resolving esgf.ceda.ac.uk (esgf.ceda.ac.uk)... 130.246.128.97
Connecting to esgf.ceda.ac.uk (esgf.ceda.ac.uk)|130.246.128.97|:443... connected.
HTTP request sent, awaiting response... 404 Not Found
2025-02-25 23:47:23 ERROR 404: Not Found.

1980 1990
https://esgf.ceda.ac.uk/thredds/fileServer/esg_cmip6/CMIP6/CMIP/CSIRO-ARCCSS/ACCESS-CM2/historical/r1i1p1f1/3hr/tas/gn/v20210325
198001010300-199001010000
File ‘tas_3hr_ACCESS-CM2_historical_r1i1p1f1_gn_198001010300-199001010000.nc’ already there; not retrieving.

Before Increment: yearTAS=1980, yearP10TAS=1990
After Increment: yearTAS=1990, yearP10TAS=2000
1990 2000
https://esgf.ceda.ac.uk/thredds/fileServer/esg_cmip6/CMIP6/CMIP/CSIRO-ARCCSS/ACCESS-CM2/historical/r1i1p1f1/3hr/tas/gn/v20210325
199001010300-200001010000
File ‘tas_3hr_ACCESS-CM2_historical_r1i1p1f1_gn_199001010300-200001010000.nc’ already there; not retrieving.

Before Increment: yearTAS=1990, yearP10TAS=2000
After Increment: yearTAS=2000, yearP10TAS=2010
2000 2010
https://esgf.ceda.ac.uk/thredds/fileServer/esg_cmip6/CMIP6/CMIP/CSIRO-ARCCSS/ACCESS-CM2/historical/r1i1p1f1/3hr/tas/gn/v20210325
200001010300-201001010000
File ‘tas_3hr_ACCESS-CM2_historical_r1i1p1f1_gn_200001010300-201001010000.nc’ already there; not retrieving.

Before Increment: yearTAS=2000, yearP10TAS=2010
After Increment: yearTAS=2010, yearP10TAS=2020
2010 2020
https://esgf.ceda.ac.uk/thredds/fileServer/esg_cmip6/CMIP6/CMIP/CSIRO-ARCCSS/ACCESS-CM2/historical/r1i1p1f1/3hr/tas/gn/v20210325
201001010300-202001010000
--2025-02-25 23:47:44--  https://esgf.ceda.ac.uk/thredds/fileServer/esg_cmip6/CMIP6/CMIP/CSIRO-ARCCSS/ACCESS-CM2/historical/r1i1p1f1/3hr/tas/gn/v20210325/tas_3hr_ACCESS-CM2_historical_r1i1p1f1_gn_201001010300-202001010000.nc
Resolving esgf.ceda.ac.uk (esgf.ceda.ac.uk)... 130.246.128.97
Connecting to esgf.ceda.ac.uk (esgf.ceda.ac.uk)|130.246.128.97|:443... connected.
HTTP request sent, awaiting response... 404 Not Found
2025-02-25 23:47:44 ERROR 404: Not Found.

Before Increment: yearTAS=2010, yearP10TAS=2020
After Increment: yearTAS=2020, yearP10TAS=2030
2010 2014
https://esgf.ceda.ac.uk/thredds/fileServer/esg_cmip6/CMIP6/CMIP/CSIRO-ARCCSS/ACCESS-CM2/historical/r1i1p1f1/3hr/rsds/gn/v20210325
201001010130-201412312230
File ‘rsds_3hr_ACCESS-CM2_historical_r1i1p1f1_gn_201001010130-201412312230.nc’ already there; not retrieving.

2010 2015
https://esgf.ceda.ac.uk/thredds/fileServer/esg_cmip6/CMIP6/CMIP/CSIRO-ARCCSS/ACCESS-CM2/historical/r1i1p1f1/3hr/tas/gn/v20210325
201001010300-201501010000
File ‘tas_3hr_ACCESS-CM2_historical_r1i1p1f1_gn_201001010300-201501010000.nc’ already there; not retrieving.

2015 2020
https://esgf.ceda.ac.uk/thredds/fileServer/esg_cmip6/CMIP6/CMIP/CSIRO-ARCCSS/ACCESS-CM2/historical/r1i1p1f1/3hr/tas/gn/v20210325
201501010300-202001010000
--2025-02-25 23:47:49--  https://esgf.ceda.ac.uk/thredds/fileServer/esg_cmip6/CMIP6/CMIP/CSIRO-ARCCSS/ACCESS-CM2/historical/r1i1p1f1/3hr/tas/gn/v20210325/tas_3hr_ACCESS-CM2_historical_r1i1p1f1_gn_201501010300-202001010000.nc
Resolving esgf.ceda.ac.uk (esgf.ceda.ac.uk)... 130.246.128.97
Connecting to esgf.ceda.ac.uk (esgf.ceda.ac.uk)|130.246.128.97|:443... connected.
HTTP request sent, awaiting response... 404 Not Found
2025-02-25 23:47:49 ERROR 404: Not Found.

