Lmod has detected the following error: The following module(s) are unknown:
"python/3.13.1"

Please check the spelling or version number. Also try "module spider ..."
It is also possible your cache file is out-of-date; it may help to try:
  $ module --ignore-cache load "python/3.13.1"

Also make sure that all modulefiles written in TCL start with the string
#%Module



/home/s233224/anaconda3/envs/atlite_cmip6_2025/lib/python3.13/site-packages/esmpy/interface/loadESMF.py:94: VersionWarning: ESMF installation version 8.8.0, ESMPy version 8.8.0b0
  warnings.warn("ESMF installation version {}, ESMPy version {}".format(
/home/s233224/anaconda3/envs/atlite_cmip6_2025/lib/python3.13/site-packages/xesmf/frontend.py:718: UserWarning: Using dimensions ('y', 'x') from data variable influx_direct as the horizontal dimensions for the regridding.
  warnings.warn(
/home/s233224/anaconda3/envs/atlite_cmip6_2025/lib/python3.13/site-packages/xesmf/frontend.py:718: UserWarning: Using dimensions ('y', 'x') from data variable influx_diffuse as the horizontal dimensions for the regridding.
  warnings.warn(
/home/s233224/anaconda3/envs/atlite_cmip6_2025/lib/python3.13/site-packages/xesmf/frontend.py:718: UserWarning: Using dimensions ('y', 'x') from data variable influx_direct as the horizontal dimensions for the regridding.
  warnings.warn(
/home/s233224/anaconda3/envs/atlite_cmip6_2025/lib/python3.13/site-packages/xesmf/frontend.py:718: UserWarning: Using dimensions ('y', 'x') from data variable influx_diffuse as the horizontal dimensions for the regridding.
  warnings.warn(
/home/s233224/anaconda3/envs/atlite_cmip6_2025/lib/python3.13/site-packages/xesmf/frontend.py:718: UserWarning: Using dimensions ('lat', 'lon') from data variable None as the horizontal dimensions for the regridding.
  warnings.warn(
/home/s233224/anaconda3/envs/atlite_cmip6_2025/lib/python3.13/site-packages/xesmf/frontend.py:718: UserWarning: Using dimensions ('lat', 'lon') from data variable None as the horizontal dimensions for the regridding.
  warnings.warn(
INFO:root:Saved total bias factor to /work/users/s233224/Climate-Change-Impacted-Solar-Energy-Generation/bias_factors/bias_factor_era5_ACCESS-CM2_total.nc
INFO:root:Computed and saved bias factor for model ACCESS-CM2, variable influx_direct
/home/s233224/anaconda3/envs/atlite_cmip6_2025/lib/python3.13/site-packages/xesmf/frontend.py:718: UserWarning: Using dimensions ('y', 'x') from data variable influx_direct as the horizontal dimensions for the regridding.
  warnings.warn(
/home/s233224/anaconda3/envs/atlite_cmip6_2025/lib/python3.13/site-packages/xesmf/frontend.py:718: UserWarning: Using dimensions ('y', 'x') from data variable influx_diffuse as the horizontal dimensions for the regridding.
  warnings.warn(
/home/s233224/anaconda3/envs/atlite_cmip6_2025/lib/python3.13/site-packages/xesmf/frontend.py:718: UserWarning: Using dimensions ('lat', 'lon') from data variable None as the horizontal dimensions for the regridding.
  warnings.warn(
/home/s233224/anaconda3/envs/atlite_cmip6_2025/lib/python3.13/site-packages/xesmf/frontend.py:718: UserWarning: Using dimensions ('lat', 'lon') from data variable None as the horizontal dimensions for the regridding.
  warnings.warn(
INFO:root:Saved total bias factor to /work/users/s233224/Climate-Change-Impacted-Solar-Energy-Generation/bias_factors/bias_factor_era5_CanESM5_total.nc
INFO:root:Computed and saved bias factor for model CanESM5, variable influx_direct
/home/s233224/anaconda3/envs/atlite_cmip6_2025/lib/python3.13/site-packages/xesmf/frontend.py:718: UserWarning: Using dimensions ('y', 'x') from data variable influx_direct as the horizontal dimensions for the regridding.
  warnings.warn(
/home/s233224/anaconda3/envs/atlite_cmip6_2025/lib/python3.13/site-packages/xesmf/frontend.py:718: UserWarning: Using dimensions ('y', 'x') from data variable influx_diffuse as the horizontal dimensions for the regridding.
  warnings.warn(
/home/s233224/anaconda3/envs/atlite_cmip6_2025/lib/python3.13/site-packages/xesmf/frontend.py:718: UserWarning: Using dimensions ('lat', 'lon') from data variable None as the horizontal dimensions for the regridding.
  warnings.warn(
/home/s233224/anaconda3/envs/atlite_cmip6_2025/lib/python3.13/site-packages/xesmf/frontend.py:718: UserWarning: Using dimensions ('lat', 'lon') from data variable None as the horizontal dimensions for the regridding.
  warnings.warn(
INFO:root:Saved total bias factor to /work/users/s233224/Climate-Change-Impacted-Solar-Energy-Generation/bias_factors/bias_factor_era5_CMCC-CM2-SR5_total.nc
INFO:root:Computed and saved bias factor for model CMCC-CM2-SR5, variable influx_direct
/home/s233224/anaconda3/envs/atlite_cmip6_2025/lib/python3.13/site-packages/xesmf/frontend.py:718: UserWarning: Using dimensions ('y', 'x') from data variable influx_direct as the horizontal dimensions for the regridding.
  warnings.warn(
/home/s233224/anaconda3/envs/atlite_cmip6_2025/lib/python3.13/site-packages/xesmf/frontend.py:718: UserWarning: Using dimensions ('y', 'x') from data variable influx_diffuse as the horizontal dimensions for the regridding.
  warnings.warn(
/home/s233224/anaconda3/envs/atlite_cmip6_2025/lib/python3.13/site-packages/xesmf/frontend.py:718: UserWarning: Using dimensions ('lat', 'lon') from data variable None as the horizontal dimensions for the regridding.
  warnings.warn(
/home/s233224/anaconda3/envs/atlite_cmip6_2025/lib/python3.13/site-packages/xesmf/frontend.py:718: UserWarning: Using dimensions ('lat', 'lon') from data variable None as the horizontal dimensions for the regridding.
  warnings.warn(
INFO:root:Saved total bias factor to /work/users/s233224/Climate-Change-Impacted-Solar-Energy-Generation/bias_factors/bias_factor_era5_CMCC-ESM2_total.nc
INFO:root:Computed and saved bias factor for model CMCC-ESM2, variable influx_direct
/home/s233224/anaconda3/envs/atlite_cmip6_2025/lib/python3.13/site-packages/xesmf/frontend.py:718: UserWarning: Using dimensions ('y', 'x') from data variable influx_direct as the horizontal dimensions for the regridding.
  warnings.warn(
/home/s233224/anaconda3/envs/atlite_cmip6_2025/lib/python3.13/site-packages/xesmf/frontend.py:718: UserWarning: Using dimensions ('y', 'x') from data variable influx_diffuse as the horizontal dimensions for the regridding.
  warnings.warn(
/home/s233224/anaconda3/envs/atlite_cmip6_2025/lib/python3.13/site-packages/xesmf/frontend.py:718: UserWarning: Using dimensions ('lat', 'lon') from data variable None as the horizontal dimensions for the regridding.
  warnings.warn(
/home/s233224/anaconda3/envs/atlite_cmip6_2025/lib/python3.13/site-packages/xesmf/frontend.py:718: UserWarning: Using dimensions ('lat', 'lon') from data variable None as the horizontal dimensions for the regridding.
  warnings.warn(
INFO:root:Saved total bias factor to /work/users/s233224/Climate-Change-Impacted-Solar-Energy-Generation/bias_factors/bias_factor_era5_HadGEM3-GC31-LL_total.nc
INFO:root:Computed and saved bias factor for model HadGEM3-GC31-LL, variable influx_direct
/home/s233224/anaconda3/envs/atlite_cmip6_2025/lib/python3.13/site-packages/xesmf/frontend.py:718: UserWarning: Using dimensions ('y', 'x') from data variable influx_direct as the horizontal dimensions for the regridding.
  warnings.warn(
/home/s233224/anaconda3/envs/atlite_cmip6_2025/lib/python3.13/site-packages/xesmf/frontend.py:718: UserWarning: Using dimensions ('y', 'x') from data variable influx_diffuse as the horizontal dimensions for the regridding.
  warnings.warn(
/home/s233224/anaconda3/envs/atlite_cmip6_2025/lib/python3.13/site-packages/xesmf/frontend.py:718: UserWarning: Using dimensions ('lat', 'lon') from data variable None as the horizontal dimensions for the regridding.
  warnings.warn(
/home/s233224/anaconda3/envs/atlite_cmip6_2025/lib/python3.13/site-packages/xesmf/frontend.py:718: UserWarning: Using dimensions ('lat', 'lon') from data variable None as the horizontal dimensions for the regridding.
  warnings.warn(
INFO:root:Saved total bias factor to /work/users/s233224/Climate-Change-Impacted-Solar-Energy-Generation/bias_factors/bias_factor_era5_HadGEM3-GC31-MM_total.nc
INFO:root:Computed and saved bias factor for model HadGEM3-GC31-MM, variable influx_direct
/home/s233224/anaconda3/envs/atlite_cmip6_2025/lib/python3.13/site-packages/xesmf/frontend.py:718: UserWarning: Using dimensions ('y', 'x') from data variable influx_direct as the horizontal dimensions for the regridding.
  warnings.warn(
/home/s233224/anaconda3/envs/atlite_cmip6_2025/lib/python3.13/site-packages/xesmf/frontend.py:718: UserWarning: Using dimensions ('y', 'x') from data variable influx_diffuse as the horizontal dimensions for the regridding.
  warnings.warn(
/home/s233224/anaconda3/envs/atlite_cmip6_2025/lib/python3.13/site-packages/xesmf/frontend.py:718: UserWarning: Using dimensions ('lat', 'lon') from data variable None as the horizontal dimensions for the regridding.
  warnings.warn(
/home/s233224/anaconda3/envs/atlite_cmip6_2025/lib/python3.13/site-packages/xesmf/frontend.py:718: UserWarning: Using dimensions ('lat', 'lon') from data variable None as the horizontal dimensions for the regridding.
  warnings.warn(
INFO:root:Saved total bias factor to /work/users/s233224/Climate-Change-Impacted-Solar-Energy-Generation/bias_factors/bias_factor_era5_MRI-ESM2-0_total.nc
INFO:root:Computed and saved bias factor for model MRI-ESM2-0, variable influx_direct
/home/s233224/anaconda3/envs/atlite_cmip6_2025/lib/python3.13/site-packages/xesmf/frontend.py:718: UserWarning: Using dimensions ('y', 'x') from data variable influx_diffuse as the horizontal dimensions for the regridding.
  warnings.warn(
/home/s233224/anaconda3/envs/atlite_cmip6_2025/lib/python3.13/site-packages/xesmf/frontend.py:718: UserWarning: Using dimensions ('y', 'x') from data variable influx_diffuse as the horizontal dimensions for the regridding.
  warnings.warn(
/home/s233224/anaconda3/envs/atlite_cmip6_2025/lib/python3.13/site-packages/xesmf/frontend.py:718: UserWarning: Using dimensions ('y', 'x') from data variable influx_diffuse as the horizontal dimensions for the regridding.
  warnings.warn(
/home/s233224/anaconda3/envs/atlite_cmip6_2025/lib/python3.13/site-packages/xesmf/frontend.py:718: UserWarning: Using dimensions ('y', 'x') from data variable influx_diffuse as the horizontal dimensions for the regridding.
  warnings.warn(
/home/s233224/anaconda3/envs/atlite_cmip6_2025/lib/python3.13/site-packages/xesmf/frontend.py:718: UserWarning: Using dimensions ('lat', 'lon') from data variable None as the horizontal dimensions for the regridding.
  warnings.warn(
/home/s233224/anaconda3/envs/atlite_cmip6_2025/lib/python3.13/site-packages/xesmf/frontend.py:718: UserWarning: Using dimensions ('lat', 'lon') from data variable None as the horizontal dimensions for the regridding.
  warnings.warn(
INFO:root:Saved total bias factor to /work/users/s233224/Climate-Change-Impacted-Solar-Energy-Generation/bias_factors/bias_factor_era5_ACCESS-CM2_total.nc
INFO:root:Computed and saved bias factor for model ACCESS-CM2, variable influx_diffuse
/home/s233224/anaconda3/envs/atlite_cmip6_2025/lib/python3.13/site-packages/xesmf/frontend.py:718: UserWarning: Using dimensions ('y', 'x') from data variable influx_diffuse as the horizontal dimensions for the regridding.
  warnings.warn(
/home/s233224/anaconda3/envs/atlite_cmip6_2025/lib/python3.13/site-packages/xesmf/frontend.py:718: UserWarning: Using dimensions ('y', 'x') from data variable influx_diffuse as the horizontal dimensions for the regridding.
  warnings.warn(
/home/s233224/anaconda3/envs/atlite_cmip6_2025/lib/python3.13/site-packages/xesmf/frontend.py:718: UserWarning: Using dimensions ('lat', 'lon') from data variable None as the horizontal dimensions for the regridding.
  warnings.warn(
/home/s233224/anaconda3/envs/atlite_cmip6_2025/lib/python3.13/site-packages/xesmf/frontend.py:718: UserWarning: Using dimensions ('lat', 'lon') from data variable None as the horizontal dimensions for the regridding.
  warnings.warn(
INFO:root:Saved individual bias factor to /work/users/s233224/Climate-Change-Impacted-Solar-Energy-Generation/bias_factors/bias_factor_era5_CanESM5_influx_diffuse.nc
INFO:root:Saved total bias factor to /work/users/s233224/Climate-Change-Impacted-Solar-Energy-Generation/bias_factors/bias_factor_era5_CanESM5_total.nc
INFO:root:Computed and saved bias factor for model CanESM5, variable influx_diffuse
/home/s233224/anaconda3/envs/atlite_cmip6_2025/lib/python3.13/site-packages/xesmf/frontend.py:718: UserWarning: Using dimensions ('y', 'x') from data variable influx_diffuse as the horizontal dimensions for the regridding.
  warnings.warn(
/home/s233224/anaconda3/envs/atlite_cmip6_2025/lib/python3.13/site-packages/xesmf/frontend.py:718: UserWarning: Using dimensions ('y', 'x') from data variable influx_diffuse as the horizontal dimensions for the regridding.
  warnings.warn(
/home/s233224/anaconda3/envs/atlite_cmip6_2025/lib/python3.13/site-packages/xesmf/frontend.py:718: UserWarning: Using dimensions ('lat', 'lon') from data variable None as the horizontal dimensions for the regridding.
  warnings.warn(
/home/s233224/anaconda3/envs/atlite_cmip6_2025/lib/python3.13/site-packages/xesmf/frontend.py:718: UserWarning: Using dimensions ('lat', 'lon') from data variable None as the horizontal dimensions for the regridding.
  warnings.warn(
INFO:root:Saved individual bias factor to /work/users/s233224/Climate-Change-Impacted-Solar-Energy-Generation/bias_factors/bias_factor_era5_CMCC-CM2-SR5_influx_diffuse.nc
INFO:root:Saved total bias factor to /work/users/s233224/Climate-Change-Impacted-Solar-Energy-Generation/bias_factors/bias_factor_era5_CMCC-CM2-SR5_total.nc
INFO:root:Computed and saved bias factor for model CMCC-CM2-SR5, variable influx_diffuse
/home/s233224/anaconda3/envs/atlite_cmip6_2025/lib/python3.13/site-packages/xesmf/frontend.py:718: UserWarning: Using dimensions ('y', 'x') from data variable influx_diffuse as the horizontal dimensions for the regridding.
  warnings.warn(
/home/s233224/anaconda3/envs/atlite_cmip6_2025/lib/python3.13/site-packages/xesmf/frontend.py:718: UserWarning: Using dimensions ('y', 'x') from data variable influx_diffuse as the horizontal dimensions for the regridding.
  warnings.warn(
/home/s233224/anaconda3/envs/atlite_cmip6_2025/lib/python3.13/site-packages/xesmf/frontend.py:718: UserWarning: Using dimensions ('lat', 'lon') from data variable None as the horizontal dimensions for the regridding.
  warnings.warn(
/home/s233224/anaconda3/envs/atlite_cmip6_2025/lib/python3.13/site-packages/xesmf/frontend.py:718: UserWarning: Using dimensions ('lat', 'lon') from data variable None as the horizontal dimensions for the regridding.
  warnings.warn(
INFO:root:Saved individual bias factor to /work/users/s233224/Climate-Change-Impacted-Solar-Energy-Generation/bias_factors/bias_factor_era5_CMCC-ESM2_influx_diffuse.nc
INFO:root:Saved total bias factor to /work/users/s233224/Climate-Change-Impacted-Solar-Energy-Generation/bias_factors/bias_factor_era5_CMCC-ESM2_total.nc
INFO:root:Computed and saved bias factor for model CMCC-ESM2, variable influx_diffuse
/home/s233224/anaconda3/envs/atlite_cmip6_2025/lib/python3.13/site-packages/xesmf/frontend.py:718: UserWarning: Using dimensions ('y', 'x') from data variable influx_diffuse as the horizontal dimensions for the regridding.
  warnings.warn(
/home/s233224/anaconda3/envs/atlite_cmip6_2025/lib/python3.13/site-packages/xesmf/frontend.py:718: UserWarning: Using dimensions ('y', 'x') from data variable influx_diffuse as the horizontal dimensions for the regridding.
  warnings.warn(
/home/s233224/anaconda3/envs/atlite_cmip6_2025/lib/python3.13/site-packages/xesmf/frontend.py:718: UserWarning: Using dimensions ('lat', 'lon') from data variable None as the horizontal dimensions for the regridding.
  warnings.warn(
/home/s233224/anaconda3/envs/atlite_cmip6_2025/lib/python3.13/site-packages/xesmf/frontend.py:718: UserWarning: Using dimensions ('lat', 'lon') from data variable None as the horizontal dimensions for the regridding.
  warnings.warn(
INFO:root:Saved individual bias factor to /work/users/s233224/Climate-Change-Impacted-Solar-Energy-Generation/bias_factors/bias_factor_era5_HadGEM3-GC31-LL_influx_diffuse.nc
INFO:root:Saved total bias factor to /work/users/s233224/Climate-Change-Impacted-Solar-Energy-Generation/bias_factors/bias_factor_era5_HadGEM3-GC31-LL_total.nc
INFO:root:Computed and saved bias factor for model HadGEM3-GC31-LL, variable influx_diffuse
/home/s233224/anaconda3/envs/atlite_cmip6_2025/lib/python3.13/site-packages/xesmf/frontend.py:718: UserWarning: Using dimensions ('y', 'x') from data variable influx_diffuse as the horizontal dimensions for the regridding.
  warnings.warn(
/home/s233224/anaconda3/envs/atlite_cmip6_2025/lib/python3.13/site-packages/xesmf/frontend.py:718: UserWarning: Using dimensions ('y', 'x') from data variable influx_diffuse as the horizontal dimensions for the regridding.
  warnings.warn(
/home/s233224/anaconda3/envs/atlite_cmip6_2025/lib/python3.13/site-packages/xesmf/frontend.py:718: UserWarning: Using dimensions ('lat', 'lon') from data variable None as the horizontal dimensions for the regridding.
  warnings.warn(
/home/s233224/anaconda3/envs/atlite_cmip6_2025/lib/python3.13/site-packages/xesmf/frontend.py:718: UserWarning: Using dimensions ('lat', 'lon') from data variable None as the horizontal dimensions for the regridding.
  warnings.warn(
INFO:root:Saved individual bias factor to /work/users/s233224/Climate-Change-Impacted-Solar-Energy-Generation/bias_factors/bias_factor_era5_HadGEM3-GC31-MM_influx_diffuse.nc
INFO:root:Saved total bias factor to /work/users/s233224/Climate-Change-Impacted-Solar-Energy-Generation/bias_factors/bias_factor_era5_HadGEM3-GC31-MM_total.nc
INFO:root:Computed and saved bias factor for model HadGEM3-GC31-MM, variable influx_diffuse
/home/s233224/anaconda3/envs/atlite_cmip6_2025/lib/python3.13/site-packages/xesmf/frontend.py:718: UserWarning: Using dimensions ('y', 'x') from data variable influx_diffuse as the horizontal dimensions for the regridding.
  warnings.warn(
/home/s233224/anaconda3/envs/atlite_cmip6_2025/lib/python3.13/site-packages/xesmf/frontend.py:718: UserWarning: Using dimensions ('y', 'x') from data variable influx_diffuse as the horizontal dimensions for the regridding.
  warnings.warn(
/home/s233224/anaconda3/envs/atlite_cmip6_2025/lib/python3.13/site-packages/xesmf/frontend.py:718: UserWarning: Using dimensions ('lat', 'lon') from data variable None as the horizontal dimensions for the regridding.
  warnings.warn(
/home/s233224/anaconda3/envs/atlite_cmip6_2025/lib/python3.13/site-packages/xesmf/frontend.py:718: UserWarning: Using dimensions ('lat', 'lon') from data variable None as the horizontal dimensions for the regridding.
  warnings.warn(
INFO:root:Saved individual bias factor to /work/users/s233224/Climate-Change-Impacted-Solar-Energy-Generation/bias_factors/bias_factor_era5_MRI-ESM2-0_influx_diffuse.nc
INFO:root:Saved total bias factor to /work/users/s233224/Climate-Change-Impacted-Solar-Energy-Generation/bias_factors/bias_factor_era5_MRI-ESM2-0_total.nc
INFO:root:Computed and saved bias factor for model MRI-ESM2-0, variable influx_diffuse
INFO:root:Set bias_factor_era5_sarah_result to 1 for variable temperature and CMIP variable tas
/home/s233224/anaconda3/envs/atlite_cmip6_2025/lib/python3.13/site-packages/xesmf/frontend.py:718: UserWarning: Using dimensions ('y', 'x') from data variable temperature as the horizontal dimensions for the regridding.
  warnings.warn(
/home/s233224/anaconda3/envs/atlite_cmip6_2025/lib/python3.13/site-packages/xesmf/frontend.py:718: UserWarning: Using dimensions ('y', 'x') from data variable influx_diffuse as the horizontal dimensions for the regridding.
  warnings.warn(
/home/s233224/anaconda3/envs/atlite_cmip6_2025/lib/python3.13/site-packages/xesmf/frontend.py:718: UserWarning: Using dimensions ('lat', 'lon') from data variable None as the horizontal dimensions for the regridding.
  warnings.warn(
/home/s233224/anaconda3/envs/atlite_cmip6_2025/lib/python3.13/site-packages/xesmf/frontend.py:718: UserWarning: Using dimensions ('lat', 'lon') from data variable None as the horizontal dimensions for the regridding.
  warnings.warn(
INFO:root:Saved individual bias factor to /work/users/s233224/Climate-Change-Impacted-Solar-Energy-Generation/bias_factors/bias_factor_era5_ACCESS-CM2_temperature.nc
INFO:root:Saved total bias factor to /work/users/s233224/Climate-Change-Impacted-Solar-Energy-Generation/bias_factors/bias_factor_era5_ACCESS-CM2_total.nc
INFO:root:Computed and saved bias factor for model ACCESS-CM2, variable temperature
/home/s233224/anaconda3/envs/atlite_cmip6_2025/lib/python3.13/site-packages/xesmf/frontend.py:718: UserWarning: Using dimensions ('y', 'x') from data variable temperature as the horizontal dimensions for the regridding.
  warnings.warn(
/home/s233224/anaconda3/envs/atlite_cmip6_2025/lib/python3.13/site-packages/xesmf/frontend.py:718: UserWarning: Using dimensions ('y', 'x') from data variable influx_diffuse as the horizontal dimensions for the regridding.
  warnings.warn(
/home/s233224/anaconda3/envs/atlite_cmip6_2025/lib/python3.13/site-packages/xesmf/frontend.py:718: UserWarning: Using dimensions ('lat', 'lon') from data variable None as the horizontal dimensions for the regridding.
  warnings.warn(
/home/s233224/anaconda3/envs/atlite_cmip6_2025/lib/python3.13/site-packages/xesmf/frontend.py:718: UserWarning: Using dimensions ('lat', 'lon') from data variable None as the horizontal dimensions for the regridding.
  warnings.warn(
INFO:root:Saved individual bias factor to /work/users/s233224/Climate-Change-Impacted-Solar-Energy-Generation/bias_factors/bias_factor_era5_CanESM5_temperature.nc
