Running wget_script_2025-2-28_11-15-37.sh version: 1.3.2
Use wget_script_2025-2-28_11-15-37.sh -h for help.

Script created for 18 file(s)
(The count won't match if you manually edit this file!)



Retrieving Federation Certificates...--2025-02-28 11:30:19--  https://github.com/ESGF/esgf-dist/raw/master/installer/certs/esg-truststore.ts
Resolving github.com (github.com)... 140.82.121.3
Connecting to github.com (github.com)|140.82.121.3|:443... connected.
HTTP request sent, awaiting response... 302 Found
Location: https://raw.githubusercontent.com/ESGF/esgf-dist/master/installer/certs/esg-truststore.ts [following]
--2025-02-28 11:30:20--  https://raw.githubusercontent.com/ESGF/esgf-dist/master/installer/certs/esg-truststore.ts
Resolving raw.githubusercontent.com (raw.githubusercontent.com)... 185.199.109.133, 185.199.110.133, 185.199.111.133, ...
Connecting to raw.githubusercontent.com (raw.githubusercontent.com)|185.199.109.133|:443... connected.
HTTP request sent, awaiting response... 200 OK
Length: 35962 (35K) [video/mp2t]
Saving to: ‘/home/s233224/.esg/esg-truststore.ts’

     0K .......... .......... .......... .....                100%  542K=0.06s

2025-02-28 11:30:20 (542 KB/s) - ‘/home/s233224/.esg/esg-truststore.ts’ saved [35962/35962]

done!


rsds_3hr_CMCC-CM2-SR5_ssp585_r1i1p1f1_gn_201501010130-201912312230.nc ...Downloading
  sha256 ok. done!
rsds_3hr_CMCC-CM2-SR5_ssp585_r1i1p1f1_gn_202001010130-202412312230.nc ...Downloading
  sha256 ok. done!
rsds_3hr_CMCC-CM2-SR5_ssp585_r1i1p1f1_gn_202501010130-202912312230.nc ...Downloading
  sha256 ok. done!
rsds_3hr_CMCC-CM2-SR5_ssp585_r1i1p1f1_gn_203001010130-203412312230.nc ...Downloading
  sha256 ok. done!
rsds_3hr_CMCC-CM2-SR5_ssp585_r1i1p1f1_gn_203501010130-203912312230.nc ...Downloading
  sha256 ok. done!
rsds_3hr_CMCC-CM2-SR5_ssp585_r1i1p1f1_gn_204001010130-204412312230.nc ...Downloading
  sha256 ok. done!
rsds_3hr_CMCC-CM2-SR5_ssp585_r1i1p1f1_gn_204501010130-204912312230.nc ...Downloading
  sha256 ok. done!
rsds_3hr_CMCC-CM2-SR5_ssp585_r1i1p1f1_gn_205001010130-205412312230.nc ...Downloading
  sha256 ok. done!
rsds_3hr_CMCC-CM2-SR5_ssp585_r1i1p1f1_gn_205501010130-205912312230.nc ...Downloading
  sha256 ok. done!
rsds_3hr_CMCC-CM2-SR5_ssp585_r1i1p1f1_gn_206001010130-206412312230.nc ...Downloading
  sha256 ok. done!
rsds_3hr_CMCC-CM2-SR5_ssp585_r1i1p1f1_gn_206501010130-206912312230.nc ...Downloading
  sha256 ok. done!
rsds_3hr_CMCC-CM2-SR5_ssp585_r1i1p1f1_gn_207001010130-207412312230.nc ...Downloading
  sha256 ok. done!
rsds_3hr_CMCC-CM2-SR5_ssp585_r1i1p1f1_gn_207501010130-207912312230.nc ...Downloading
  sha256 ok. done!
rsds_3hr_CMCC-CM2-SR5_ssp585_r1i1p1f1_gn_208001010130-208412312230.nc ...Downloading
  sha256 ok. done!
rsds_3hr_CMCC-CM2-SR5_ssp585_r1i1p1f1_gn_208501010130-208912312230.nc ...Downloading
  sha256 ok. done!
rsds_3hr_CMCC-CM2-SR5_ssp585_r1i1p1f1_gn_209001010130-209412312230.nc ...Downloading
  sha256 ok. done!
rsds_3hr_CMCC-CM2-SR5_ssp585_r1i1p1f1_gn_209501010130-209912312230.nc ...Downloading
  sha256 ok. done!
rsds_3hr_CMCC-CM2-SR5_ssp585_r1i1p1f1_gn_210001010130-210012312230.nc ...Downloading
  sha256 ok. done!
done
