Running wget_script_2025-3-3_16-42-33.sh version: 1.3.2
Use wget_script_2025-3-3_16-42-33.sh -h for help.

Script created for 29 file(s)
(The count won't match if you manually edit this file!)



Retrieving Federation Certificates...--2025-03-03 16:44:38--  https://github.com/ESGF/esgf-dist/raw/master/installer/certs/esg-truststore.ts
Resolving github.com (github.com)... 140.82.121.4
Connecting to github.com (github.com)|140.82.121.4|:443... connected.
HTTP request sent, awaiting response... 302 Found
Location: https://raw.githubusercontent.com/ESGF/esgf-dist/master/installer/certs/esg-truststore.ts [following]
--2025-03-03 16:44:38--  https://raw.githubusercontent.com/ESGF/esgf-dist/master/installer/certs/esg-truststore.ts
Resolving raw.githubusercontent.com (raw.githubusercontent.com)... 185.199.109.133, 185.199.110.133, 185.199.111.133, ...
Connecting to raw.githubusercontent.com (raw.githubusercontent.com)|185.199.109.133|:443... connected.
HTTP request sent, awaiting response... 200 OK
Length: 35962 (35K) [video/mp2t]
Saving to: ‘/home/s233224/.esg/esg-truststore.ts’

     0K .......... .......... .......... .....                100% 1.09M=0.03s

2025-03-03 16:44:38 (1.09 MB/s) - ‘/home/s233224/.esg/esg-truststore.ts’ saved [35962/35962]

mv: cannot overwrite non-directory ‘/home/s233224/.esg/certificates’ with directory ‘/home/s233224/.esg/esg_trusted_certificates’
done!


rsds_3hr_MRI-ESM2-0_ssp585_r1i1p1f1_gn_201501010130-202412312230.nc ...Downloading
  sha256 ok. done!
rsds_3hr_MRI-ESM2-0_ssp585_r1i1p1f1_gn_202501010130-203412312230.nc ...Downloading
  sha256 ok. done!
rsds_3hr_MRI-ESM2-0_ssp585_r1i1p1f1_gn_203501010130-204412312230.nc ...Downloading
  sha256 ok. done!
rsds_3hr_MRI-ESM2-0_ssp585_r1i1p1f1_gn_204501010130-205412312230.nc ...Downloading
  sha256 ok. done!
rsds_3hr_MRI-ESM2-0_ssp585_r1i1p1f1_gn_205501010130-206412312230.nc ...Downloading
  sha256 ok. done!
rsds_3hr_MRI-ESM2-0_ssp585_r1i1p1f1_gn_206501010130-207412312230.nc ...Downloading
  sha256 ok. done!
rsds_3hr_MRI-ESM2-0_ssp585_r1i1p1f1_gn_207501010130-208412312230.nc ...Downloading
  sha256 ok. done!
rsds_3hr_MRI-ESM2-0_ssp585_r1i1p1f1_gn_208501010130-209412312230.nc ...Downloading
  sha256 ok. done!
rsds_3hr_MRI-ESM2-0_ssp585_r1i1p1f1_gn_209501010130-210012312230.nc ...Downloading
  sha256 ok. done!
rsds_3hr_MRI-ESM2-0_ssp585_r1i1p1f1_gn_210101010130-211012312230.nc ...Downloading
  sha256 ok. done!
rsds_3hr_MRI-ESM2-0_ssp585_r1i1p1f1_gn_211101010130-212012312230.nc ...Downloading
  sha256 ok. done!
rsds_3hr_MRI-ESM2-0_ssp585_r1i1p1f1_gn_212101010130-213012312230.nc ...Downloading
  sha256 ok. done!
rsds_3hr_MRI-ESM2-0_ssp585_r1i1p1f1_gn_213101010130-214012312230.nc ...Downloading
  sha256 ok. done!
rsds_3hr_MRI-ESM2-0_ssp585_r1i1p1f1_gn_214101010130-215012312230.nc ...Downloading
  sha256 ok. done!
rsds_3hr_MRI-ESM2-0_ssp585_r1i1p1f1_gn_215101010130-216012312230.nc ...Downloading
  sha256 ok. done!
rsds_3hr_MRI-ESM2-0_ssp585_r1i1p1f1_gn_216101010130-217012312230.nc ...Downloading
  sha256 ok. done!
rsds_3hr_MRI-ESM2-0_ssp585_r1i1p1f1_gn_217101010130-218012312230.nc ...Downloading
  sha256 ok. done!
rsds_3hr_MRI-ESM2-0_ssp585_r1i1p1f1_gn_218101010130-219012312230.nc ...Downloading
slurmstepd: error: *** JOB 3372637 ON sn536 CANCELLED AT 2025-03-03T17:50:43 ***
