Lmod has detected the following error: The following module(s) are unknown:
"python/3.13.1"

Please check the spelling or version number. Also try "module spider ..."
It is also possible your cache file is out-of-date; it may help to try:
  $ module --ignore-cache load "python/3.13.1"

Also make sure that all modulefiles written in TCL start with the string
#%Module



/home/s233224/anaconda3/envs/atlite_cmip6_2025/lib/python3.13/site-packages/esmpy/interface/loadESMF.py:94: VersionWarning: ESMF installation version 8.8.0, ESMPy version 8.8.0b0
  warnings.warn("ESMF installation version {}, ESMPy version {}".format(
/home/s233224/anaconda3/envs/atlite_cmip6_2025/lib/python3.13/site-packages/xesmf/frontend.py:718: UserWarning: Using dimensions ('y', 'x') from data variable albedo as the horizontal dimensions for the regridding.
  warnings.warn(
/work/users/s233224/Climate-Change-Impacted-Solar-Energy-Generation/power_calculation.py:72: FutureWarning: The return type of `Dataset.dims` will be changed to return a set of dimension names in future, in order to be more consistent with `DataArray.dims`. To access a mapping from dimension names to lengths, please use `Dataset.sizes`.
  time_dim = ds.dims["time"]
/work/users/s233224/Climate-Change-Impacted-Solar-Energy-Generation/power_calculation.py:78: FutureWarning: 'H' is deprecated and will be removed in a future version, please use 'h' instead.
  time_axis = pd.date_range(start=datetime(year, 1, 1, 1, 30), periods=time_dim, freq="3H")
/work/users/s233224/Climate-Change-Impacted-Solar-Energy-Generation/power_calculation.py:72: FutureWarning: The return type of `Dataset.dims` will be changed to return a set of dimension names in future, in order to be more consistent with `DataArray.dims`. To access a mapping from dimension names to lengths, please use `Dataset.sizes`.
  time_dim = ds.dims["time"]
/work/users/s233224/Climate-Change-Impacted-Solar-Energy-Generation/power_calculation.py:78: FutureWarning: 'H' is deprecated and will be removed in a future version, please use 'h' instead.
  time_axis = pd.date_range(start=datetime(year, 1, 1, 1, 30), periods=time_dim, freq="3H")
/work/users/s233224/Climate-Change-Impacted-Solar-Energy-Generation/power_calculation.py:72: FutureWarning: The return type of `Dataset.dims` will be changed to return a set of dimension names in future, in order to be more consistent with `DataArray.dims`. To access a mapping from dimension names to lengths, please use `Dataset.sizes`.
  time_dim = ds.dims["time"]
/work/users/s233224/Climate-Change-Impacted-Solar-Energy-Generation/power_calculation.py:78: FutureWarning: 'H' is deprecated and will be removed in a future version, please use 'h' instead.
  time_axis = pd.date_range(start=datetime(year, 1, 1, 1, 30), periods=time_dim, freq="3H")
/work/users/s233224/Climate-Change-Impacted-Solar-Energy-Generation/power_calculation.py:72: FutureWarning: The return type of `Dataset.dims` will be changed to return a set of dimension names in future, in order to be more consistent with `DataArray.dims`. To access a mapping from dimension names to lengths, please use `Dataset.sizes`.
  time_dim = ds.dims["time"]
/work/users/s233224/Climate-Change-Impacted-Solar-Energy-Generation/power_calculation.py:78: FutureWarning: 'H' is deprecated and will be removed in a future version, please use 'h' instead.
  time_axis = pd.date_range(start=datetime(year, 1, 1, 1, 30), periods=time_dim, freq="3H")
/work/users/s233224/Climate-Change-Impacted-Solar-Energy-Generation/power_calculation.py:72: FutureWarning: The return type of `Dataset.dims` will be changed to return a set of dimension names in future, in order to be more consistent with `DataArray.dims`. To access a mapping from dimension names to lengths, please use `Dataset.sizes`.
  time_dim = ds.dims["time"]
/work/users/s233224/Climate-Change-Impacted-Solar-Energy-Generation/power_calculation.py:78: FutureWarning: 'H' is deprecated and will be removed in a future version, please use 'h' instead.
  time_axis = pd.date_range(start=datetime(year, 1, 1, 1, 30), periods=time_dim, freq="3H")
/work/users/s233224/Climate-Change-Impacted-Solar-Energy-Generation/power_calculation.py:72: FutureWarning: The return type of `Dataset.dims` will be changed to return a set of dimension names in future, in order to be more consistent with `DataArray.dims`. To access a mapping from dimension names to lengths, please use `Dataset.sizes`.
  time_dim = ds.dims["time"]
/work/users/s233224/Climate-Change-Impacted-Solar-Energy-Generation/power_calculation.py:78: FutureWarning: 'H' is deprecated and will be removed in a future version, please use 'h' instead.
  time_axis = pd.date_range(start=datetime(year, 1, 1, 1, 30), periods=time_dim, freq="3H")
/work/users/s233224/Climate-Change-Impacted-Solar-Energy-Generation/power_calculation.py:72: FutureWarning: The return type of `Dataset.dims` will be changed to return a set of dimension names in future, in order to be more consistent with `DataArray.dims`. To access a mapping from dimension names to lengths, please use `Dataset.sizes`.
  time_dim = ds.dims["time"]
/work/users/s233224/Climate-Change-Impacted-Solar-Energy-Generation/power_calculation.py:78: FutureWarning: 'H' is deprecated and will be removed in a future version, please use 'h' instead.
  time_axis = pd.date_range(start=datetime(year, 1, 1, 1, 30), periods=time_dim, freq="3H")
/work/users/s233224/Climate-Change-Impacted-Solar-Energy-Generation/power_calculation.py:72: FutureWarning: The return type of `Dataset.dims` will be changed to return a set of dimension names in future, in order to be more consistent with `DataArray.dims`. To access a mapping from dimension names to lengths, please use `Dataset.sizes`.
  time_dim = ds.dims["time"]
/work/users/s233224/Climate-Change-Impacted-Solar-Energy-Generation/power_calculation.py:78: FutureWarning: 'H' is deprecated and will be removed in a future version, please use 'h' instead.
  time_axis = pd.date_range(start=datetime(year, 1, 1, 1, 30), periods=time_dim, freq="3H")
/work/users/s233224/Climate-Change-Impacted-Solar-Energy-Generation/power_calculation.py:72: FutureWarning: The return type of `Dataset.dims` will be changed to return a set of dimension names in future, in order to be more consistent with `DataArray.dims`. To access a mapping from dimension names to lengths, please use `Dataset.sizes`.
  time_dim = ds.dims["time"]
/work/users/s233224/Climate-Change-Impacted-Solar-Energy-Generation/power_calculation.py:78: FutureWarning: 'H' is deprecated and will be removed in a future version, please use 'h' instead.
  time_axis = pd.date_range(start=datetime(year, 1, 1, 1, 30), periods=time_dim, freq="3H")
/work/users/s233224/Climate-Change-Impacted-Solar-Energy-Generation/power_calculation.py:72: FutureWarning: The return type of `Dataset.dims` will be changed to return a set of dimension names in future, in order to be more consistent with `DataArray.dims`. To access a mapping from dimension names to lengths, please use `Dataset.sizes`.
  time_dim = ds.dims["time"]
/work/users/s233224/Climate-Change-Impacted-Solar-Energy-Generation/power_calculation.py:78: FutureWarning: 'H' is deprecated and will be removed in a future version, please use 'h' instead.
  time_axis = pd.date_range(start=datetime(year, 1, 1, 1, 30), periods=time_dim, freq="3H")
/work/users/s233224/Climate-Change-Impacted-Solar-Energy-Generation/power_calculation.py:72: FutureWarning: The return type of `Dataset.dims` will be changed to return a set of dimension names in future, in order to be more consistent with `DataArray.dims`. To access a mapping from dimension names to lengths, please use `Dataset.sizes`.
  time_dim = ds.dims["time"]
/work/users/s233224/Climate-Change-Impacted-Solar-Energy-Generation/power_calculation.py:78: FutureWarning: 'H' is deprecated and will be removed in a future version, please use 'h' instead.
  time_axis = pd.date_range(start=datetime(year, 1, 1, 1, 30), periods=time_dim, freq="3H")
/work/users/s233224/Climate-Change-Impacted-Solar-Energy-Generation/power_calculation.py:72: FutureWarning: The return type of `Dataset.dims` will be changed to return a set of dimension names in future, in order to be more consistent with `DataArray.dims`. To access a mapping from dimension names to lengths, please use `Dataset.sizes`.
  time_dim = ds.dims["time"]
/work/users/s233224/Climate-Change-Impacted-Solar-Energy-Generation/power_calculation.py:78: FutureWarning: 'H' is deprecated and will be removed in a future version, please use 'h' instead.
  time_axis = pd.date_range(start=datetime(year, 1, 1, 1, 30), periods=time_dim, freq="3H")
/work/users/s233224/Climate-Change-Impacted-Solar-Energy-Generation/power_calculation.py:72: FutureWarning: The return type of `Dataset.dims` will be changed to return a set of dimension names in future, in order to be more consistent with `DataArray.dims`. To access a mapping from dimension names to lengths, please use `Dataset.sizes`.
  time_dim = ds.dims["time"]
/work/users/s233224/Climate-Change-Impacted-Solar-Energy-Generation/power_calculation.py:78: FutureWarning: 'H' is deprecated and will be removed in a future version, please use 'h' instead.
  time_axis = pd.date_range(start=datetime(year, 1, 1, 1, 30), periods=time_dim, freq="3H")
/work/users/s233224/Climate-Change-Impacted-Solar-Energy-Generation/power_calculation.py:72: FutureWarning: The return type of `Dataset.dims` will be changed to return a set of dimension names in future, in order to be more consistent with `DataArray.dims`. To access a mapping from dimension names to lengths, please use `Dataset.sizes`.
  time_dim = ds.dims["time"]
/work/users/s233224/Climate-Change-Impacted-Solar-Energy-Generation/power_calculation.py:78: FutureWarning: 'H' is deprecated and will be removed in a future version, please use 'h' instead.
  time_axis = pd.date_range(start=datetime(year, 1, 1, 1, 30), periods=time_dim, freq="3H")
/work/users/s233224/Climate-Change-Impacted-Solar-Energy-Generation/power_calculation.py:72: FutureWarning: The return type of `Dataset.dims` will be changed to return a set of dimension names in future, in order to be more consistent with `DataArray.dims`. To access a mapping from dimension names to lengths, please use `Dataset.sizes`.
  time_dim = ds.dims["time"]
/work/users/s233224/Climate-Change-Impacted-Solar-Energy-Generation/power_calculation.py:78: FutureWarning: 'H' is deprecated and will be removed in a future version, please use 'h' instead.
  time_axis = pd.date_range(start=datetime(year, 1, 1, 1, 30), periods=time_dim, freq="3H")
/work/users/s233224/Climate-Change-Impacted-Solar-Energy-Generation/power_calculation.py:72: FutureWarning: The return type of `Dataset.dims` will be changed to return a set of dimension names in future, in order to be more consistent with `DataArray.dims`. To access a mapping from dimension names to lengths, please use `Dataset.sizes`.
  time_dim = ds.dims["time"]
/work/users/s233224/Climate-Change-Impacted-Solar-Energy-Generation/power_calculation.py:78: FutureWarning: 'H' is deprecated and will be removed in a future version, please use 'h' instead.
  time_axis = pd.date_range(start=datetime(year, 1, 1, 1, 30), periods=time_dim, freq="3H")
/work/users/s233224/Climate-Change-Impacted-Solar-Energy-Generation/power_calculation.py:72: FutureWarning: The return type of `Dataset.dims` will be changed to return a set of dimension names in future, in order to be more consistent with `DataArray.dims`. To access a mapping from dimension names to lengths, please use `Dataset.sizes`.
  time_dim = ds.dims["time"]
/work/users/s233224/Climate-Change-Impacted-Solar-Energy-Generation/power_calculation.py:78: FutureWarning: 'H' is deprecated and will be removed in a future version, please use 'h' instead.
  time_axis = pd.date_range(start=datetime(year, 1, 1, 1, 30), periods=time_dim, freq="3H")
/work/users/s233224/Climate-Change-Impacted-Solar-Energy-Generation/power_calculation.py:72: FutureWarning: The return type of `Dataset.dims` will be changed to return a set of dimension names in future, in order to be more consistent with `DataArray.dims`. To access a mapping from dimension names to lengths, please use `Dataset.sizes`.
  time_dim = ds.dims["time"]
/work/users/s233224/Climate-Change-Impacted-Solar-Energy-Generation/power_calculation.py:78: FutureWarning: 'H' is deprecated and will be removed in a future version, please use 'h' instead.
  time_axis = pd.date_range(start=datetime(year, 1, 1, 1, 30), periods=time_dim, freq="3H")
/work/users/s233224/Climate-Change-Impacted-Solar-Energy-Generation/power_calculation.py:72: FutureWarning: The return type of `Dataset.dims` will be changed to return a set of dimension names in future, in order to be more consistent with `DataArray.dims`. To access a mapping from dimension names to lengths, please use `Dataset.sizes`.
  time_dim = ds.dims["time"]
/work/users/s233224/Climate-Change-Impacted-Solar-Energy-Generation/power_calculation.py:78: FutureWarning: 'H' is deprecated and will be removed in a future version, please use 'h' instead.
  time_axis = pd.date_range(start=datetime(year, 1, 1, 1, 30), periods=time_dim, freq="3H")
/work/users/s233224/Climate-Change-Impacted-Solar-Energy-Generation/power_calculation.py:72: FutureWarning: The return type of `Dataset.dims` will be changed to return a set of dimension names in future, in order to be more consistent with `DataArray.dims`. To access a mapping from dimension names to lengths, please use `Dataset.sizes`.
  time_dim = ds.dims["time"]
/work/users/s233224/Climate-Change-Impacted-Solar-Energy-Generation/power_calculation.py:78: FutureWarning: 'H' is deprecated and will be removed in a future version, please use 'h' instead.
  time_axis = pd.date_range(start=datetime(year, 1, 1, 1, 30), periods=time_dim, freq="3H")
/work/users/s233224/Climate-Change-Impacted-Solar-Energy-Generation/power_calculation.py:72: FutureWarning: The return type of `Dataset.dims` will be changed to return a set of dimension names in future, in order to be more consistent with `DataArray.dims`. To access a mapping from dimension names to lengths, please use `Dataset.sizes`.
  time_dim = ds.dims["time"]
/work/users/s233224/Climate-Change-Impacted-Solar-Energy-Generation/power_calculation.py:78: FutureWarning: 'H' is deprecated and will be removed in a future version, please use 'h' instead.
  time_axis = pd.date_range(start=datetime(year, 1, 1, 1, 30), periods=time_dim, freq="3H")
/work/users/s233224/Climate-Change-Impacted-Solar-Energy-Generation/power_calculation.py:72: FutureWarning: The return type of `Dataset.dims` will be changed to return a set of dimension names in future, in order to be more consistent with `DataArray.dims`. To access a mapping from dimension names to lengths, please use `Dataset.sizes`.
  time_dim = ds.dims["time"]
/work/users/s233224/Climate-Change-Impacted-Solar-Energy-Generation/power_calculation.py:78: FutureWarning: 'H' is deprecated and will be removed in a future version, please use 'h' instead.
  time_axis = pd.date_range(start=datetime(year, 1, 1, 1, 30), periods=time_dim, freq="3H")
/work/users/s233224/Climate-Change-Impacted-Solar-Energy-Generation/power_calculation.py:72: FutureWarning: The return type of `Dataset.dims` will be changed to return a set of dimension names in future, in order to be more consistent with `DataArray.dims`. To access a mapping from dimension names to lengths, please use `Dataset.sizes`.
  time_dim = ds.dims["time"]
/work/users/s233224/Climate-Change-Impacted-Solar-Energy-Generation/power_calculation.py:78: FutureWarning: 'H' is deprecated and will be removed in a future version, please use 'h' instead.
  time_axis = pd.date_range(start=datetime(year, 1, 1, 1, 30), periods=time_dim, freq="3H")
/work/users/s233224/Climate-Change-Impacted-Solar-Energy-Generation/power_calculation.py:72: FutureWarning: The return type of `Dataset.dims` will be changed to return a set of dimension names in future, in order to be more consistent with `DataArray.dims`. To access a mapping from dimension names to lengths, please use `Dataset.sizes`.
  time_dim = ds.dims["time"]
/work/users/s233224/Climate-Change-Impacted-Solar-Energy-Generation/power_calculation.py:78: FutureWarning: 'H' is deprecated and will be removed in a future version, please use 'h' instead.
  time_axis = pd.date_range(start=datetime(year, 1, 1, 1, 30), periods=time_dim, freq="3H")
/work/users/s233224/Climate-Change-Impacted-Solar-Energy-Generation/power_calculation.py:72: FutureWarning: The return type of `Dataset.dims` will be changed to return a set of dimension names in future, in order to be more consistent with `DataArray.dims`. To access a mapping from dimension names to lengths, please use `Dataset.sizes`.
  time_dim = ds.dims["time"]
/work/users/s233224/Climate-Change-Impacted-Solar-Energy-Generation/power_calculation.py:78: FutureWarning: 'H' is deprecated and will be removed in a future version, please use 'h' instead.
  time_axis = pd.date_range(start=datetime(year, 1, 1, 1, 30), periods=time_dim, freq="3H")
/work/users/s233224/Climate-Change-Impacted-Solar-Energy-Generation/power_calculation.py:72: FutureWarning: The return type of `Dataset.dims` will be changed to return a set of dimension names in future, in order to be more consistent with `DataArray.dims`. To access a mapping from dimension names to lengths, please use `Dataset.sizes`.
  time_dim = ds.dims["time"]
/work/users/s233224/Climate-Change-Impacted-Solar-Energy-Generation/power_calculation.py:78: FutureWarning: 'H' is deprecated and will be removed in a future version, please use 'h' instead.
  time_axis = pd.date_range(start=datetime(year, 1, 1, 1, 30), periods=time_dim, freq="3H")
/work/users/s233224/Climate-Change-Impacted-Solar-Energy-Generation/power_calculation.py:72: FutureWarning: The return type of `Dataset.dims` will be changed to return a set of dimension names in future, in order to be more consistent with `DataArray.dims`. To access a mapping from dimension names to lengths, please use `Dataset.sizes`.
  time_dim = ds.dims["time"]
/work/users/s233224/Climate-Change-Impacted-Solar-Energy-Generation/power_calculation.py:78: FutureWarning: 'H' is deprecated and will be removed in a future version, please use 'h' instead.
  time_axis = pd.date_range(start=datetime(year, 1, 1, 1, 30), periods=time_dim, freq="3H")
/work/users/s233224/Climate-Change-Impacted-Solar-Energy-Generation/power_calculation.py:72: FutureWarning: The return type of `Dataset.dims` will be changed to return a set of dimension names in future, in order to be more consistent with `DataArray.dims`. To access a mapping from dimension names to lengths, please use `Dataset.sizes`.
  time_dim = ds.dims["time"]
/work/users/s233224/Climate-Change-Impacted-Solar-Energy-Generation/power_calculation.py:78: FutureWarning: 'H' is deprecated and will be removed in a future version, please use 'h' instead.
  time_axis = pd.date_range(start=datetime(year, 1, 1, 1, 30), periods=time_dim, freq="3H")
/work/users/s233224/Climate-Change-Impacted-Solar-Energy-Generation/power_calculation.py:72: FutureWarning: The return type of `Dataset.dims` will be changed to return a set of dimension names in future, in order to be more consistent with `DataArray.dims`. To access a mapping from dimension names to lengths, please use `Dataset.sizes`.
  time_dim = ds.dims["time"]
/work/users/s233224/Climate-Change-Impacted-Solar-Energy-Generation/power_calculation.py:78: FutureWarning: 'H' is deprecated and will be removed in a future version, please use 'h' instead.
  time_axis = pd.date_range(start=datetime(year, 1, 1, 1, 30), periods=time_dim, freq="3H")
/work/users/s233224/Climate-Change-Impacted-Solar-Energy-Generation/power_calculation.py:72: FutureWarning: The return type of `Dataset.dims` will be changed to return a set of dimension names in future, in order to be more consistent with `DataArray.dims`. To access a mapping from dimension names to lengths, please use `Dataset.sizes`.
  time_dim = ds.dims["time"]
/work/users/s233224/Climate-Change-Impacted-Solar-Energy-Generation/power_calculation.py:78: FutureWarning: 'H' is deprecated and will be removed in a future version, please use 'h' instead.
  time_axis = pd.date_range(start=datetime(year, 1, 1, 1, 30), periods=time_dim, freq="3H")
/work/users/s233224/Climate-Change-Impacted-Solar-Energy-Generation/power_calculation.py:72: FutureWarning: The return type of `Dataset.dims` will be changed to return a set of dimension names in future, in order to be more consistent with `DataArray.dims`. To access a mapping from dimension names to lengths, please use `Dataset.sizes`.
  time_dim = ds.dims["time"]
/work/users/s233224/Climate-Change-Impacted-Solar-Energy-Generation/power_calculation.py:78: FutureWarning: 'H' is deprecated and will be removed in a future version, please use 'h' instead.
  time_axis = pd.date_range(start=datetime(year, 1, 1, 1, 30), periods=time_dim, freq="3H")
/work/users/s233224/Climate-Change-Impacted-Solar-Energy-Generation/power_calculation.py:72: FutureWarning: The return type of `Dataset.dims` will be changed to return a set of dimension names in future, in order to be more consistent with `DataArray.dims`. To access a mapping from dimension names to lengths, please use `Dataset.sizes`.
  time_dim = ds.dims["time"]
/work/users/s233224/Climate-Change-Impacted-Solar-Energy-Generation/power_calculation.py:78: FutureWarning: 'H' is deprecated and will be removed in a future version, please use 'h' instead.
  time_axis = pd.date_range(start=datetime(year, 1, 1, 1, 30), periods=time_dim, freq="3H")
/work/users/s233224/Climate-Change-Impacted-Solar-Energy-Generation/power_calculation.py:72: FutureWarning: The return type of `Dataset.dims` will be changed to return a set of dimension names in future, in order to be more consistent with `DataArray.dims`. To access a mapping from dimension names to lengths, please use `Dataset.sizes`.
  time_dim = ds.dims["time"]
/work/users/s233224/Climate-Change-Impacted-Solar-Energy-Generation/power_calculation.py:78: FutureWarning: 'H' is deprecated and will be removed in a future version, please use 'h' instead.
  time_axis = pd.date_range(start=datetime(year, 1, 1, 1, 30), periods=time_dim, freq="3H")
/work/users/s233224/Climate-Change-Impacted-Solar-Energy-Generation/power_calculation.py:72: FutureWarning: The return type of `Dataset.dims` will be changed to return a set of dimension names in future, in order to be more consistent with `DataArray.dims`. To access a mapping from dimension names to lengths, please use `Dataset.sizes`.
  time_dim = ds.dims["time"]
/work/users/s233224/Climate-Change-Impacted-Solar-Energy-Generation/power_calculation.py:78: FutureWarning: 'H' is deprecated and will be removed in a future version, please use 'h' instead.
  time_axis = pd.date_range(start=datetime(year, 1, 1, 1, 30), periods=time_dim, freq="3H")
/work/users/s233224/Climate-Change-Impacted-Solar-Energy-Generation/power_calculation.py:72: FutureWarning: The return type of `Dataset.dims` will be changed to return a set of dimension names in future, in order to be more consistent with `DataArray.dims`. To access a mapping from dimension names to lengths, please use `Dataset.sizes`.
  time_dim = ds.dims["time"]
/work/users/s233224/Climate-Change-Impacted-Solar-Energy-Generation/power_calculation.py:78: FutureWarning: 'H' is deprecated and will be removed in a future version, please use 'h' instead.
  time_axis = pd.date_range(start=datetime(year, 1, 1, 1, 30), periods=time_dim, freq="3H")
/work/users/s233224/Climate-Change-Impacted-Solar-Energy-Generation/power_calculation.py:72: FutureWarning: The return type of `Dataset.dims` will be changed to return a set of dimension names in future, in order to be more consistent with `DataArray.dims`. To access a mapping from dimension names to lengths, please use `Dataset.sizes`.
  time_dim = ds.dims["time"]
/work/users/s233224/Climate-Change-Impacted-Solar-Energy-Generation/power_calculation.py:78: FutureWarning: 'H' is deprecated and will be removed in a future version, please use 'h' instead.
  time_axis = pd.date_range(start=datetime(year, 1, 1, 1, 30), periods=time_dim, freq="3H")
/work/users/s233224/Climate-Change-Impacted-Solar-Energy-Generation/power_calculation.py:72: FutureWarning: The return type of `Dataset.dims` will be changed to return a set of dimension names in future, in order to be more consistent with `DataArray.dims`. To access a mapping from dimension names to lengths, please use `Dataset.sizes`.
  time_dim = ds.dims["time"]
/work/users/s233224/Climate-Change-Impacted-Solar-Energy-Generation/power_calculation.py:78: FutureWarning: 'H' is deprecated and will be removed in a future version, please use 'h' instead.
  time_axis = pd.date_range(start=datetime(year, 1, 1, 1, 30), periods=time_dim, freq="3H")
/work/users/s233224/Climate-Change-Impacted-Solar-Energy-Generation/power_calculation.py:72: FutureWarning: The return type of `Dataset.dims` will be changed to return a set of dimension names in future, in order to be more consistent with `DataArray.dims`. To access a mapping from dimension names to lengths, please use `Dataset.sizes`.
  time_dim = ds.dims["time"]
/work/users/s233224/Climate-Change-Impacted-Solar-Energy-Generation/power_calculation.py:78: FutureWarning: 'H' is deprecated and will be removed in a future version, please use 'h' instead.
  time_axis = pd.date_range(start=datetime(year, 1, 1, 1, 30), periods=time_dim, freq="3H")
/work/users/s233224/Climate-Change-Impacted-Solar-Energy-Generation/power_calculation.py:72: FutureWarning: The return type of `Dataset.dims` will be changed to return a set of dimension names in future, in order to be more consistent with `DataArray.dims`. To access a mapping from dimension names to lengths, please use `Dataset.sizes`.
  time_dim = ds.dims["time"]
/work/users/s233224/Climate-Change-Impacted-Solar-Energy-Generation/power_calculation.py:78: FutureWarning: 'H' is deprecated and will be removed in a future version, please use 'h' instead.
  time_axis = pd.date_range(start=datetime(year, 1, 1, 1, 30), periods=time_dim, freq="3H")
/work/users/s233224/Climate-Change-Impacted-Solar-Energy-Generation/power_calculation.py:72: FutureWarning: The return type of `Dataset.dims` will be changed to return a set of dimension names in future, in order to be more consistent with `DataArray.dims`. To access a mapping from dimension names to lengths, please use `Dataset.sizes`.
  time_dim = ds.dims["time"]
/work/users/s233224/Climate-Change-Impacted-Solar-Energy-Generation/power_calculation.py:78: FutureWarning: 'H' is deprecated and will be removed in a future version, please use 'h' instead.
  time_axis = pd.date_range(start=datetime(year, 1, 1, 1, 30), periods=time_dim, freq="3H")
/work/users/s233224/Climate-Change-Impacted-Solar-Energy-Generation/power_calculation.py:72: FutureWarning: The return type of `Dataset.dims` will be changed to return a set of dimension names in future, in order to be more consistent with `DataArray.dims`. To access a mapping from dimension names to lengths, please use `Dataset.sizes`.
  time_dim = ds.dims["time"]
/work/users/s233224/Climate-Change-Impacted-Solar-Energy-Generation/power_calculation.py:78: FutureWarning: 'H' is deprecated and will be removed in a future version, please use 'h' instead.
  time_axis = pd.date_range(start=datetime(year, 1, 1, 1, 30), periods=time_dim, freq="3H")
/work/users/s233224/Climate-Change-Impacted-Solar-Energy-Generation/power_calculation.py:72: FutureWarning: The return type of `Dataset.dims` will be changed to return a set of dimension names in future, in order to be more consistent with `DataArray.dims`. To access a mapping from dimension names to lengths, please use `Dataset.sizes`.
  time_dim = ds.dims["time"]
/work/users/s233224/Climate-Change-Impacted-Solar-Energy-Generation/power_calculation.py:78: FutureWarning: 'H' is deprecated and will be removed in a future version, please use 'h' instead.
  time_axis = pd.date_range(start=datetime(year, 1, 1, 1, 30), periods=time_dim, freq="3H")
/work/users/s233224/Climate-Change-Impacted-Solar-Energy-Generation/power_calculation.py:72: FutureWarning: The return type of `Dataset.dims` will be changed to return a set of dimension names in future, in order to be more consistent with `DataArray.dims`. To access a mapping from dimension names to lengths, please use `Dataset.sizes`.
  time_dim = ds.dims["time"]
/work/users/s233224/Climate-Change-Impacted-Solar-Energy-Generation/power_calculation.py:78: FutureWarning: 'H' is deprecated and will be removed in a future version, please use 'h' instead.
  time_axis = pd.date_range(start=datetime(year, 1, 1, 1, 30), periods=time_dim, freq="3H")
/work/users/s233224/Climate-Change-Impacted-Solar-Energy-Generation/power_calculation.py:72: FutureWarning: The return type of `Dataset.dims` will be changed to return a set of dimension names in future, in order to be more consistent with `DataArray.dims`. To access a mapping from dimension names to lengths, please use `Dataset.sizes`.
  time_dim = ds.dims["time"]
/work/users/s233224/Climate-Change-Impacted-Solar-Energy-Generation/power_calculation.py:78: FutureWarning: 'H' is deprecated and will be removed in a future version, please use 'h' instead.
  time_axis = pd.date_range(start=datetime(year, 1, 1, 1, 30), periods=time_dim, freq="3H")
/work/users/s233224/Climate-Change-Impacted-Solar-Energy-Generation/power_calculation.py:72: FutureWarning: The return type of `Dataset.dims` will be changed to return a set of dimension names in future, in order to be more consistent with `DataArray.dims`. To access a mapping from dimension names to lengths, please use `Dataset.sizes`.
  time_dim = ds.dims["time"]
/work/users/s233224/Climate-Change-Impacted-Solar-Energy-Generation/power_calculation.py:78: FutureWarning: 'H' is deprecated and will be removed in a future version, please use 'h' instead.
  time_axis = pd.date_range(start=datetime(year, 1, 1, 1, 30), periods=time_dim, freq="3H")
/work/users/s233224/Climate-Change-Impacted-Solar-Energy-Generation/power_calculation.py:72: FutureWarning: The return type of `Dataset.dims` will be changed to return a set of dimension names in future, in order to be more consistent with `DataArray.dims`. To access a mapping from dimension names to lengths, please use `Dataset.sizes`.
  time_dim = ds.dims["time"]
/work/users/s233224/Climate-Change-Impacted-Solar-Energy-Generation/power_calculation.py:78: FutureWarning: 'H' is deprecated and will be removed in a future version, please use 'h' instead.
  time_axis = pd.date_range(start=datetime(year, 1, 1, 1, 30), periods=time_dim, freq="3H")
/work/users/s233224/Climate-Change-Impacted-Solar-Energy-Generation/power_calculation.py:72: FutureWarning: The return type of `Dataset.dims` will be changed to return a set of dimension names in future, in order to be more consistent with `DataArray.dims`. To access a mapping from dimension names to lengths, please use `Dataset.sizes`.
  time_dim = ds.dims["time"]
/work/users/s233224/Climate-Change-Impacted-Solar-Energy-Generation/power_calculation.py:78: FutureWarning: 'H' is deprecated and will be removed in a future version, please use 'h' instead.
  time_axis = pd.date_range(start=datetime(year, 1, 1, 1, 30), periods=time_dim, freq="3H")
/work/users/s233224/Climate-Change-Impacted-Solar-Energy-Generation/power_calculation.py:72: FutureWarning: The return type of `Dataset.dims` will be changed to return a set of dimension names in future, in order to be more consistent with `DataArray.dims`. To access a mapping from dimension names to lengths, please use `Dataset.sizes`.
  time_dim = ds.dims["time"]
/work/users/s233224/Climate-Change-Impacted-Solar-Energy-Generation/power_calculation.py:78: FutureWarning: 'H' is deprecated and will be removed in a future version, please use 'h' instead.
  time_axis = pd.date_range(start=datetime(year, 1, 1, 1, 30), periods=time_dim, freq="3H")
/work/users/s233224/Climate-Change-Impacted-Solar-Energy-Generation/power_calculation.py:72: FutureWarning: The return type of `Dataset.dims` will be changed to return a set of dimension names in future, in order to be more consistent with `DataArray.dims`. To access a mapping from dimension names to lengths, please use `Dataset.sizes`.
  time_dim = ds.dims["time"]
/work/users/s233224/Climate-Change-Impacted-Solar-Energy-Generation/power_calculation.py:78: FutureWarning: 'H' is deprecated and will be removed in a future version, please use 'h' instead.
  time_axis = pd.date_range(start=datetime(year, 1, 1, 1, 30), periods=time_dim, freq="3H")
/work/users/s233224/Climate-Change-Impacted-Solar-Energy-Generation/power_calculation.py:72: FutureWarning: The return type of `Dataset.dims` will be changed to return a set of dimension names in future, in order to be more consistent with `DataArray.dims`. To access a mapping from dimension names to lengths, please use `Dataset.sizes`.
  time_dim = ds.dims["time"]
/work/users/s233224/Climate-Change-Impacted-Solar-Energy-Generation/power_calculation.py:78: FutureWarning: 'H' is deprecated and will be removed in a future version, please use 'h' instead.
  time_axis = pd.date_range(start=datetime(year, 1, 1, 1, 30), periods=time_dim, freq="3H")
/work/users/s233224/Climate-Change-Impacted-Solar-Energy-Generation/power_calculation.py:72: FutureWarning: The return type of `Dataset.dims` will be changed to return a set of dimension names in future, in order to be more consistent with `DataArray.dims`. To access a mapping from dimension names to lengths, please use `Dataset.sizes`.
  time_dim = ds.dims["time"]
/work/users/s233224/Climate-Change-Impacted-Solar-Energy-Generation/power_calculation.py:78: FutureWarning: 'H' is deprecated and will be removed in a future version, please use 'h' instead.
  time_axis = pd.date_range(start=datetime(year, 1, 1, 1, 30), periods=time_dim, freq="3H")
/work/users/s233224/Climate-Change-Impacted-Solar-Energy-Generation/power_calculation.py:72: FutureWarning: The return type of `Dataset.dims` will be changed to return a set of dimension names in future, in order to be more consistent with `DataArray.dims`. To access a mapping from dimension names to lengths, please use `Dataset.sizes`.
  time_dim = ds.dims["time"]
/work/users/s233224/Climate-Change-Impacted-Solar-Energy-Generation/power_calculation.py:78: FutureWarning: 'H' is deprecated and will be removed in a future version, please use 'h' instead.
  time_axis = pd.date_range(start=datetime(year, 1, 1, 1, 30), periods=time_dim, freq="3H")
/work/users/s233224/Climate-Change-Impacted-Solar-Energy-Generation/power_calculation.py:72: FutureWarning: The return type of `Dataset.dims` will be changed to return a set of dimension names in future, in order to be more consistent with `DataArray.dims`. To access a mapping from dimension names to lengths, please use `Dataset.sizes`.
  time_dim = ds.dims["time"]
/work/users/s233224/Climate-Change-Impacted-Solar-Energy-Generation/power_calculation.py:78: FutureWarning: 'H' is deprecated and will be removed in a future version, please use 'h' instead.
  time_axis = pd.date_range(start=datetime(year, 1, 1, 1, 30), periods=time_dim, freq="3H")
/work/users/s233224/Climate-Change-Impacted-Solar-Energy-Generation/power_calculation.py:72: FutureWarning: The return type of `Dataset.dims` will be changed to return a set of dimension names in future, in order to be more consistent with `DataArray.dims`. To access a mapping from dimension names to lengths, please use `Dataset.sizes`.
  time_dim = ds.dims["time"]
/work/users/s233224/Climate-Change-Impacted-Solar-Energy-Generation/power_calculation.py:78: FutureWarning: 'H' is deprecated and will be removed in a future version, please use 'h' instead.
  time_axis = pd.date_range(start=datetime(year, 1, 1, 1, 30), periods=time_dim, freq="3H")
/work/users/s233224/Climate-Change-Impacted-Solar-Energy-Generation/power_calculation.py:72: FutureWarning: The return type of `Dataset.dims` will be changed to return a set of dimension names in future, in order to be more consistent with `DataArray.dims`. To access a mapping from dimension names to lengths, please use `Dataset.sizes`.
  time_dim = ds.dims["time"]
/work/users/s233224/Climate-Change-Impacted-Solar-Energy-Generation/power_calculation.py:78: FutureWarning: 'H' is deprecated and will be removed in a future version, please use 'h' instead.
  time_axis = pd.date_range(start=datetime(year, 1, 1, 1, 30), periods=time_dim, freq="3H")
/work/users/s233224/Climate-Change-Impacted-Solar-Energy-Generation/power_calculation.py:72: FutureWarning: The return type of `Dataset.dims` will be changed to return a set of dimension names in future, in order to be more consistent with `DataArray.dims`. To access a mapping from dimension names to lengths, please use `Dataset.sizes`.
  time_dim = ds.dims["time"]
/work/users/s233224/Climate-Change-Impacted-Solar-Energy-Generation/power_calculation.py:78: FutureWarning: 'H' is deprecated and will be removed in a future version, please use 'h' instead.
  time_axis = pd.date_range(start=datetime(year, 1, 1, 1, 30), periods=time_dim, freq="3H")
/work/users/s233224/Climate-Change-Impacted-Solar-Energy-Generation/power_calculation.py:72: FutureWarning: The return type of `Dataset.dims` will be changed to return a set of dimension names in future, in order to be more consistent with `DataArray.dims`. To access a mapping from dimension names to lengths, please use `Dataset.sizes`.
  time_dim = ds.dims["time"]
/work/users/s233224/Climate-Change-Impacted-Solar-Energy-Generation/power_calculation.py:78: FutureWarning: 'H' is deprecated and will be removed in a future version, please use 'h' instead.
  time_axis = pd.date_range(start=datetime(year, 1, 1, 1, 30), periods=time_dim, freq="3H")
/work/users/s233224/Climate-Change-Impacted-Solar-Energy-Generation/power_calculation.py:72: FutureWarning: The return type of `Dataset.dims` will be changed to return a set of dimension names in future, in order to be more consistent with `DataArray.dims`. To access a mapping from dimension names to lengths, please use `Dataset.sizes`.
  time_dim = ds.dims["time"]
/work/users/s233224/Climate-Change-Impacted-Solar-Energy-Generation/power_calculation.py:78: FutureWarning: 'H' is deprecated and will be removed in a future version, please use 'h' instead.
  time_axis = pd.date_range(start=datetime(year, 1, 1, 1, 30), periods=time_dim, freq="3H")
/work/users/s233224/Climate-Change-Impacted-Solar-Energy-Generation/power_calculation.py:72: FutureWarning: The return type of `Dataset.dims` will be changed to return a set of dimension names in future, in order to be more consistent with `DataArray.dims`. To access a mapping from dimension names to lengths, please use `Dataset.sizes`.
  time_dim = ds.dims["time"]
/work/users/s233224/Climate-Change-Impacted-Solar-Energy-Generation/power_calculation.py:78: FutureWarning: 'H' is deprecated and will be removed in a future version, please use 'h' instead.
  time_axis = pd.date_range(start=datetime(year, 1, 1, 1, 30), periods=time_dim, freq="3H")
/work/users/s233224/Climate-Change-Impacted-Solar-Energy-Generation/power_calculation.py:72: FutureWarning: The return type of `Dataset.dims` will be changed to return a set of dimension names in future, in order to be more consistent with `DataArray.dims`. To access a mapping from dimension names to lengths, please use `Dataset.sizes`.
  time_dim = ds.dims["time"]
/work/users/s233224/Climate-Change-Impacted-Solar-Energy-Generation/power_calculation.py:78: FutureWarning: 'H' is deprecated and will be removed in a future version, please use 'h' instead.
  time_axis = pd.date_range(start=datetime(year, 1, 1, 1, 30), periods=time_dim, freq="3H")
/work/users/s233224/Climate-Change-Impacted-Solar-Energy-Generation/power_calculation.py:72: FutureWarning: The return type of `Dataset.dims` will be changed to return a set of dimension names in future, in order to be more consistent with `DataArray.dims`. To access a mapping from dimension names to lengths, please use `Dataset.sizes`.
  time_dim = ds.dims["time"]
/work/users/s233224/Climate-Change-Impacted-Solar-Energy-Generation/power_calculation.py:78: FutureWarning: 'H' is deprecated and will be removed in a future version, please use 'h' instead.
  time_axis = pd.date_range(start=datetime(year, 1, 1, 1, 30), periods=time_dim, freq="3H")
/work/users/s233224/Climate-Change-Impacted-Solar-Energy-Generation/power_calculation.py:72: FutureWarning: The return type of `Dataset.dims` will be changed to return a set of dimension names in future, in order to be more consistent with `DataArray.dims`. To access a mapping from dimension names to lengths, please use `Dataset.sizes`.
  time_dim = ds.dims["time"]
/work/users/s233224/Climate-Change-Impacted-Solar-Energy-Generation/power_calculation.py:78: FutureWarning: 'H' is deprecated and will be removed in a future version, please use 'h' instead.
  time_axis = pd.date_range(start=datetime(year, 1, 1, 1, 30), periods=time_dim, freq="3H")
/work/users/s233224/Climate-Change-Impacted-Solar-Energy-Generation/power_calculation.py:72: FutureWarning: The return type of `Dataset.dims` will be changed to return a set of dimension names in future, in order to be more consistent with `DataArray.dims`. To access a mapping from dimension names to lengths, please use `Dataset.sizes`.
  time_dim = ds.dims["time"]
/work/users/s233224/Climate-Change-Impacted-Solar-Energy-Generation/power_calculation.py:78: FutureWarning: 'H' is deprecated and will be removed in a future version, please use 'h' instead.
  time_axis = pd.date_range(start=datetime(year, 1, 1, 1, 30), periods=time_dim, freq="3H")
/work/users/s233224/Climate-Change-Impacted-Solar-Energy-Generation/power_calculation.py:72: FutureWarning: The return type of `Dataset.dims` will be changed to return a set of dimension names in future, in order to be more consistent with `DataArray.dims`. To access a mapping from dimension names to lengths, please use `Dataset.sizes`.
  time_dim = ds.dims["time"]
/work/users/s233224/Climate-Change-Impacted-Solar-Energy-Generation/power_calculation.py:78: FutureWarning: 'H' is deprecated and will be removed in a future version, please use 'h' instead.
  time_axis = pd.date_range(start=datetime(year, 1, 1, 1, 30), periods=time_dim, freq="3H")
/work/users/s233224/Climate-Change-Impacted-Solar-Energy-Generation/power_calculation.py:72: FutureWarning: The return type of `Dataset.dims` will be changed to return a set of dimension names in future, in order to be more consistent with `DataArray.dims`. To access a mapping from dimension names to lengths, please use `Dataset.sizes`.
  time_dim = ds.dims["time"]
/work/users/s233224/Climate-Change-Impacted-Solar-Energy-Generation/power_calculation.py:78: FutureWarning: 'H' is deprecated and will be removed in a future version, please use 'h' instead.
  time_axis = pd.date_range(start=datetime(year, 1, 1, 1, 30), periods=time_dim, freq="3H")
/work/users/s233224/Climate-Change-Impacted-Solar-Energy-Generation/power_calculation.py:72: FutureWarning: The return type of `Dataset.dims` will be changed to return a set of dimension names in future, in order to be more consistent with `DataArray.dims`. To access a mapping from dimension names to lengths, please use `Dataset.sizes`.
  time_dim = ds.dims["time"]
/work/users/s233224/Climate-Change-Impacted-Solar-Energy-Generation/power_calculation.py:78: FutureWarning: 'H' is deprecated and will be removed in a future version, please use 'h' instead.
  time_axis = pd.date_range(start=datetime(year, 1, 1, 1, 30), periods=time_dim, freq="3H")
/work/users/s233224/Climate-Change-Impacted-Solar-Energy-Generation/power_calculation.py:72: FutureWarning: The return type of `Dataset.dims` will be changed to return a set of dimension names in future, in order to be more consistent with `DataArray.dims`. To access a mapping from dimension names to lengths, please use `Dataset.sizes`.
  time_dim = ds.dims["time"]
/work/users/s233224/Climate-Change-Impacted-Solar-Energy-Generation/power_calculation.py:78: FutureWarning: 'H' is deprecated and will be removed in a future version, please use 'h' instead.
  time_axis = pd.date_range(start=datetime(year, 1, 1, 1, 30), periods=time_dim, freq="3H")
/work/users/s233224/Climate-Change-Impacted-Solar-Energy-Generation/power_calculation.py:72: FutureWarning: The return type of `Dataset.dims` will be changed to return a set of dimension names in future, in order to be more consistent with `DataArray.dims`. To access a mapping from dimension names to lengths, please use `Dataset.sizes`.
  time_dim = ds.dims["time"]
/work/users/s233224/Climate-Change-Impacted-Solar-Energy-Generation/power_calculation.py:78: FutureWarning: 'H' is deprecated and will be removed in a future version, please use 'h' instead.
  time_axis = pd.date_range(start=datetime(year, 1, 1, 1, 30), periods=time_dim, freq="3H")
/work/users/s233224/Climate-Change-Impacted-Solar-Energy-Generation/power_calculation.py:72: FutureWarning: The return type of `Dataset.dims` will be changed to return a set of dimension names in future, in order to be more consistent with `DataArray.dims`. To access a mapping from dimension names to lengths, please use `Dataset.sizes`.
  time_dim = ds.dims["time"]
/work/users/s233224/Climate-Change-Impacted-Solar-Energy-Generation/power_calculation.py:78: FutureWarning: 'H' is deprecated and will be removed in a future version, please use 'h' instead.
  time_axis = pd.date_range(start=datetime(year, 1, 1, 1, 30), periods=time_dim, freq="3H")
/work/users/s233224/Climate-Change-Impacted-Solar-Energy-Generation/power_calculation.py:72: FutureWarning: The return type of `Dataset.dims` will be changed to return a set of dimension names in future, in order to be more consistent with `DataArray.dims`. To access a mapping from dimension names to lengths, please use `Dataset.sizes`.
  time_dim = ds.dims["time"]
/work/users/s233224/Climate-Change-Impacted-Solar-Energy-Generation/power_calculation.py:78: FutureWarning: 'H' is deprecated and will be removed in a future version, please use 'h' instead.
  time_axis = pd.date_range(start=datetime(year, 1, 1, 1, 30), periods=time_dim, freq="3H")
/work/users/s233224/Climate-Change-Impacted-Solar-Energy-Generation/power_calculation.py:72: FutureWarning: The return type of `Dataset.dims` will be changed to return a set of dimension names in future, in order to be more consistent with `DataArray.dims`. To access a mapping from dimension names to lengths, please use `Dataset.sizes`.
  time_dim = ds.dims["time"]
/work/users/s233224/Climate-Change-Impacted-Solar-Energy-Generation/power_calculation.py:78: FutureWarning: 'H' is deprecated and will be removed in a future version, please use 'h' instead.
  time_axis = pd.date_range(start=datetime(year, 1, 1, 1, 30), periods=time_dim, freq="3H")
/work/users/s233224/Climate-Change-Impacted-Solar-Energy-Generation/power_calculation.py:72: FutureWarning: The return type of `Dataset.dims` will be changed to return a set of dimension names in future, in order to be more consistent with `DataArray.dims`. To access a mapping from dimension names to lengths, please use `Dataset.sizes`.
  time_dim = ds.dims["time"]
/work/users/s233224/Climate-Change-Impacted-Solar-Energy-Generation/power_calculation.py:78: FutureWarning: 'H' is deprecated and will be removed in a future version, please use 'h' instead.
  time_axis = pd.date_range(start=datetime(year, 1, 1, 1, 30), periods=time_dim, freq="3H")
/work/users/s233224/Climate-Change-Impacted-Solar-Energy-Generation/power_calculation.py:72: FutureWarning: The return type of `Dataset.dims` will be changed to return a set of dimension names in future, in order to be more consistent with `DataArray.dims`. To access a mapping from dimension names to lengths, please use `Dataset.sizes`.
  time_dim = ds.dims["time"]
/work/users/s233224/Climate-Change-Impacted-Solar-Energy-Generation/power_calculation.py:78: FutureWarning: 'H' is deprecated and will be removed in a future version, please use 'h' instead.
  time_axis = pd.date_range(start=datetime(year, 1, 1, 1, 30), periods=time_dim, freq="3H")
/work/users/s233224/Climate-Change-Impacted-Solar-Energy-Generation/power_calculation.py:72: FutureWarning: The return type of `Dataset.dims` will be changed to return a set of dimension names in future, in order to be more consistent with `DataArray.dims`. To access a mapping from dimension names to lengths, please use `Dataset.sizes`.
  time_dim = ds.dims["time"]
/work/users/s233224/Climate-Change-Impacted-Solar-Energy-Generation/power_calculation.py:78: FutureWarning: 'H' is deprecated and will be removed in a future version, please use 'h' instead.
  time_axis = pd.date_range(start=datetime(year, 1, 1, 1, 30), periods=time_dim, freq="3H")
/work/users/s233224/Climate-Change-Impacted-Solar-Energy-Generation/power_calculation.py:72: FutureWarning: The return type of `Dataset.dims` will be changed to return a set of dimension names in future, in order to be more consistent with `DataArray.dims`. To access a mapping from dimension names to lengths, please use `Dataset.sizes`.
  time_dim = ds.dims["time"]
/work/users/s233224/Climate-Change-Impacted-Solar-Energy-Generation/power_calculation.py:78: FutureWarning: 'H' is deprecated and will be removed in a future version, please use 'h' instead.
  time_axis = pd.date_range(start=datetime(year, 1, 1, 1, 30), periods=time_dim, freq="3H")
/work/users/s233224/Climate-Change-Impacted-Solar-Energy-Generation/power_calculation.py:72: FutureWarning: The return type of `Dataset.dims` will be changed to return a set of dimension names in future, in order to be more consistent with `DataArray.dims`. To access a mapping from dimension names to lengths, please use `Dataset.sizes`.
  time_dim = ds.dims["time"]
/work/users/s233224/Climate-Change-Impacted-Solar-Energy-Generation/power_calculation.py:78: FutureWarning: 'H' is deprecated and will be removed in a future version, please use 'h' instead.
  time_axis = pd.date_range(start=datetime(year, 1, 1, 1, 30), periods=time_dim, freq="3H")
/work/users/s233224/Climate-Change-Impacted-Solar-Energy-Generation/power_calculation.py:72: FutureWarning: The return type of `Dataset.dims` will be changed to return a set of dimension names in future, in order to be more consistent with `DataArray.dims`. To access a mapping from dimension names to lengths, please use `Dataset.sizes`.
  time_dim = ds.dims["time"]
/work/users/s233224/Climate-Change-Impacted-Solar-Energy-Generation/power_calculation.py:78: FutureWarning: 'H' is deprecated and will be removed in a future version, please use 'h' instead.
  time_axis = pd.date_range(start=datetime(year, 1, 1, 1, 30), periods=time_dim, freq="3H")
/work/users/s233224/Climate-Change-Impacted-Solar-Energy-Generation/power_calculation.py:72: FutureWarning: The return type of `Dataset.dims` will be changed to return a set of dimension names in future, in order to be more consistent with `DataArray.dims`. To access a mapping from dimension names to lengths, please use `Dataset.sizes`.
  time_dim = ds.dims["time"]
/work/users/s233224/Climate-Change-Impacted-Solar-Energy-Generation/power_calculation.py:78: FutureWarning: 'H' is deprecated and will be removed in a future version, please use 'h' instead.
  time_axis = pd.date_range(start=datetime(year, 1, 1, 1, 30), periods=time_dim, freq="3H")
/work/users/s233224/Climate-Change-Impacted-Solar-Energy-Generation/power_calculation.py:72: FutureWarning: The return type of `Dataset.dims` will be changed to return a set of dimension names in future, in order to be more consistent with `DataArray.dims`. To access a mapping from dimension names to lengths, please use `Dataset.sizes`.
  time_dim = ds.dims["time"]
/work/users/s233224/Climate-Change-Impacted-Solar-Energy-Generation/power_calculation.py:78: FutureWarning: 'H' is deprecated and will be removed in a future version, please use 'h' instead.
  time_axis = pd.date_range(start=datetime(year, 1, 1, 1, 30), periods=time_dim, freq="3H")
/work/users/s233224/Climate-Change-Impacted-Solar-Energy-Generation/power_calculation.py:72: FutureWarning: The return type of `Dataset.dims` will be changed to return a set of dimension names in future, in order to be more consistent with `DataArray.dims`. To access a mapping from dimension names to lengths, please use `Dataset.sizes`.
  time_dim = ds.dims["time"]
/work/users/s233224/Climate-Change-Impacted-Solar-Energy-Generation/power_calculation.py:78: FutureWarning: 'H' is deprecated and will be removed in a future version, please use 'h' instead.
  time_axis = pd.date_range(start=datetime(year, 1, 1, 1, 30), periods=time_dim, freq="3H")
/work/users/s233224/Climate-Change-Impacted-Solar-Energy-Generation/power_calculation.py:72: FutureWarning: The return type of `Dataset.dims` will be changed to return a set of dimension names in future, in order to be more consistent with `DataArray.dims`. To access a mapping from dimension names to lengths, please use `Dataset.sizes`.
  time_dim = ds.dims["time"]
/work/users/s233224/Climate-Change-Impacted-Solar-Energy-Generation/power_calculation.py:78: FutureWarning: 'H' is deprecated and will be removed in a future version, please use 'h' instead.
  time_axis = pd.date_range(start=datetime(year, 1, 1, 1, 30), periods=time_dim, freq="3H")
/work/users/s233224/Climate-Change-Impacted-Solar-Energy-Generation/power_calculation.py:72: FutureWarning: The return type of `Dataset.dims` will be changed to return a set of dimension names in future, in order to be more consistent with `DataArray.dims`. To access a mapping from dimension names to lengths, please use `Dataset.sizes`.
  time_dim = ds.dims["time"]
/work/users/s233224/Climate-Change-Impacted-Solar-Energy-Generation/power_calculation.py:78: FutureWarning: 'H' is deprecated and will be removed in a future version, please use 'h' instead.
  time_axis = pd.date_range(start=datetime(year, 1, 1, 1, 30), periods=time_dim, freq="3H")
/work/users/s233224/Climate-Change-Impacted-Solar-Energy-Generation/power_calculation.py:72: FutureWarning: The return type of `Dataset.dims` will be changed to return a set of dimension names in future, in order to be more consistent with `DataArray.dims`. To access a mapping from dimension names to lengths, please use `Dataset.sizes`.
  time_dim = ds.dims["time"]
/work/users/s233224/Climate-Change-Impacted-Solar-Energy-Generation/power_calculation.py:78: FutureWarning: 'H' is deprecated and will be removed in a future version, please use 'h' instead.
  time_axis = pd.date_range(start=datetime(year, 1, 1, 1, 30), periods=time_dim, freq="3H")
/work/users/s233224/Climate-Change-Impacted-Solar-Energy-Generation/power_calculation.py:72: FutureWarning: The return type of `Dataset.dims` will be changed to return a set of dimension names in future, in order to be more consistent with `DataArray.dims`. To access a mapping from dimension names to lengths, please use `Dataset.sizes`.
  time_dim = ds.dims["time"]
/work/users/s233224/Climate-Change-Impacted-Solar-Energy-Generation/power_calculation.py:78: FutureWarning: 'H' is deprecated and will be removed in a future version, please use 'h' instead.
  time_axis = pd.date_range(start=datetime(year, 1, 1, 1, 30), periods=time_dim, freq="3H")
/work/users/s233224/Climate-Change-Impacted-Solar-Energy-Generation/power_calculation.py:72: FutureWarning: The return type of `Dataset.dims` will be changed to return a set of dimension names in future, in order to be more consistent with `DataArray.dims`. To access a mapping from dimension names to lengths, please use `Dataset.sizes`.
  time_dim = ds.dims["time"]
/work/users/s233224/Climate-Change-Impacted-Solar-Energy-Generation/power_calculation.py:78: FutureWarning: 'H' is deprecated and will be removed in a future version, please use 'h' instead.
  time_axis = pd.date_range(start=datetime(year, 1, 1, 1, 30), periods=time_dim, freq="3H")
/work/users/s233224/Climate-Change-Impacted-Solar-Energy-Generation/power_calculation.py:72: FutureWarning: The return type of `Dataset.dims` will be changed to return a set of dimension names in future, in order to be more consistent with `DataArray.dims`. To access a mapping from dimension names to lengths, please use `Dataset.sizes`.
  time_dim = ds.dims["time"]
/work/users/s233224/Climate-Change-Impacted-Solar-Energy-Generation/power_calculation.py:78: FutureWarning: 'H' is deprecated and will be removed in a future version, please use 'h' instead.
  time_axis = pd.date_range(start=datetime(year, 1, 1, 1, 30), periods=time_dim, freq="3H")
/work/users/s233224/Climate-Change-Impacted-Solar-Energy-Generation/power_calculation.py:72: FutureWarning: The return type of `Dataset.dims` will be changed to return a set of dimension names in future, in order to be more consistent with `DataArray.dims`. To access a mapping from dimension names to lengths, please use `Dataset.sizes`.
  time_dim = ds.dims["time"]
/work/users/s233224/Climate-Change-Impacted-Solar-Energy-Generation/power_calculation.py:78: FutureWarning: 'H' is deprecated and will be removed in a future version, please use 'h' instead.
  time_axis = pd.date_range(start=datetime(year, 1, 1, 1, 30), periods=time_dim, freq="3H")
/work/users/s233224/Climate-Change-Impacted-Solar-Energy-Generation/power_calculation.py:72: FutureWarning: The return type of `Dataset.dims` will be changed to return a set of dimension names in future, in order to be more consistent with `DataArray.dims`. To access a mapping from dimension names to lengths, please use `Dataset.sizes`.
  time_dim = ds.dims["time"]
/work/users/s233224/Climate-Change-Impacted-Solar-Energy-Generation/power_calculation.py:78: FutureWarning: 'H' is deprecated and will be removed in a future version, please use 'h' instead.
  time_axis = pd.date_range(start=datetime(year, 1, 1, 1, 30), periods=time_dim, freq="3H")
/work/users/s233224/Climate-Change-Impacted-Solar-Energy-Generation/power_calculation.py:72: FutureWarning: The return type of `Dataset.dims` will be changed to return a set of dimension names in future, in order to be more consistent with `DataArray.dims`. To access a mapping from dimension names to lengths, please use `Dataset.sizes`.
  time_dim = ds.dims["time"]
/work/users/s233224/Climate-Change-Impacted-Solar-Energy-Generation/power_calculation.py:78: FutureWarning: 'H' is deprecated and will be removed in a future version, please use 'h' instead.
  time_axis = pd.date_range(start=datetime(year, 1, 1, 1, 30), periods=time_dim, freq="3H")
/work/users/s233224/Climate-Change-Impacted-Solar-Energy-Generation/power_calculation.py:72: FutureWarning: The return type of `Dataset.dims` will be changed to return a set of dimension names in future, in order to be more consistent with `DataArray.dims`. To access a mapping from dimension names to lengths, please use `Dataset.sizes`.
  time_dim = ds.dims["time"]
/work/users/s233224/Climate-Change-Impacted-Solar-Energy-Generation/power_calculation.py:78: FutureWarning: 'H' is deprecated and will be removed in a future version, please use 'h' instead.
  time_axis = pd.date_range(start=datetime(year, 1, 1, 1, 30), periods=time_dim, freq="3H")
/work/users/s233224/Climate-Change-Impacted-Solar-Energy-Generation/power_calculation.py:72: FutureWarning: The return type of `Dataset.dims` will be changed to return a set of dimension names in future, in order to be more consistent with `DataArray.dims`. To access a mapping from dimension names to lengths, please use `Dataset.sizes`.
  time_dim = ds.dims["time"]
/work/users/s233224/Climate-Change-Impacted-Solar-Energy-Generation/power_calculation.py:78: FutureWarning: 'H' is deprecated and will be removed in a future version, please use 'h' instead.
  time_axis = pd.date_range(start=datetime(year, 1, 1, 1, 30), periods=time_dim, freq="3H")
/work/users/s233224/Climate-Change-Impacted-Solar-Energy-Generation/power_calculation.py:72: FutureWarning: The return type of `Dataset.dims` will be changed to return a set of dimension names in future, in order to be more consistent with `DataArray.dims`. To access a mapping from dimension names to lengths, please use `Dataset.sizes`.
  time_dim = ds.dims["time"]
/work/users/s233224/Climate-Change-Impacted-Solar-Energy-Generation/power_calculation.py:78: FutureWarning: 'H' is deprecated and will be removed in a future version, please use 'h' instead.
  time_axis = pd.date_range(start=datetime(year, 1, 1, 1, 30), periods=time_dim, freq="3H")
/work/users/s233224/Climate-Change-Impacted-Solar-Energy-Generation/power_calculation.py:72: FutureWarning: The return type of `Dataset.dims` will be changed to return a set of dimension names in future, in order to be more consistent with `DataArray.dims`. To access a mapping from dimension names to lengths, please use `Dataset.sizes`.
  time_dim = ds.dims["time"]
/work/users/s233224/Climate-Change-Impacted-Solar-Energy-Generation/power_calculation.py:78: FutureWarning: 'H' is deprecated and will be removed in a future version, please use 'h' instead.
  time_axis = pd.date_range(start=datetime(year, 1, 1, 1, 30), periods=time_dim, freq="3H")
/work/users/s233224/Climate-Change-Impacted-Solar-Energy-Generation/power_calculation.py:72: FutureWarning: The return type of `Dataset.dims` will be changed to return a set of dimension names in future, in order to be more consistent with `DataArray.dims`. To access a mapping from dimension names to lengths, please use `Dataset.sizes`.
  time_dim = ds.dims["time"]
/work/users/s233224/Climate-Change-Impacted-Solar-Energy-Generation/power_calculation.py:78: FutureWarning: 'H' is deprecated and will be removed in a future version, please use 'h' instead.
  time_axis = pd.date_range(start=datetime(year, 1, 1, 1, 30), periods=time_dim, freq="3H")
/work/users/s233224/Climate-Change-Impacted-Solar-Energy-Generation/power_calculation.py:72: FutureWarning: The return type of `Dataset.dims` will be changed to return a set of dimension names in future, in order to be more consistent with `DataArray.dims`. To access a mapping from dimension names to lengths, please use `Dataset.sizes`.
  time_dim = ds.dims["time"]
/work/users/s233224/Climate-Change-Impacted-Solar-Energy-Generation/power_calculation.py:78: FutureWarning: 'H' is deprecated and will be removed in a future version, please use 'h' instead.
  time_axis = pd.date_range(start=datetime(year, 1, 1, 1, 30), periods=time_dim, freq="3H")
/work/users/s233224/Climate-Change-Impacted-Solar-Energy-Generation/power_calculation.py:72: FutureWarning: The return type of `Dataset.dims` will be changed to return a set of dimension names in future, in order to be more consistent with `DataArray.dims`. To access a mapping from dimension names to lengths, please use `Dataset.sizes`.
  time_dim = ds.dims["time"]
/work/users/s233224/Climate-Change-Impacted-Solar-Energy-Generation/power_calculation.py:78: FutureWarning: 'H' is deprecated and will be removed in a future version, please use 'h' instead.
  time_axis = pd.date_range(start=datetime(year, 1, 1, 1, 30), periods=time_dim, freq="3H")
/work/users/s233224/Climate-Change-Impacted-Solar-Energy-Generation/power_calculation.py:72: FutureWarning: The return type of `Dataset.dims` will be changed to return a set of dimension names in future, in order to be more consistent with `DataArray.dims`. To access a mapping from dimension names to lengths, please use `Dataset.sizes`.
  time_dim = ds.dims["time"]
/work/users/s233224/Climate-Change-Impacted-Solar-Energy-Generation/power_calculation.py:78: FutureWarning: 'H' is deprecated and will be removed in a future version, please use 'h' instead.
  time_axis = pd.date_range(start=datetime(year, 1, 1, 1, 30), periods=time_dim, freq="3H")
/work/users/s233224/Climate-Change-Impacted-Solar-Energy-Generation/power_calculation.py:72: FutureWarning: The return type of `Dataset.dims` will be changed to return a set of dimension names in future, in order to be more consistent with `DataArray.dims`. To access a mapping from dimension names to lengths, please use `Dataset.sizes`.
  time_dim = ds.dims["time"]
/work/users/s233224/Climate-Change-Impacted-Solar-Energy-Generation/power_calculation.py:78: FutureWarning: 'H' is deprecated and will be removed in a future version, please use 'h' instead.
  time_axis = pd.date_range(start=datetime(year, 1, 1, 1, 30), periods=time_dim, freq="3H")
/work/users/s233224/Climate-Change-Impacted-Solar-Energy-Generation/power_calculation.py:72: FutureWarning: The return type of `Dataset.dims` will be changed to return a set of dimension names in future, in order to be more consistent with `DataArray.dims`. To access a mapping from dimension names to lengths, please use `Dataset.sizes`.
  time_dim = ds.dims["time"]
/work/users/s233224/Climate-Change-Impacted-Solar-Energy-Generation/power_calculation.py:78: FutureWarning: 'H' is deprecated and will be removed in a future version, please use 'h' instead.
  time_axis = pd.date_range(start=datetime(year, 1, 1, 1, 30), periods=time_dim, freq="3H")
/work/users/s233224/Climate-Change-Impacted-Solar-Energy-Generation/power_calculation.py:72: FutureWarning: The return type of `Dataset.dims` will be changed to return a set of dimension names in future, in order to be more consistent with `DataArray.dims`. To access a mapping from dimension names to lengths, please use `Dataset.sizes`.
  time_dim = ds.dims["time"]
/work/users/s233224/Climate-Change-Impacted-Solar-Energy-Generation/power_calculation.py:78: FutureWarning: 'H' is deprecated and will be removed in a future version, please use 'h' instead.
  time_axis = pd.date_range(start=datetime(year, 1, 1, 1, 30), periods=time_dim, freq="3H")
/work/users/s233224/Climate-Change-Impacted-Solar-Energy-Generation/power_calculation.py:72: FutureWarning: The return type of `Dataset.dims` will be changed to return a set of dimension names in future, in order to be more consistent with `DataArray.dims`. To access a mapping from dimension names to lengths, please use `Dataset.sizes`.
  time_dim = ds.dims["time"]
/work/users/s233224/Climate-Change-Impacted-Solar-Energy-Generation/power_calculation.py:78: FutureWarning: 'H' is deprecated and will be removed in a future version, please use 'h' instead.
  time_axis = pd.date_range(start=datetime(year, 1, 1, 1, 30), periods=time_dim, freq="3H")
/work/users/s233224/Climate-Change-Impacted-Solar-Energy-Generation/power_calculation.py:72: FutureWarning: The return type of `Dataset.dims` will be changed to return a set of dimension names in future, in order to be more consistent with `DataArray.dims`. To access a mapping from dimension names to lengths, please use `Dataset.sizes`.
  time_dim = ds.dims["time"]
/work/users/s233224/Climate-Change-Impacted-Solar-Energy-Generation/power_calculation.py:78: FutureWarning: 'H' is deprecated and will be removed in a future version, please use 'h' instead.
  time_axis = pd.date_range(start=datetime(year, 1, 1, 1, 30), periods=time_dim, freq="3H")
/work/users/s233224/Climate-Change-Impacted-Solar-Energy-Generation/power_calculation.py:72: FutureWarning: The return type of `Dataset.dims` will be changed to return a set of dimension names in future, in order to be more consistent with `DataArray.dims`. To access a mapping from dimension names to lengths, please use `Dataset.sizes`.
  time_dim = ds.dims["time"]
/work/users/s233224/Climate-Change-Impacted-Solar-Energy-Generation/power_calculation.py:78: FutureWarning: 'H' is deprecated and will be removed in a future version, please use 'h' instead.
  time_axis = pd.date_range(start=datetime(year, 1, 1, 1, 30), periods=time_dim, freq="3H")
/work/users/s233224/Climate-Change-Impacted-Solar-Energy-Generation/power_calculation.py:72: FutureWarning: The return type of `Dataset.dims` will be changed to return a set of dimension names in future, in order to be more consistent with `DataArray.dims`. To access a mapping from dimension names to lengths, please use `Dataset.sizes`.
  time_dim = ds.dims["time"]
/work/users/s233224/Climate-Change-Impacted-Solar-Energy-Generation/power_calculation.py:78: FutureWarning: 'H' is deprecated and will be removed in a future version, please use 'h' instead.
  time_axis = pd.date_range(start=datetime(year, 1, 1, 1, 30), periods=time_dim, freq="3H")
/work/users/s233224/Climate-Change-Impacted-Solar-Energy-Generation/power_calculation.py:72: FutureWarning: The return type of `Dataset.dims` will be changed to return a set of dimension names in future, in order to be more consistent with `DataArray.dims`. To access a mapping from dimension names to lengths, please use `Dataset.sizes`.
  time_dim = ds.dims["time"]
/work/users/s233224/Climate-Change-Impacted-Solar-Energy-Generation/power_calculation.py:78: FutureWarning: 'H' is deprecated and will be removed in a future version, please use 'h' instead.
  time_axis = pd.date_range(start=datetime(year, 1, 1, 1, 30), periods=time_dim, freq="3H")
/work/users/s233224/Climate-Change-Impacted-Solar-Energy-Generation/power_calculation.py:72: FutureWarning: The return type of `Dataset.dims` will be changed to return a set of dimension names in future, in order to be more consistent with `DataArray.dims`. To access a mapping from dimension names to lengths, please use `Dataset.sizes`.
  time_dim = ds.dims["time"]
/work/users/s233224/Climate-Change-Impacted-Solar-Energy-Generation/power_calculation.py:78: FutureWarning: 'H' is deprecated and will be removed in a future version, please use 'h' instead.
  time_axis = pd.date_range(start=datetime(year, 1, 1, 1, 30), periods=time_dim, freq="3H")
/work/users/s233224/Climate-Change-Impacted-Solar-Energy-Generation/power_calculation.py:72: FutureWarning: The return type of `Dataset.dims` will be changed to return a set of dimension names in future, in order to be more consistent with `DataArray.dims`. To access a mapping from dimension names to lengths, please use `Dataset.sizes`.
  time_dim = ds.dims["time"]
/work/users/s233224/Climate-Change-Impacted-Solar-Energy-Generation/power_calculation.py:78: FutureWarning: 'H' is deprecated and will be removed in a future version, please use 'h' instead.
  time_axis = pd.date_range(start=datetime(year, 1, 1, 1, 30), periods=time_dim, freq="3H")
/work/users/s233224/Climate-Change-Impacted-Solar-Energy-Generation/power_calculation.py:72: FutureWarning: The return type of `Dataset.dims` will be changed to return a set of dimension names in future, in order to be more consistent with `DataArray.dims`. To access a mapping from dimension names to lengths, please use `Dataset.sizes`.
  time_dim = ds.dims["time"]
/work/users/s233224/Climate-Change-Impacted-Solar-Energy-Generation/power_calculation.py:78: FutureWarning: 'H' is deprecated and will be removed in a future version, please use 'h' instead.
  time_axis = pd.date_range(start=datetime(year, 1, 1, 1, 30), periods=time_dim, freq="3H")
/work/users/s233224/Climate-Change-Impacted-Solar-Energy-Generation/power_calculation.py:72: FutureWarning: The return type of `Dataset.dims` will be changed to return a set of dimension names in future, in order to be more consistent with `DataArray.dims`. To access a mapping from dimension names to lengths, please use `Dataset.sizes`.
  time_dim = ds.dims["time"]
/work/users/s233224/Climate-Change-Impacted-Solar-Energy-Generation/power_calculation.py:78: FutureWarning: 'H' is deprecated and will be removed in a future version, please use 'h' instead.
  time_axis = pd.date_range(start=datetime(year, 1, 1, 1, 30), periods=time_dim, freq="3H")
/work/users/s233224/Climate-Change-Impacted-Solar-Energy-Generation/power_calculation.py:72: FutureWarning: The return type of `Dataset.dims` will be changed to return a set of dimension names in future, in order to be more consistent with `DataArray.dims`. To access a mapping from dimension names to lengths, please use `Dataset.sizes`.
  time_dim = ds.dims["time"]
/work/users/s233224/Climate-Change-Impacted-Solar-Energy-Generation/power_calculation.py:78: FutureWarning: 'H' is deprecated and will be removed in a future version, please use 'h' instead.
  time_axis = pd.date_range(start=datetime(year, 1, 1, 1, 30), periods=time_dim, freq="3H")
/work/users/s233224/Climate-Change-Impacted-Solar-Energy-Generation/power_calculation.py:72: FutureWarning: The return type of `Dataset.dims` will be changed to return a set of dimension names in future, in order to be more consistent with `DataArray.dims`. To access a mapping from dimension names to lengths, please use `Dataset.sizes`.
  time_dim = ds.dims["time"]
/work/users/s233224/Climate-Change-Impacted-Solar-Energy-Generation/power_calculation.py:78: FutureWarning: 'H' is deprecated and will be removed in a future version, please use 'h' instead.
  time_axis = pd.date_range(start=datetime(year, 1, 1, 1, 30), periods=time_dim, freq="3H")
/work/users/s233224/Climate-Change-Impacted-Solar-Energy-Generation/power_calculation.py:72: FutureWarning: The return type of `Dataset.dims` will be changed to return a set of dimension names in future, in order to be more consistent with `DataArray.dims`. To access a mapping from dimension names to lengths, please use `Dataset.sizes`.
  time_dim = ds.dims["time"]
/work/users/s233224/Climate-Change-Impacted-Solar-Energy-Generation/power_calculation.py:78: FutureWarning: 'H' is deprecated and will be removed in a future version, please use 'h' instead.
  time_axis = pd.date_range(start=datetime(year, 1, 1, 1, 30), periods=time_dim, freq="3H")
/work/users/s233224/Climate-Change-Impacted-Solar-Energy-Generation/power_calculation.py:72: FutureWarning: The return type of `Dataset.dims` will be changed to return a set of dimension names in future, in order to be more consistent with `DataArray.dims`. To access a mapping from dimension names to lengths, please use `Dataset.sizes`.
  time_dim = ds.dims["time"]
/work/users/s233224/Climate-Change-Impacted-Solar-Energy-Generation/power_calculation.py:78: FutureWarning: 'H' is deprecated and will be removed in a future version, please use 'h' instead.
  time_axis = pd.date_range(start=datetime(year, 1, 1, 1, 30), periods=time_dim, freq="3H")
/work/users/s233224/Climate-Change-Impacted-Solar-Energy-Generation/power_calculation.py:72: FutureWarning: The return type of `Dataset.dims` will be changed to return a set of dimension names in future, in order to be more consistent with `DataArray.dims`. To access a mapping from dimension names to lengths, please use `Dataset.sizes`.
  time_dim = ds.dims["time"]
/work/users/s233224/Climate-Change-Impacted-Solar-Energy-Generation/power_calculation.py:78: FutureWarning: 'H' is deprecated and will be removed in a future version, please use 'h' instead.
  time_axis = pd.date_range(start=datetime(year, 1, 1, 1, 30), periods=time_dim, freq="3H")
/work/users/s233224/Climate-Change-Impacted-Solar-Energy-Generation/power_calculation.py:72: FutureWarning: The return type of `Dataset.dims` will be changed to return a set of dimension names in future, in order to be more consistent with `DataArray.dims`. To access a mapping from dimension names to lengths, please use `Dataset.sizes`.
  time_dim = ds.dims["time"]
/work/users/s233224/Climate-Change-Impacted-Solar-Energy-Generation/power_calculation.py:78: FutureWarning: 'H' is deprecated and will be removed in a future version, please use 'h' instead.
  time_axis = pd.date_range(start=datetime(year, 1, 1, 1, 30), periods=time_dim, freq="3H")
/work/users/s233224/Climate-Change-Impacted-Solar-Energy-Generation/power_calculation.py:72: FutureWarning: The return type of `Dataset.dims` will be changed to return a set of dimension names in future, in order to be more consistent with `DataArray.dims`. To access a mapping from dimension names to lengths, please use `Dataset.sizes`.
  time_dim = ds.dims["time"]
/work/users/s233224/Climate-Change-Impacted-Solar-Energy-Generation/power_calculation.py:78: FutureWarning: 'H' is deprecated and will be removed in a future version, please use 'h' instead.
  time_axis = pd.date_range(start=datetime(year, 1, 1, 1, 30), periods=time_dim, freq="3H")
/work/users/s233224/Climate-Change-Impacted-Solar-Energy-Generation/power_calculation.py:72: FutureWarning: The return type of `Dataset.dims` will be changed to return a set of dimension names in future, in order to be more consistent with `DataArray.dims`. To access a mapping from dimension names to lengths, please use `Dataset.sizes`.
  time_dim = ds.dims["time"]
/work/users/s233224/Climate-Change-Impacted-Solar-Energy-Generation/power_calculation.py:78: FutureWarning: 'H' is deprecated and will be removed in a future version, please use 'h' instead.
  time_axis = pd.date_range(start=datetime(year, 1, 1, 1, 30), periods=time_dim, freq="3H")
/work/users/s233224/Climate-Change-Impacted-Solar-Energy-Generation/power_calculation.py:72: FutureWarning: The return type of `Dataset.dims` will be changed to return a set of dimension names in future, in order to be more consistent with `DataArray.dims`. To access a mapping from dimension names to lengths, please use `Dataset.sizes`.
  time_dim = ds.dims["time"]
/work/users/s233224/Climate-Change-Impacted-Solar-Energy-Generation/power_calculation.py:78: FutureWarning: 'H' is deprecated and will be removed in a future version, please use 'h' instead.
  time_axis = pd.date_range(start=datetime(year, 1, 1, 1, 30), periods=time_dim, freq="3H")
/work/users/s233224/Climate-Change-Impacted-Solar-Energy-Generation/power_calculation.py:72: FutureWarning: The return type of `Dataset.dims` will be changed to return a set of dimension names in future, in order to be more consistent with `DataArray.dims`. To access a mapping from dimension names to lengths, please use `Dataset.sizes`.
  time_dim = ds.dims["time"]
/work/users/s233224/Climate-Change-Impacted-Solar-Energy-Generation/power_calculation.py:78: FutureWarning: 'H' is deprecated and will be removed in a future version, please use 'h' instead.
  time_axis = pd.date_range(start=datetime(year, 1, 1, 1, 30), periods=time_dim, freq="3H")
/work/users/s233224/Climate-Change-Impacted-Solar-Energy-Generation/power_calculation.py:72: FutureWarning: The return type of `Dataset.dims` will be changed to return a set of dimension names in future, in order to be more consistent with `DataArray.dims`. To access a mapping from dimension names to lengths, please use `Dataset.sizes`.
  time_dim = ds.dims["time"]
/work/users/s233224/Climate-Change-Impacted-Solar-Energy-Generation/power_calculation.py:78: FutureWarning: 'H' is deprecated and will be removed in a future version, please use 'h' instead.
  time_axis = pd.date_range(start=datetime(year, 1, 1, 1, 30), periods=time_dim, freq="3H")
/work/users/s233224/Climate-Change-Impacted-Solar-Energy-Generation/power_calculation.py:72: FutureWarning: The return type of `Dataset.dims` will be changed to return a set of dimension names in future, in order to be more consistent with `DataArray.dims`. To access a mapping from dimension names to lengths, please use `Dataset.sizes`.
  time_dim = ds.dims["time"]
/work/users/s233224/Climate-Change-Impacted-Solar-Energy-Generation/power_calculation.py:78: FutureWarning: 'H' is deprecated and will be removed in a future version, please use 'h' instead.
  time_axis = pd.date_range(start=datetime(year, 1, 1, 1, 30), periods=time_dim, freq="3H")
/work/users/s233224/Climate-Change-Impacted-Solar-Energy-Generation/power_calculation.py:72: FutureWarning: The return type of `Dataset.dims` will be changed to return a set of dimension names in future, in order to be more consistent with `DataArray.dims`. To access a mapping from dimension names to lengths, please use `Dataset.sizes`.
  time_dim = ds.dims["time"]
/work/users/s233224/Climate-Change-Impacted-Solar-Energy-Generation/power_calculation.py:78: FutureWarning: 'H' is deprecated and will be removed in a future version, please use 'h' instead.
  time_axis = pd.date_range(start=datetime(year, 1, 1, 1, 30), periods=time_dim, freq="3H")
/work/users/s233224/Climate-Change-Impacted-Solar-Energy-Generation/power_calculation.py:72: FutureWarning: The return type of `Dataset.dims` will be changed to return a set of dimension names in future, in order to be more consistent with `DataArray.dims`. To access a mapping from dimension names to lengths, please use `Dataset.sizes`.
  time_dim = ds.dims["time"]
/work/users/s233224/Climate-Change-Impacted-Solar-Energy-Generation/power_calculation.py:78: FutureWarning: 'H' is deprecated and will be removed in a future version, please use 'h' instead.
  time_axis = pd.date_range(start=datetime(year, 1, 1, 1, 30), periods=time_dim, freq="3H")
/work/users/s233224/Climate-Change-Impacted-Solar-Energy-Generation/power_calculation.py:72: FutureWarning: The return type of `Dataset.dims` will be changed to return a set of dimension names in future, in order to be more consistent with `DataArray.dims`. To access a mapping from dimension names to lengths, please use `Dataset.sizes`.
  time_dim = ds.dims["time"]
/work/users/s233224/Climate-Change-Impacted-Solar-Energy-Generation/power_calculation.py:78: FutureWarning: 'H' is deprecated and will be removed in a future version, please use 'h' instead.
  time_axis = pd.date_range(start=datetime(year, 1, 1, 1, 30), periods=time_dim, freq="3H")
/work/users/s233224/Climate-Change-Impacted-Solar-Energy-Generation/power_calculation.py:72: FutureWarning: The return type of `Dataset.dims` will be changed to return a set of dimension names in future, in order to be more consistent with `DataArray.dims`. To access a mapping from dimension names to lengths, please use `Dataset.sizes`.
  time_dim = ds.dims["time"]
/work/users/s233224/Climate-Change-Impacted-Solar-Energy-Generation/power_calculation.py:78: FutureWarning: 'H' is deprecated and will be removed in a future version, please use 'h' instead.
  time_axis = pd.date_range(start=datetime(year, 1, 1, 1, 30), periods=time_dim, freq="3H")
/work/users/s233224/Climate-Change-Impacted-Solar-Energy-Generation/power_calculation.py:72: FutureWarning: The return type of `Dataset.dims` will be changed to return a set of dimension names in future, in order to be more consistent with `DataArray.dims`. To access a mapping from dimension names to lengths, please use `Dataset.sizes`.
  time_dim = ds.dims["time"]
/work/users/s233224/Climate-Change-Impacted-Solar-Energy-Generation/power_calculation.py:78: FutureWarning: 'H' is deprecated and will be removed in a future version, please use 'h' instead.
  time_axis = pd.date_range(start=datetime(year, 1, 1, 1, 30), periods=time_dim, freq="3H")
/work/users/s233224/Climate-Change-Impacted-Solar-Energy-Generation/power_calculation.py:72: FutureWarning: The return type of `Dataset.dims` will be changed to return a set of dimension names in future, in order to be more consistent with `DataArray.dims`. To access a mapping from dimension names to lengths, please use `Dataset.sizes`.
  time_dim = ds.dims["time"]
/work/users/s233224/Climate-Change-Impacted-Solar-Energy-Generation/power_calculation.py:78: FutureWarning: 'H' is deprecated and will be removed in a future version, please use 'h' instead.
  time_axis = pd.date_range(start=datetime(year, 1, 1, 1, 30), periods=time_dim, freq="3H")
