Running wget_script_2025-2-26_20-38-17.sh version: 1.3.2
Use wget_script_2025-2-26_20-38-17.sh -h for help.

Script created for 9 file(s)
(The count won't match if you manually edit this file!)





rsdsdiff_3hr_ACCESS-CM2_ssp585_r1i1p1f1_gn_201501010130-202412312230.nc ...Downloading
  sha256 ok. done!
rsdsdiff_3hr_ACCESS-CM2_ssp585_r1i1p1f1_gn_202501010130-203412312230.nc ...Downloading
  sha256 ok. done!
rsdsdiff_3hr_ACCESS-CM2_ssp585_r1i1p1f1_gn_203501010130-204412312230.nc ...Downloading
  sha256 ok. done!
rsdsdiff_3hr_ACCESS-CM2_ssp585_r1i1p1f1_gn_204501010130-205412312230.nc ...Downloading
  sha256 ok. done!
rsdsdiff_3hr_ACCESS-CM2_ssp585_r1i1p1f1_gn_205501010130-206412312230.nc ...Downloading
  sha256 ok. done!
rsdsdiff_3hr_ACCESS-CM2_ssp585_r1i1p1f1_gn_206501010130-207412312230.nc ...Downloading
  sha256 ok. done!
rsdsdiff_3hr_ACCESS-CM2_ssp585_r1i1p1f1_gn_207501010130-208412312230.nc ...Downloading
  sha256 ok. done!
rsdsdiff_3hr_ACCESS-CM2_ssp585_r1i1p1f1_gn_208501010130-209412312230.nc ...Downloading
  sha256 ok. done!
rsdsdiff_3hr_ACCESS-CM2_ssp585_r1i1p1f1_gn_209501010130-210012312230.nc ...Downloading
  sha256 ok. done!
done
