Lmod has detected the following error: The following module(s) are unknown:
"python/3.13.1"

Please check the spelling or version number. Also try "module spider ..."
It is also possible your cache file is out-of-date; it may help to try:
  $ module --ignore-cache load "python/3.13.1"

Also make sure that all modulefiles written in TCL start with the string
#%Module



/home/s233224/anaconda3/envs/atlite_cmip6_2025/lib/python3.13/site-packages/esmpy/interface/loadESMF.py:94: VersionWarning: ESMF installation version 8.8.0, ESMPy version 8.8.0b0
  warnings.warn("ESMF installation version {}, ESMPy version {}".format(
/home/s233224/anaconda3/envs/atlite_cmip6_2025/lib/python3.13/site-packages/xesmf/frontend.py:718: UserWarning: Using dimensions ('y', 'x') from data variable influx_direct as the horizontal dimensions for the regridding.
  warnings.warn(
/home/s233224/anaconda3/envs/atlite_cmip6_2025/lib/python3.13/site-packages/xesmf/frontend.py:718: UserWarning: Using dimensions ('y', 'x') from data variable influx_diffuse as the horizontal dimensions for the regridding.
  warnings.warn(
/home/s233224/anaconda3/envs/atlite_cmip6_2025/lib/python3.13/site-packages/xesmf/frontend.py:718: UserWarning: Using dimensions ('y', 'x') from data variable influx_direct as the horizontal dimensions for the regridding.
  warnings.warn(
/home/s233224/anaconda3/envs/atlite_cmip6_2025/lib/python3.13/site-packages/xesmf/frontend.py:718: UserWarning: Using dimensions ('y', 'x') from data variable influx_diffuse as the horizontal dimensions for the regridding.
  warnings.warn(
/home/s233224/anaconda3/envs/atlite_cmip6_2025/lib/python3.13/site-packages/xesmf/frontend.py:718: UserWarning: Using dimensions ('lat', 'lon') from data variable None as the horizontal dimensions for the regridding.
  warnings.warn(
/home/s233224/anaconda3/envs/atlite_cmip6_2025/lib/python3.13/site-packages/xesmf/frontend.py:718: UserWarning: Using dimensions ('lat', 'lon') from data variable None as the horizontal dimensions for the regridding.
  warnings.warn(
/home/s233224/anaconda3/envs/atlite_cmip6_2025/lib/python3.13/site-packages/xesmf/frontend.py:718: UserWarning: Using dimensions ('y', 'x') from data variable temperature as the horizontal dimensions for the regridding.
  warnings.warn(
INFO:root:Saved temperature bias factor to /work/users/s233224/Climate-Change-Impacted-Solar-Energy-Generation/bias_factors/temp_bias_factor_ACCESS-CM2.nc
['/groups/EXTREMES/cutouts/europe-1996-era5.nc', '/groups/EXTREMES/cutouts/europe-2010-era5.nc', '/groups/EXTREMES/cutouts/europe-2012-era5.nc', '/groups/EXTREMES/cutouts/europe-2013-era5.nc']
['/groups/EXTREMES/SARAH-3/europe-1996-sarah3-era5.nc', '/groups/EXTREMES/SARAH-3/europe-2010-sarah3-era5.nc', '/groups/EXTREMES/SARAH-3/europe-2012-sarah3-era5.nc', '/groups/EXTREMES/SARAH-3/europe-2013-sarah3-era5.nc']
189 190
128 129
157 158
107 108
Shape of bias_factor_era5_sarah: (107, 157)
['/groups/EXTREMES/cutouts/europe-1996-era5.nc', '/groups/EXTREMES/cutouts/europe-2010-era5.nc', '/groups/EXTREMES/cutouts/europe-2012-era5.nc', '/groups/EXTREMES/cutouts/europe-2013-era5.nc']
['/groups/EXTREMES/SARAH-3/europe-1996-sarah3-era5.nc', '/groups/EXTREMES/SARAH-3/europe-2010-sarah3-era5.nc', '/groups/EXTREMES/SARAH-3/europe-2012-sarah3-era5.nc', '/groups/EXTREMES/SARAH-3/europe-2013-sarah3-era5.nc']
189 190
128 129
157 158
107 108
Shape of bias_factor_era5_sarah: (107, 157)
['/groups/EXTREMES/cutouts/europe-1980-era5.nc', '/groups/EXTREMES/cutouts/europe-1981-era5.nc', '/groups/EXTREMES/cutouts/europe-1982-era5.nc', '/groups/EXTREMES/cutouts/europe-1983-era5.nc', '/groups/EXTREMES/cutouts/europe-1984-era5.nc', '/groups/EXTREMES/cutouts/europe-1985-era5.nc', '/groups/EXTREMES/cutouts/europe-1986-era5.nc', '/groups/EXTREMES/cutouts/europe-1987-era5.nc', '/groups/EXTREMES/cutouts/europe-1988-era5.nc', '/groups/EXTREMES/cutouts/europe-1989-era5.nc', '/groups/EXTREMES/cutouts/europe-1990-era5.nc', '/groups/EXTREMES/cutouts/europe-1991-era5.nc', '/groups/EXTREMES/cutouts/europe-1992-era5.nc', '/groups/EXTREMES/cutouts/europe-1993-era5.nc', '/groups/EXTREMES/cutouts/europe-1994-era5.nc', '/groups/EXTREMES/cutouts/europe-1995-era5.nc', '/groups/EXTREMES/cutouts/europe-1996-era5.nc', '/groups/EXTREMES/cutouts/europe-1997-era5.nc', '/groups/EXTREMES/cutouts/europe-1998-era5.nc', '/groups/EXTREMES/cutouts/europe-1999-era5.nc', '/groups/EXTREMES/cutouts/europe-2000-era5.nc', '/groups/EXTREMES/cutouts/europe-2001-era5.nc', '/groups/EXTREMES/cutouts/europe-2002-era5.nc', '/groups/EXTREMES/cutouts/europe-2003-era5.nc', '/groups/EXTREMES/cutouts/europe-2004-era5.nc', '/groups/EXTREMES/cutouts/europe-2005-era5.nc', '/groups/EXTREMES/cutouts/europe-2006-era5.nc', '/groups/EXTREMES/cutouts/europe-2007-era5.nc', '/groups/EXTREMES/cutouts/europe-2008-era5.nc', '/groups/EXTREMES/cutouts/europe-2009-era5.nc', '/groups/EXTREMES/cutouts/europe-2010-era5.nc', '/groups/EXTREMES/cutouts/europe-2011-era5.nc', '/groups/EXTREMES/cutouts/europe-2012-era5.nc', '/groups/EXTREMES/cutouts/europe-2013-era5.nc', '/groups/EXTREMES/cutouts/europe-2014-era5.nc']
['/groups/FutureWind/SFCRAD/ACCESS-CM2/historical/r1i1p1f1/rsds_rsdsdiff_tas_1980.nc', '/groups/FutureWind/SFCRAD/ACCESS-CM2/historical/r1i1p1f1/rsds_rsdsdiff_tas_1981.nc', '/groups/FutureWind/SFCRAD/ACCESS-CM2/historical/r1i1p1f1/rsds_rsdsdiff_tas_1982.nc', '/groups/FutureWind/SFCRAD/ACCESS-CM2/historical/r1i1p1f1/rsds_rsdsdiff_tas_1983.nc', '/groups/FutureWind/SFCRAD/ACCESS-CM2/historical/r1i1p1f1/rsds_rsdsdiff_tas_1984.nc', '/groups/FutureWind/SFCRAD/ACCESS-CM2/historical/r1i1p1f1/rsds_rsdsdiff_tas_1985.nc', '/groups/FutureWind/SFCRAD/ACCESS-CM2/historical/r1i1p1f1/rsds_rsdsdiff_tas_1986.nc', '/groups/FutureWind/SFCRAD/ACCESS-CM2/historical/r1i1p1f1/rsds_rsdsdiff_tas_1987.nc', '/groups/FutureWind/SFCRAD/ACCESS-CM2/historical/r1i1p1f1/rsds_rsdsdiff_tas_1988.nc', '/groups/FutureWind/SFCRAD/ACCESS-CM2/historical/r1i1p1f1/rsds_rsdsdiff_tas_1989.nc', '/groups/FutureWind/SFCRAD/ACCESS-CM2/historical/r1i1p1f1/rsds_rsdsdiff_tas_1990.nc', '/groups/FutureWind/SFCRAD/ACCESS-CM2/historical/r1i1p1f1/rsds_rsdsdiff_tas_1991.nc', '/groups/FutureWind/SFCRAD/ACCESS-CM2/historical/r1i1p1f1/rsds_rsdsdiff_tas_1992.nc', '/groups/FutureWind/SFCRAD/ACCESS-CM2/historical/r1i1p1f1/rsds_rsdsdiff_tas_1993.nc', '/groups/FutureWind/SFCRAD/ACCESS-CM2/historical/r1i1p1f1/rsds_rsdsdiff_tas_1994.nc', '/groups/FutureWind/SFCRAD/ACCESS-CM2/historical/r1i1p1f1/rsds_rsdsdiff_tas_1995.nc', '/groups/FutureWind/SFCRAD/ACCESS-CM2/historical/r1i1p1f1/rsds_rsdsdiff_tas_1996.nc', '/groups/FutureWind/SFCRAD/ACCESS-CM2/historical/r1i1p1f1/rsds_rsdsdiff_tas_1997.nc', '/groups/FutureWind/SFCRAD/ACCESS-CM2/historical/r1i1p1f1/rsds_rsdsdiff_tas_1998.nc', '/groups/FutureWind/SFCRAD/ACCESS-CM2/historical/r1i1p1f1/rsds_rsdsdiff_tas_1999.nc', '/groups/FutureWind/SFCRAD/ACCESS-CM2/historical/r1i1p1f1/rsds_rsdsdiff_tas_2000.nc', '/groups/FutureWind/SFCRAD/ACCESS-CM2/historical/r1i1p1f1/rsds_rsdsdiff_tas_2001.nc', '/groups/FutureWind/SFCRAD/ACCESS-CM2/historical/r1i1p1f1/rsds_rsdsdiff_tas_2002.nc', '/groups/FutureWind/SFCRAD/ACCESS-CM2/historical/r1i1p1f1/rsds_rsdsdiff_tas_2003.nc', '/groups/FutureWind/SFCRAD/ACCESS-CM2/historical/r1i1p1f1/rsds_rsdsdiff_tas_2004.nc', '/groups/FutureWind/SFCRAD/ACCESS-CM2/historical/r1i1p1f1/rsds_rsdsdiff_tas_2005.nc', '/groups/FutureWind/SFCRAD/ACCESS-CM2/historical/r1i1p1f1/rsds_rsdsdiff_tas_2006.nc', '/groups/FutureWind/SFCRAD/ACCESS-CM2/historical/r1i1p1f1/rsds_rsdsdiff_tas_2007.nc', '/groups/FutureWind/SFCRAD/ACCESS-CM2/historical/r1i1p1f1/rsds_rsdsdiff_tas_2008.nc', '/groups/FutureWind/SFCRAD/ACCESS-CM2/historical/r1i1p1f1/rsds_rsdsdiff_tas_2009.nc', '/groups/FutureWind/SFCRAD/ACCESS-CM2/historical/r1i1p1f1/rsds_rsdsdiff_tas_2010.nc', '/groups/FutureWind/SFCRAD/ACCESS-CM2/historical/r1i1p1f1/rsds_rsdsdiff_tas_2011.nc', '/groups/FutureWind/SFCRAD/ACCESS-CM2/historical/r1i1p1f1/rsds_rsdsdiff_tas_2012.nc', '/groups/FutureWind/SFCRAD/ACCESS-CM2/historical/r1i1p1f1/rsds_rsdsdiff_tas_2013.nc', '/groups/FutureWind/SFCRAD/ACCESS-CM2/historical/r1i1p1f1/rsds_rsdsdiff_tas_2014.nc']
['/groups/FutureWind/SFCRAD/ACCESS-CM2/historical/r1i1p1f1/rsds_rsdsdiff_tas_1980.nc', '/groups/FutureWind/SFCRAD/ACCESS-CM2/historical/r1i1p1f1/rsds_rsdsdiff_tas_1981.nc', '/groups/FutureWind/SFCRAD/ACCESS-CM2/historical/r1i1p1f1/rsds_rsdsdiff_tas_1982.nc', '/groups/FutureWind/SFCRAD/ACCESS-CM2/historical/r1i1p1f1/rsds_rsdsdiff_tas_1983.nc', '/groups/FutureWind/SFCRAD/ACCESS-CM2/historical/r1i1p1f1/rsds_rsdsdiff_tas_1984.nc', '/groups/FutureWind/SFCRAD/ACCESS-CM2/historical/r1i1p1f1/rsds_rsdsdiff_tas_1985.nc', '/groups/FutureWind/SFCRAD/ACCESS-CM2/historical/r1i1p1f1/rsds_rsdsdiff_tas_1986.nc', '/groups/FutureWind/SFCRAD/ACCESS-CM2/historical/r1i1p1f1/rsds_rsdsdiff_tas_1987.nc', '/groups/FutureWind/SFCRAD/ACCESS-CM2/historical/r1i1p1f1/rsds_rsdsdiff_tas_1988.nc', '/groups/FutureWind/SFCRAD/ACCESS-CM2/historical/r1i1p1f1/rsds_rsdsdiff_tas_1989.nc', '/groups/FutureWind/SFCRAD/ACCESS-CM2/historical/r1i1p1f1/rsds_rsdsdiff_tas_1990.nc', '/groups/FutureWind/SFCRAD/ACCESS-CM2/historical/r1i1p1f1/rsds_rsdsdiff_tas_1991.nc', '/groups/FutureWind/SFCRAD/ACCESS-CM2/historical/r1i1p1f1/rsds_rsdsdiff_tas_1992.nc', '/groups/FutureWind/SFCRAD/ACCESS-CM2/historical/r1i1p1f1/rsds_rsdsdiff_tas_1993.nc', '/groups/FutureWind/SFCRAD/ACCESS-CM2/historical/r1i1p1f1/rsds_rsdsdiff_tas_1994.nc', '/groups/FutureWind/SFCRAD/ACCESS-CM2/historical/r1i1p1f1/rsds_rsdsdiff_tas_1995.nc', '/groups/FutureWind/SFCRAD/ACCESS-CM2/historical/r1i1p1f1/rsds_rsdsdiff_tas_1996.nc', '/groups/FutureWind/SFCRAD/ACCESS-CM2/historical/r1i1p1f1/rsds_rsdsdiff_tas_1997.nc', '/groups/FutureWind/SFCRAD/ACCESS-CM2/historical/r1i1p1f1/rsds_rsdsdiff_tas_1998.nc', '/groups/FutureWind/SFCRAD/ACCESS-CM2/historical/r1i1p1f1/rsds_rsdsdiff_tas_1999.nc', '/groups/FutureWind/SFCRAD/ACCESS-CM2/historical/r1i1p1f1/rsds_rsdsdiff_tas_2000.nc', '/groups/FutureWind/SFCRAD/ACCESS-CM2/historical/r1i1p1f1/rsds_rsdsdiff_tas_2001.nc', '/groups/FutureWind/SFCRAD/ACCESS-CM2/historical/r1i1p1f1/rsds_rsdsdiff_tas_2002.nc', '/groups/FutureWind/SFCRAD/ACCESS-CM2/historical/r1i1p1f1/rsds_rsdsdiff_tas_2003.nc', '/groups/FutureWind/SFCRAD/ACCESS-CM2/historical/r1i1p1f1/rsds_rsdsdiff_tas_2004.nc', '/groups/FutureWind/SFCRAD/ACCESS-CM2/historical/r1i1p1f1/rsds_rsdsdiff_tas_2005.nc', '/groups/FutureWind/SFCRAD/ACCESS-CM2/historical/r1i1p1f1/rsds_rsdsdiff_tas_2006.nc', '/groups/FutureWind/SFCRAD/ACCESS-CM2/historical/r1i1p1f1/rsds_rsdsdiff_tas_2007.nc', '/groups/FutureWind/SFCRAD/ACCESS-CM2/historical/r1i1p1f1/rsds_rsdsdiff_tas_2008.nc', '/groups/FutureWind/SFCRAD/ACCESS-CM2/historical/r1i1p1f1/rsds_rsdsdiff_tas_2009.nc', '/groups/FutureWind/SFCRAD/ACCESS-CM2/historical/r1i1p1f1/rsds_rsdsdiff_tas_2010.nc', '/groups/FutureWind/SFCRAD/ACCESS-CM2/historical/r1i1p1f1/rsds_rsdsdiff_tas_2011.nc', '/groups/FutureWind/SFCRAD/ACCESS-CM2/historical/r1i1p1f1/rsds_rsdsdiff_tas_2012.nc', '/groups/FutureWind/SFCRAD/ACCESS-CM2/historical/r1i1p1f1/rsds_rsdsdiff_tas_2013.nc', '/groups/FutureWind/SFCRAD/ACCESS-CM2/historical/r1i1p1f1/rsds_rsdsdiff_tas_2014.nc']
['/groups/EXTREMES/cutouts/europe-1980-era5.nc', '/groups/EXTREMES/cutouts/europe-1981-era5.nc', '/groups/EXTREMES/cutouts/europe-1982-era5.nc', '/groups/EXTREMES/cutouts/europe-1983-era5.nc', '/groups/EXTREMES/cutouts/europe-1984-era5.nc', '/groups/EXTREMES/cutouts/europe-1985-era5.nc', '/groups/EXTREMES/cutouts/europe-1986-era5.nc', '/groups/EXTREMES/cutouts/europe-1987-era5.nc', '/groups/EXTREMES/cutouts/europe-1988-era5.nc', '/groups/EXTREMES/cutouts/europe-1989-era5.nc', '/groups/EXTREMES/cutouts/europe-1990-era5.nc', '/groups/EXTREMES/cutouts/europe-1991-era5.nc', '/groups/EXTREMES/cutouts/europe-1992-era5.nc', '/groups/EXTREMES/cutouts/europe-1993-era5.nc', '/groups/EXTREMES/cutouts/europe-1994-era5.nc', '/groups/EXTREMES/cutouts/europe-1995-era5.nc', '/groups/EXTREMES/cutouts/europe-1996-era5.nc', '/groups/EXTREMES/cutouts/europe-1997-era5.nc', '/groups/EXTREMES/cutouts/europe-1998-era5.nc', '/groups/EXTREMES/cutouts/europe-1999-era5.nc', '/groups/EXTREMES/cutouts/europe-2000-era5.nc', '/groups/EXTREMES/cutouts/europe-2001-era5.nc', '/groups/EXTREMES/cutouts/europe-2002-era5.nc', '/groups/EXTREMES/cutouts/europe-2003-era5.nc', '/groups/EXTREMES/cutouts/europe-2004-era5.nc', '/groups/EXTREMES/cutouts/europe-2005-era5.nc', '/groups/EXTREMES/cutouts/europe-2006-era5.nc', '/groups/EXTREMES/cutouts/europe-2007-era5.nc', '/groups/EXTREMES/cutouts/europe-2008-era5.nc', '/groups/EXTREMES/cutouts/europe-2009-era5.nc', '/groups/EXTREMES/cutouts/europe-2010-era5.nc', '/groups/EXTREMES/cutouts/europe-2011-era5.nc', '/groups/EXTREMES/cutouts/europe-2012-era5.nc', '/groups/EXTREMES/cutouts/europe-2013-era5.nc', '/groups/EXTREMES/cutouts/europe-2014-era5.nc']
['/groups/EXTREMES/cutouts/europe-1980-era5.nc', '/groups/EXTREMES/cutouts/europe-1981-era5.nc', '/groups/EXTREMES/cutouts/europe-1982-era5.nc', '/groups/EXTREMES/cutouts/europe-1983-era5.nc', '/groups/EXTREMES/cutouts/europe-1984-era5.nc', '/groups/EXTREMES/cutouts/europe-1985-era5.nc', '/groups/EXTREMES/cutouts/europe-1986-era5.nc', '/groups/EXTREMES/cutouts/europe-1987-era5.nc', '/groups/EXTREMES/cutouts/europe-1988-era5.nc', '/groups/EXTREMES/cutouts/europe-1989-era5.nc', '/groups/EXTREMES/cutouts/europe-1990-era5.nc', '/groups/EXTREMES/cutouts/europe-1991-era5.nc', '/groups/EXTREMES/cutouts/europe-1992-era5.nc', '/groups/EXTREMES/cutouts/europe-1993-era5.nc', '/groups/EXTREMES/cutouts/europe-1994-era5.nc', '/groups/EXTREMES/cutouts/europe-1995-era5.nc', '/groups/EXTREMES/cutouts/europe-1996-era5.nc', '/groups/EXTREMES/cutouts/europe-1997-era5.nc', '/groups/EXTREMES/cutouts/europe-1998-era5.nc', '/groups/EXTREMES/cutouts/europe-1999-era5.nc', '/groups/EXTREMES/cutouts/europe-2000-era5.nc', '/groups/EXTREMES/cutouts/europe-2001-era5.nc', '/groups/EXTREMES/cutouts/europe-2002-era5.nc', '/groups/EXTREMES/cutouts/europe-2003-era5.nc', '/groups/EXTREMES/cutouts/europe-2004-era5.nc', '/groups/EXTREMES/cutouts/europe-2005-era5.nc', '/groups/EXTREMES/cutouts/europe-2006-era5.nc', '/groups/EXTREMES/cutouts/europe-2007-era5.nc', '/groups/EXTREMES/cutouts/europe-2008-era5.nc', '/groups/EXTREMES/cutouts/europe-2009-era5.nc', '/groups/EXTREMES/cutouts/europe-2010-era5.nc', '/groups/EXTREMES/cutouts/europe-2011-era5.nc', '/groups/EXTREMES/cutouts/europe-2012-era5.nc', '/groups/EXTREMES/cutouts/europe-2013-era5.nc', '/groups/EXTREMES/cutouts/europe-2014-era5.nc']
['/groups/FutureWind/SFCRAD//ACCESS-CM2/historical/r1i1p1f1/rsds_rsdsdiff_tas_1980.nc', '/groups/FutureWind/SFCRAD//ACCESS-CM2/historical/r1i1p1f1/rsds_rsdsdiff_tas_1981.nc', '/groups/FutureWind/SFCRAD//ACCESS-CM2/historical/r1i1p1f1/rsds_rsdsdiff_tas_1982.nc', '/groups/FutureWind/SFCRAD//ACCESS-CM2/historical/r1i1p1f1/rsds_rsdsdiff_tas_1983.nc', '/groups/FutureWind/SFCRAD//ACCESS-CM2/historical/r1i1p1f1/rsds_rsdsdiff_tas_1984.nc', '/groups/FutureWind/SFCRAD//ACCESS-CM2/historical/r1i1p1f1/rsds_rsdsdiff_tas_1985.nc', '/groups/FutureWind/SFCRAD//ACCESS-CM2/historical/r1i1p1f1/rsds_rsdsdiff_tas_1986.nc', '/groups/FutureWind/SFCRAD//ACCESS-CM2/historical/r1i1p1f1/rsds_rsdsdiff_tas_1987.nc', '/groups/FutureWind/SFCRAD//ACCESS-CM2/historical/r1i1p1f1/rsds_rsdsdiff_tas_1988.nc', '/groups/FutureWind/SFCRAD//ACCESS-CM2/historical/r1i1p1f1/rsds_rsdsdiff_tas_1989.nc', '/groups/FutureWind/SFCRAD//ACCESS-CM2/historical/r1i1p1f1/rsds_rsdsdiff_tas_1990.nc', '/groups/FutureWind/SFCRAD//ACCESS-CM2/historical/r1i1p1f1/rsds_rsdsdiff_tas_1991.nc', '/groups/FutureWind/SFCRAD//ACCESS-CM2/historical/r1i1p1f1/rsds_rsdsdiff_tas_1992.nc', '/groups/FutureWind/SFCRAD//ACCESS-CM2/historical/r1i1p1f1/rsds_rsdsdiff_tas_1993.nc', '/groups/FutureWind/SFCRAD//ACCESS-CM2/historical/r1i1p1f1/rsds_rsdsdiff_tas_1994.nc', '/groups/FutureWind/SFCRAD//ACCESS-CM2/historical/r1i1p1f1/rsds_rsdsdiff_tas_1995.nc', '/groups/FutureWind/SFCRAD//ACCESS-CM2/historical/r1i1p1f1/rsds_rsdsdiff_tas_1996.nc', '/groups/FutureWind/SFCRAD//ACCESS-CM2/historical/r1i1p1f1/rsds_rsdsdiff_tas_1997.nc', '/groups/FutureWind/SFCRAD//ACCESS-CM2/historical/r1i1p1f1/rsds_rsdsdiff_tas_1998.nc', '/groups/FutureWind/SFCRAD//ACCESS-CM2/historical/r1i1p1f1/rsds_rsdsdiff_tas_1999.nc', '/groups/FutureWind/SFCRAD//ACCESS-CM2/historical/r1i1p1f1/rsds_rsdsdiff_tas_2000.nc', '/groups/FutureWind/SFCRAD//ACCESS-CM2/historical/r1i1p1f1/rsds_rsdsdiff_tas_2001.nc', '/groups/FutureWind/SFCRAD//ACCESS-CM2/historical/r1i1p1f1/rsds_rsdsdiff_tas_2002.nc', '/groups/FutureWind/SFCRAD//ACCESS-CM2/historical/r1i1p1f1/rsds_rsdsdiff_tas_2003.nc', '/groups/FutureWind/SFCRAD//ACCESS-CM2/historical/r1i1p1f1/rsds_rsdsdiff_tas_2004.nc', '/groups/FutureWind/SFCRAD//ACCESS-CM2/historical/r1i1p1f1/rsds_rsdsdiff_tas_2005.nc', '/groups/FutureWind/SFCRAD//ACCESS-CM2/historical/r1i1p1f1/rsds_rsdsdiff_tas_2006.nc', '/groups/FutureWind/SFCRAD//ACCESS-CM2/historical/r1i1p1f1/rsds_rsdsdiff_tas_2007.nc', '/groups/FutureWind/SFCRAD//ACCESS-CM2/historical/r1i1p1f1/rsds_rsdsdiff_tas_2008.nc', '/groups/FutureWind/SFCRAD//ACCESS-CM2/historical/r1i1p1f1/rsds_rsdsdiff_tas_2009.nc', '/groups/FutureWind/SFCRAD//ACCESS-CM2/historical/r1i1p1f1/rsds_rsdsdiff_tas_2010.nc', '/groups/FutureWind/SFCRAD//ACCESS-CM2/historical/r1i1p1f1/rsds_rsdsdiff_tas_2011.nc', '/groups/FutureWind/SFCRAD//ACCESS-CM2/historical/r1i1p1f1/rsds_rsdsdiff_tas_2012.nc', '/groups/FutureWind/SFCRAD//ACCESS-CM2/historical/r1i1p1f1/rsds_rsdsdiff_tas_2013.nc', '/groups/FutureWind/SFCRAD//ACCESS-CM2/historical/r1i1p1f1/rsds_rsdsdiff_tas_2014.nc']
189 190
128 129
157 158
131 132
189 190
128 129
157 158
131 132
157 158
107 108
25 26
26 27
157 158
107 108
25 26
26 27
189 190
128 129
25 26
26 27
Traceback (most recent call last):
  File "/work/users/s233224/Climate-Change-Impacted-Solar-Energy-Generation/bias_correction.py", line 171, in <module>
    main()
    ~~~~^^
  File "/work/users/s233224/Climate-Change-Impacted-Solar-Energy-Generation/bias_correction.py", line 166, in main
    bias_factor_era5_model(model, period, variant, direct_bias_factor_era5_sarah, diffuse_bias_factor_era5_sarah, output_dir)
    ~~~~~~~~~~~~~~~~~~~~~~^^^^^^^^^^^^^^^^^^^^^^^^^^^^^^^^^^^^^^^^^^^^^^^^^^^^^^^^^^^^^^^^^^^^^^^^^^^^^^^^^^^^^^^^^^^^^^^^^^^
  File "/work/users/s233224/Climate-Change-Impacted-Solar-Energy-Generation/bias_correction.py", line 149, in bias_factor_era5_model
    if direct_bias_factor_era5_model.shape != (len(rsds_model_mean_BOC.lat), len(rsds_model_mean_BOC.lon)):
       ^^^^^^^^^^^^^^^^^^^^^^^^^^^^^
UnboundLocalError: cannot access local variable 'direct_bias_factor_era5_model' where it is not associated with a value
