Running wget_script_2025-2-28_11-20-17.sh version: 1.3.2
Use wget_script_2025-2-28_11-20-17.sh -h for help.

Script created for 18 file(s)
(The count won't match if you manually edit this file!)



Retrieving Federation Certificates...--2025-02-28 11:30:19--  https://github.com/ESGF/esgf-dist/raw/master/installer/certs/esg-truststore.ts
Resolving github.com (github.com)... 140.82.121.3
Connecting to github.com (github.com)|140.82.121.3|:443... connected.
HTTP request sent, awaiting response... 302 Found
Location: https://raw.githubusercontent.com/ESGF/esgf-dist/master/installer/certs/esg-truststore.ts [following]
--2025-02-28 11:30:20--  https://raw.githubusercontent.com/ESGF/esgf-dist/master/installer/certs/esg-truststore.ts
Resolving raw.githubusercontent.com (raw.githubusercontent.com)... 185.199.110.133, 185.199.111.133, 185.199.108.133, ...
Connecting to raw.githubusercontent.com (raw.githubusercontent.com)|185.199.110.133|:443... connected.
HTTP request sent, awaiting response... 200 OK
Length: 35962 (35K) [video/mp2t]
Saving to: ‘/home/s233224/.esg/esg-truststore.ts’

     0K .......... .......... .......... .....                100%  565K=0.06s

2025-02-28 11:30:20 (565 KB/s) - ‘/home/s233224/.esg/esg-truststore.ts’ saved [35962/35962]

tar: esg_trusted_certificates/064e0aa9.0: Cannot open: File exists
tar: esg_trusted_certificates/3513523f.0: Cannot open: File exists
tar: esg_trusted_certificates/7ed47087.0: Cannot open: File exists
tar: Exiting with failure status due to previous errors
--2025-02-28 11:30:20--  https://raw.githubusercontent.com/ESGF/esgf-dist/master/installer/certs/esg_trusted_certificates.tar
Resolving raw.githubusercontent.com (raw.githubusercontent.com)... 185.199.109.133, 185.199.110.133, 185.199.111.133, ...
Connecting to raw.githubusercontent.com (raw.githubusercontent.com)|185.199.109.133|:443... connected.
HTTP request sent, awaiting response... 200 OK
Length: 102400 (100K) [application/octet-stream]
Saving to: ‘esg_trusted_certificates.tar’

     0K .......... .......... .......... .......... .......... 50% 1.81M 0s
    50K .......... .......... .......... .......... ..........100% 1.81M 0s
   100K                                                       100% 0.00 =0.05s

2025-02-28 11:30:21 (1.81 MB/s) - ‘esg_trusted_certificates.tar’ saved [102400/102400]

Could't update certs!


tas_3hr_CMCC-CM2-SR5_ssp585_r1i1p1f1_gn_201501010300-202001010000.nc ...Downloading
  sha256 ok. done!
tas_3hr_CMCC-CM2-SR5_ssp585_r1i1p1f1_gn_202001010300-202501010000.nc ...Downloading
  sha256 ok. done!
tas_3hr_CMCC-CM2-SR5_ssp585_r1i1p1f1_gn_202501010300-203001010000.nc ...Downloading
  sha256 ok. done!
tas_3hr_CMCC-CM2-SR5_ssp585_r1i1p1f1_gn_203001010300-203501010000.nc ...Downloading
  sha256 ok. done!
tas_3hr_CMCC-CM2-SR5_ssp585_r1i1p1f1_gn_203501010300-204001010000.nc ...Downloading
  sha256 ok. done!
tas_3hr_CMCC-CM2-SR5_ssp585_r1i1p1f1_gn_204001010300-204501010000.nc ...Downloading
  sha256 ok. done!
tas_3hr_CMCC-CM2-SR5_ssp585_r1i1p1f1_gn_204501010300-205001010000.nc ...Downloading
  sha256 ok. done!
tas_3hr_CMCC-CM2-SR5_ssp585_r1i1p1f1_gn_205001010300-205501010000.nc ...Downloading
  sha256 ok. done!
tas_3hr_CMCC-CM2-SR5_ssp585_r1i1p1f1_gn_205501010300-206001010000.nc ...Downloading
  sha256 ok. done!
tas_3hr_CMCC-CM2-SR5_ssp585_r1i1p1f1_gn_206001010300-206501010000.nc ...Downloading
  sha256 ok. done!
tas_3hr_CMCC-CM2-SR5_ssp585_r1i1p1f1_gn_206501010300-207001010000.nc ...Downloading
  sha256 ok. done!
tas_3hr_CMCC-CM2-SR5_ssp585_r1i1p1f1_gn_207001010300-207501010000.nc ...Downloading
  sha256 ok. done!
tas_3hr_CMCC-CM2-SR5_ssp585_r1i1p1f1_gn_207501010300-208001010000.nc ...Downloading
  sha256 ok. done!
tas_3hr_CMCC-CM2-SR5_ssp585_r1i1p1f1_gn_208001010300-208501010000.nc ...Downloading
  sha256 ok. done!
tas_3hr_CMCC-CM2-SR5_ssp585_r1i1p1f1_gn_208501010300-209001010000.nc ...Downloading
  sha256 ok. done!
tas_3hr_CMCC-CM2-SR5_ssp585_r1i1p1f1_gn_209001010300-209501010000.nc ...Downloading
  sha256 ok. done!
tas_3hr_CMCC-CM2-SR5_ssp585_r1i1p1f1_gn_209501010300-210001010000.nc ...Downloading
  sha256 ok. done!
tas_3hr_CMCC-CM2-SR5_ssp585_r1i1p1f1_gn_210001010300-210101010000.nc ...Downloading
  sha256 ok. done!
done
