Running wget_script_2025-3-1_11-39-21.sh version: 1.3.2
Use wget_script_2025-3-1_11-39-21.sh -h for help.

Script created for 7 file(s)
(The count won't match if you manually edit this file!)



Retrieving Federation Certificates...--2025-03-02 19:48:09--  https://github.com/ESGF/esgf-dist/raw/master/installer/certs/esg-truststore.ts
Resolving github.com (github.com)... 140.82.121.3
Connecting to github.com (github.com)|140.82.121.3|:443... connected.
HTTP request sent, awaiting response... 302 Found
Location: https://raw.githubusercontent.com/ESGF/esgf-dist/master/installer/certs/esg-truststore.ts [following]
--2025-03-02 19:48:09--  https://raw.githubusercontent.com/ESGF/esgf-dist/master/installer/certs/esg-truststore.ts
Resolving raw.githubusercontent.com (raw.githubusercontent.com)... 185.199.110.133, 185.199.108.133, 185.199.111.133, ...
Connecting to raw.githubusercontent.com (raw.githubusercontent.com)|185.199.110.133|:443... connected.
HTTP request sent, awaiting response... 200 OK
Length: 35962 (35K) [video/mp2t]
Saving to: ‘/home/s233224/.esg/esg-truststore.ts’

     0K .......... .......... .......... .....                100% 2.54M=0.01s

2025-03-02 19:48:09 (2.54 MB/s) - ‘/home/s233224/.esg/esg-truststore.ts’ saved [35962/35962]

mv: cannot overwrite non-directory ‘/home/s233224/.esg/certificates’ with directory ‘/home/s233224/.esg/esg_trusted_certificates’
done!


rsdsdiff_3hr_CNRM-CM6-1_historical_r1i1p1f2_gr_185001010130-187412312230.nc ...Downloading
ERROR : http request to OpenID Relying Party service failed.
download failed
rsdsdiff_3hr_CNRM-CM6-1_historical_r1i1p1f2_gr_187501010130-189912312230.nc ...Downloading
ERROR : http request to OpenID Relying Party service failed.
download failed
rsdsdiff_3hr_CNRM-CM6-1_historical_r1i1p1f2_gr_190001010130-192412312230.nc ...Downloading
ERROR : http request to OpenID Relying Party service failed.
download failed
rsdsdiff_3hr_CNRM-CM6-1_historical_r1i1p1f2_gr_192501010130-194912312230.nc ...Downloading
ERROR : http request to OpenID Relying Party service failed.
download failed
rsdsdiff_3hr_CNRM-CM6-1_historical_r1i1p1f2_gr_195001010130-197412312230.nc ...Downloading
ERROR : http request to OpenID Relying Party service failed.
download failed
rsdsdiff_3hr_CNRM-CM6-1_historical_r1i1p1f2_gr_197501010130-199912312230.nc ...Downloading
ERROR : http request to OpenID Relying Party service failed.
download failed
rsdsdiff_3hr_CNRM-CM6-1_historical_r1i1p1f2_gr_200001010130-201412312230.nc ...Downloading
ERROR : http request to OpenID Relying Party service failed.
download failed
done
