Running wget_script_2025-3-2_19-32-36.sh version: 1.3.2
Use wget_script_2025-3-2_19-32-36.sh -h for help.

Script created for 7 file(s)
(The count won't match if you manually edit this file!)



Retrieving Federation Certificates...--2025-03-02 19:43:14--  https://github.com/ESGF/esgf-dist/raw/master/installer/certs/esg-truststore.ts
Resolving github.com (github.com)... 140.82.121.3
Connecting to github.com (github.com)|140.82.121.3|:443... connected.
HTTP request sent, awaiting response... 302 Found
Location: https://raw.githubusercontent.com/ESGF/esgf-dist/master/installer/certs/esg-truststore.ts [following]
--2025-03-02 19:43:15--  https://raw.githubusercontent.com/ESGF/esgf-dist/master/installer/certs/esg-truststore.ts
Resolving raw.githubusercontent.com (raw.githubusercontent.com)... 185.199.108.133, 185.199.111.133, 185.199.109.133, ...
Connecting to raw.githubusercontent.com (raw.githubusercontent.com)|185.199.108.133|:443... connected.
HTTP request sent, awaiting response... 200 OK
Length: 35962 (35K) [video/mp2t]
Saving to: ‘/home/s233224/.esg/esg-truststore.ts’

     0K .......... .......... .......... .....                100% 2.56M=0.01s

2025-03-02 19:43:15 (2.56 MB/s) - ‘/home/s233224/.esg/esg-truststore.ts’ saved [35962/35962]

mv: cannot overwrite non-directory ‘/home/s233224/.esg/certificates’ with directory ‘/home/s233224/.esg/esg_trusted_certificates’
done!


tas_3hr_CNRM-CM6-1_historical_r1i1p1f2_gr_185001010300-187501010000.nc ...Downloading
  sha256 ok. done!
tas_3hr_CNRM-CM6-1_historical_r1i1p1f2_gr_187501010300-190001010000.nc ...Downloading
