Running wget_script_2025-3-3_17-47-24.sh version: 1.3.2
Use wget_script_2025-3-3_17-47-24.sh -h for help.

Script created for 29 file(s)
(The count won't match if you manually edit this file!)



Retrieving Federation Certificates...--2025-03-03 17:50:24--  https://github.com/ESGF/esgf-dist/raw/master/installer/certs/esg-truststore.ts
Resolving github.com (github.com)... 140.82.121.4
Connecting to github.com (github.com)|140.82.121.4|:443... connected.
HTTP request sent, awaiting response... 302 Found
Location: https://raw.githubusercontent.com/ESGF/esgf-dist/master/installer/certs/esg-truststore.ts [following]
--2025-03-03 17:50:24--  https://raw.githubusercontent.com/ESGF/esgf-dist/master/installer/certs/esg-truststore.ts
Resolving raw.githubusercontent.com (raw.githubusercontent.com)... 185.199.110.133, 185.199.111.133, 185.199.108.133, ...
Connecting to raw.githubusercontent.com (raw.githubusercontent.com)|185.199.110.133|:443... connected.
HTTP request sent, awaiting response... 200 OK
Length: 35962 (35K) [video/mp2t]
Saving to: ‘/home/s233224/.esg/esg-truststore.ts’

     0K .......... .......... .......... .....                100% 2.10M=0.02s

2025-03-03 17:50:24 (2.10 MB/s) - ‘/home/s233224/.esg/esg-truststore.ts’ saved [35962/35962]

mv: cannot overwrite non-directory ‘/home/s233224/.esg/certificates’ with directory ‘/home/s233224/.esg/esg_trusted_certificates’
done!


rsdsdiff_3hr_MRI-ESM2-0_ssp585_r1i1p1f1_gn_201501010130-202412312230.nc ...Downloading
  sha256 ok. done!
rsdsdiff_3hr_MRI-ESM2-0_ssp585_r1i1p1f1_gn_202501010130-203412312230.nc ...Downloading
  sha256 ok. done!
rsdsdiff_3hr_MRI-ESM2-0_ssp585_r1i1p1f1_gn_203501010130-204412312230.nc ...Downloading
  sha256 ok. done!
rsdsdiff_3hr_MRI-ESM2-0_ssp585_r1i1p1f1_gn_204501010130-205412312230.nc ...Downloading
  sha256 ok. done!
rsdsdiff_3hr_MRI-ESM2-0_ssp585_r1i1p1f1_gn_205501010130-206412312230.nc ...Downloading
  sha256 ok. done!
rsdsdiff_3hr_MRI-ESM2-0_ssp585_r1i1p1f1_gn_206501010130-207412312230.nc ...Downloading
  sha256 ok. done!
rsdsdiff_3hr_MRI-ESM2-0_ssp585_r1i1p1f1_gn_207501010130-208412312230.nc ...Downloading
  sha256 ok. done!
rsdsdiff_3hr_MRI-ESM2-0_ssp585_r1i1p1f1_gn_208501010130-209412312230.nc ...Downloading
  sha256 ok. done!
rsdsdiff_3hr_MRI-ESM2-0_ssp585_r1i1p1f1_gn_209501010130-210012312230.nc ...Downloading
  sha256 ok. done!
done
