Running wget_script_2025-3-3_16-38-2.sh version: 1.3.2
Use wget_script_2025-3-3_16-38-2.sh -h for help.

Script created for 6 file(s)
(The count won't match if you manually edit this file!)



Retrieving Federation Certificates...--2025-03-03 16:41:46--  https://github.com/ESGF/esgf-dist/raw/master/installer/certs/esg-truststore.ts
Resolving github.com (github.com)... 140.82.121.4
Connecting to github.com (github.com)|140.82.121.4|:443... connected.
HTTP request sent, awaiting response... 302 Found
Location: https://raw.githubusercontent.com/ESGF/esgf-dist/master/installer/certs/esg-truststore.ts [following]
--2025-03-03 16:41:46--  https://raw.githubusercontent.com/ESGF/esgf-dist/master/installer/certs/esg-truststore.ts
Resolving raw.githubusercontent.com (raw.githubusercontent.com)... 185.199.109.133, 185.199.110.133, 185.199.111.133, ...
Connecting to raw.githubusercontent.com (raw.githubusercontent.com)|185.199.109.133|:443... connected.
HTTP request sent, awaiting response... 200 OK
Length: 35962 (35K) [video/mp2t]
Saving to: ‘/home/s233224/.esg/esg-truststore.ts’

     0K .......... .......... .......... .....                100% 2.49M=0.01s

2025-03-03 16:41:47 (2.49 MB/s) - ‘/home/s233224/.esg/esg-truststore.ts’ saved [35962/35962]

mv: cannot overwrite non-directory ‘/home/s233224/.esg/certificates’ with directory ‘/home/s233224/.esg/esg_trusted_certificates’
done!


tas_3hr_MRI-ESM2-0_historical_r1i1p1f1_gn_198001010000-198912312100.nc ...Downloading
  sha256 ok. done!
tas_3hr_MRI-ESM2-0_historical_r1i1p1f1_gn_199001010000-199912312100.nc ...Downloading
  sha256 ok. done!
tas_3hr_MRI-ESM2-0_historical_r1i1p1f1_gn_200001010000-200912312100.nc ...Downloading
  sha256 ok. done!
tas_3hr_MRI-ESM2-0_historical_r1i1p1f1_gn_201001010000-201412312100.nc ...Downloading
  sha256 ok. done!
done
