Lmod has detected the following error: The following module(s) are unknown:
"python/3.13.1"

Please check the spelling or version number. Also try "module spider ..."
It is also possible your cache file is out-of-date; it may help to try:
  $ module --ignore-cache load "python/3.13.1"

Also make sure that all modulefiles written in TCL start with the string
#%Module



/home/s233224/anaconda3/envs/atlite_cmip6_2025/lib/python3.13/site-packages/esmpy/interface/loadESMF.py:94: VersionWarning: ESMF installation version 8.8.0, ESMPy version 8.8.0b0
  warnings.warn("ESMF installation version {}, ESMPy version {}".format(
/home/s233224/anaconda3/envs/atlite_cmip6_2025/lib/python3.13/site-packages/xesmf/frontend.py:718: UserWarning: Using dimensions ('y', 'x') from data variable albedo as the horizontal dimensions for the regridding.
  warnings.warn(
/home/s233224/anaconda3/envs/atlite_cmip6_2025/lib/python3.13/site-packages/xarray/groupers.py:487: FutureWarning: 'H' is deprecated and will be removed in a future version, please use 'h' instead.
  self.index_grouper = pd.Grouper(
['/groups/EXTREMES/cutouts/europe-1980-era5.nc', '/groups/EXTREMES/cutouts/europe-1981-era5.nc', '/groups/EXTREMES/cutouts/europe-1982-era5.nc', '/groups/EXTREMES/cutouts/europe-1983-era5.nc', '/groups/EXTREMES/cutouts/europe-1984-era5.nc', '/groups/EXTREMES/cutouts/europe-1985-era5.nc', '/groups/EXTREMES/cutouts/europe-1986-era5.nc', '/groups/EXTREMES/cutouts/europe-1987-era5.nc', '/groups/EXTREMES/cutouts/europe-1988-era5.nc', '/groups/EXTREMES/cutouts/europe-1989-era5.nc', '/groups/EXTREMES/cutouts/europe-1990-era5.nc', '/groups/EXTREMES/cutouts/europe-1991-era5.nc', '/groups/EXTREMES/cutouts/europe-1992-era5.nc', '/groups/EXTREMES/cutouts/europe-1993-era5.nc', '/groups/EXTREMES/cutouts/europe-1994-era5.nc', '/groups/EXTREMES/cutouts/europe-1995-era5.nc', '/groups/EXTREMES/cutouts/europe-1996-era5.nc', '/groups/EXTREMES/cutouts/europe-1997-era5.nc', '/groups/EXTREMES/cutouts/europe-1998-era5.nc', '/groups/EXTREMES/cutouts/europe-1999-era5.nc', '/groups/EXTREMES/cutouts/europe-2000-era5.nc', '/groups/EXTREMES/cutouts/europe-2001-era5.nc', '/groups/EXTREMES/cutouts/europe-2002-era5.nc', '/groups/EXTREMES/cutouts/europe-2003-era5.nc', '/groups/EXTREMES/cutouts/europe-2004-era5.nc', '/groups/EXTREMES/cutouts/europe-2005-era5.nc', '/groups/EXTREMES/cutouts/europe-2006-era5.nc', '/groups/EXTREMES/cutouts/europe-2007-era5.nc', '/groups/EXTREMES/cutouts/europe-2008-era5.nc', '/groups/EXTREMES/cutouts/europe-2009-era5.nc', '/groups/EXTREMES/cutouts/europe-2010-era5.nc', '/groups/EXTREMES/cutouts/europe-2011-era5.nc', '/groups/EXTREMES/cutouts/europe-2012-era5.nc', '/groups/EXTREMES/cutouts/europe-2013-era5.nc', '/groups/EXTREMES/cutouts/europe-2014-era5.nc']
189 190
157 158
28 29
20 21
Processing model: ACCESS-CM2
  Processing Period: historical
    Processing file: /groups/FutureWind/SFCRAD/ACCESS-CM2/historical/r1i1p1f1/rsds_rsdsdiff_tas_1988.nc
File opened
Bias correction done
Time resampling done
Solar position calculated
Surface orientation calculated
Albedo calculated
Albedo shape: (26, 25)
Latitude range: 33.125 to 64.375
Longitude range: -10.3125 to 34.6875
ds_h lat: [20.625 21.875 23.125 24.375 25.625 26.875 28.125 29.375 30.625 31.875
 33.125 34.375 35.625 36.875 38.125 39.375 40.625 41.875 43.125 44.375
 45.625 46.875 48.125 49.375 50.625 51.875 53.125 54.375 55.625 56.875
 58.125 59.375 60.625 61.875 63.125 64.375 65.625 66.875 68.125 69.375
 70.625 71.875 73.125 74.375]
albedo lat: [33.125 34.375 35.625 36.875 38.125 39.375 40.625 41.875 43.125 44.375
 45.625 46.875 48.125 49.375 50.625 51.875 53.125 54.375 55.625 56.875
 58.125 59.375 60.625 61.875 63.125 64.375]
ds_h lon: [-29.0625 -27.1875 -25.3125 -23.4375 -21.5625 -19.6875 -17.8125 -15.9375
 -14.0625 -12.1875 -10.3125  -8.4375  -6.5625  -4.6875  -2.8125  -0.9375
   0.9375   2.8125   4.6875   6.5625   8.4375  10.3125  12.1875  14.0625
  15.9375  17.8125  19.6875  21.5625  23.4375  25.3125  27.1875  29.0625
  30.9375  32.8125  34.6875  36.5625  38.4375  40.3125  42.1875  44.0625
  45.9375  47.8125  49.6875]
albedo lon: [-10.3125  -8.4375  -6.5625  -4.6875  -2.8125  -0.9375   0.9375   2.8125
   4.6875   6.5625   8.4375  10.3125  12.1875  14.0625  15.9375  17.8125
  19.6875  21.5625  23.4375  25.3125  27.1875  29.0625  30.9375  32.8125
  34.6875]
ds_h lat dtype: float32
albedo lat dtype: float32
ds_h lon dtype: float32
albedo lon dtype: float32
ds_h lat size: 44
albedo lat size: 26
ds_h lon size: 43
albedo lon size: 25
    Failed to process file /groups/FutureWind/SFCRAD/ACCESS-CM2/historical/r1i1p1f1/rsds_rsdsdiff_tas_1988.nc: cannot align objects with join='exact' where index/labels/sizes are not equal along these coordinates (dimensions): 'lat' ('lat',)
