Running wget_script_2025-2-28_11-44-29.sh version: 1.3.2
Use wget_script_2025-2-28_11-44-29.sh -h for help.

Script created for 9 file(s)
(The count won't match if you manually edit this file!)



Retrieving Federation Certificates...--2025-02-28 11:45:46--  https://github.com/ESGF/esgf-dist/raw/master/installer/certs/esg-truststore.ts
Resolving github.com (github.com)... 140.82.121.4
Connecting to github.com (github.com)|140.82.121.4|:443... connected.
HTTP request sent, awaiting response... 302 Found
Location: https://raw.githubusercontent.com/ESGF/esgf-dist/master/installer/certs/esg-truststore.ts [following]
--2025-02-28 11:45:46--  https://raw.githubusercontent.com/ESGF/esgf-dist/master/installer/certs/esg-truststore.ts
Resolving raw.githubusercontent.com (raw.githubusercontent.com)... 185.199.109.133, 185.199.110.133, 185.199.111.133, ...
Connecting to raw.githubusercontent.com (raw.githubusercontent.com)|185.199.109.133|:443... connected.
HTTP request sent, awaiting response... 200 OK
Length: 35962 (35K) [video/mp2t]
Saving to: ‘/home/s233224/.esg/esg-truststore.ts’

     0K .......... .......... .......... .....                100% 2.54M=0.01s

2025-02-28 11:45:46 (2.54 MB/s) - ‘/home/s233224/.esg/esg-truststore.ts’ saved [35962/35962]

mv: cannot overwrite non-directory ‘/home/s233224/.esg/certificates’ with directory ‘/home/s233224/.esg/esg_trusted_certificates’
done!


rsdsdiff_3hr_CanESM5_ssp585_r1i1p2f1_gn_201501010130-202012312230.nc ...Downloading
  sha256 ok. done!
rsdsdiff_3hr_CanESM5_ssp585_r1i1p2f1_gn_202101010130-203012312230.nc ...Downloading
  sha256 ok. done!
rsdsdiff_3hr_CanESM5_ssp585_r1i1p2f1_gn_203101010130-204012312230.nc ...Downloading
  sha256 ok. done!
rsdsdiff_3hr_CanESM5_ssp585_r1i1p2f1_gn_204101010130-205012312230.nc ...Downloading
  sha256 ok. done!
rsdsdiff_3hr_CanESM5_ssp585_r1i1p2f1_gn_205101010130-206012312230.nc ...Downloading
  sha256 ok. done!
rsdsdiff_3hr_CanESM5_ssp585_r1i1p2f1_gn_206101010130-207012312230.nc ...Downloading
  sha256 ok. done!
rsdsdiff_3hr_CanESM5_ssp585_r1i1p2f1_gn_207101010130-208012312230.nc ...Downloading
  sha256 ok. done!
rsdsdiff_3hr_CanESM5_ssp585_r1i1p2f1_gn_208101010130-209012312230.nc ...Downloading
  sha256 ok. done!
rsdsdiff_3hr_CanESM5_ssp585_r1i1p2f1_gn_209101010130-210012312230.nc ...Downloading
  sha256 ok. done!
done
