Running wget_script_2025-2-28_10-58-40.sh version: 1.3.2
Use wget_script_2025-2-28_10-58-40.sh -h for help.

Script created for 33 file(s)
(The count won't match if you manually edit this file!)



Retrieving Federation Certificates...--2025-02-28 11:30:19--  https://github.com/ESGF/esgf-dist/raw/master/installer/certs/esg-truststore.ts
Resolving github.com (github.com)... 140.82.121.3
Connecting to github.com (github.com)|140.82.121.3|:443... connected.
HTTP request sent, awaiting response... 302 Found
Location: https://raw.githubusercontent.com/ESGF/esgf-dist/master/installer/certs/esg-truststore.ts [following]
--2025-02-28 11:30:20--  https://raw.githubusercontent.com/ESGF/esgf-dist/master/installer/certs/esg-truststore.ts
Resolving raw.githubusercontent.com (raw.githubusercontent.com)... 185.199.109.133, 185.199.110.133, 185.199.111.133, ...
Connecting to raw.githubusercontent.com (raw.githubusercontent.com)|185.199.109.133|:443... connected.
HTTP request sent, awaiting response... 200 OK
Length: 35962 (35K) [video/mp2t]
Saving to: ‘/home/s233224/.esg/esg-truststore.ts’

     0K .......... .......... .......... .....                100%  566K=0.06s

2025-02-28 11:30:20 (566 KB/s) - ‘/home/s233224/.esg/esg-truststore.ts’ saved [35962/35962]

mv: cannot stat ‘/home/s233224/.esg/esg_trusted_certificates’: No such file or directory
done!


rsdsdiff_3hr_CMCC-CM2-SR5_historical_r1i1p1f1_gn_185001010130-185412312230.nc ...Downloading
  sha256 ok. done!
rsdsdiff_3hr_CMCC-CM2-SR5_historical_r1i1p1f1_gn_185501010130-185912312230.nc ...Downloading
  sha256 ok. done!
rsdsdiff_3hr_CMCC-CM2-SR5_historical_r1i1p1f1_gn_186001010130-186412312230.nc ...Downloading
  sha256 ok. done!
rsdsdiff_3hr_CMCC-CM2-SR5_historical_r1i1p1f1_gn_186501010130-186912312230.nc ...Downloading
  sha256 ok. done!
rsdsdiff_3hr_CMCC-CM2-SR5_historical_r1i1p1f1_gn_187001010130-187412312230.nc ...Downloading
  sha256 ok. done!
rsdsdiff_3hr_CMCC-CM2-SR5_historical_r1i1p1f1_gn_187501010130-187912312230.nc ...Downloading
  sha256 ok. done!
rsdsdiff_3hr_CMCC-CM2-SR5_historical_r1i1p1f1_gn_188001010130-188412312230.nc ...Downloading
  sha256 ok. done!
rsdsdiff_3hr_CMCC-CM2-SR5_historical_r1i1p1f1_gn_188501010130-188912312230.nc ...Downloading
  sha256 ok. done!
rsdsdiff_3hr_CMCC-CM2-SR5_historical_r1i1p1f1_gn_189001010130-189412312230.nc ...Downloading
  sha256 ok. done!
rsdsdiff_3hr_CMCC-CM2-SR5_historical_r1i1p1f1_gn_189501010130-189912312230.nc ...Downloading
  sha256 ok. done!
rsdsdiff_3hr_CMCC-CM2-SR5_historical_r1i1p1f1_gn_190001010130-190412312230.nc ...Downloading
  sha256 ok. done!
rsdsdiff_3hr_CMCC-CM2-SR5_historical_r1i1p1f1_gn_190501010130-190912312230.nc ...Downloading
  sha256 ok. done!
rsdsdiff_3hr_CMCC-CM2-SR5_historical_r1i1p1f1_gn_191001010130-191412312230.nc ...Downloading
  sha256 ok. done!
rsdsdiff_3hr_CMCC-CM2-SR5_historical_r1i1p1f1_gn_191501010130-191912312230.nc ...Downloading
  sha256 ok. done!
rsdsdiff_3hr_CMCC-CM2-SR5_historical_r1i1p1f1_gn_192001010130-192412312230.nc ...Downloading
  sha256 ok. done!
rsdsdiff_3hr_CMCC-CM2-SR5_historical_r1i1p1f1_gn_192501010130-192912312230.nc ...Downloading
  sha256 ok. done!
rsdsdiff_3hr_CMCC-CM2-SR5_historical_r1i1p1f1_gn_193001010130-193412312230.nc ...Downloading
  sha256 ok. done!
rsdsdiff_3hr_CMCC-CM2-SR5_historical_r1i1p1f1_gn_193501010130-193912312230.nc ...Downloading
  sha256 ok. done!
rsdsdiff_3hr_CMCC-CM2-SR5_historical_r1i1p1f1_gn_194001010130-194412312230.nc ...Downloading
  sha256 ok. done!
rsdsdiff_3hr_CMCC-CM2-SR5_historical_r1i1p1f1_gn_194501010130-194912312230.nc ...Downloading
  sha256 ok. done!
rsdsdiff_3hr_CMCC-CM2-SR5_historical_r1i1p1f1_gn_195001010130-195412312230.nc ...Downloading
  sha256 ok. done!
rsdsdiff_3hr_CMCC-CM2-SR5_historical_r1i1p1f1_gn_195501010130-195912312230.nc ...Downloading
  sha256 ok. done!
rsdsdiff_3hr_CMCC-CM2-SR5_historical_r1i1p1f1_gn_196001010130-196412312230.nc ...Downloading
  sha256 ok. done!
rsdsdiff_3hr_CMCC-CM2-SR5_historical_r1i1p1f1_gn_196501010130-196912312230.nc ...Downloading
  sha256 ok. done!
rsdsdiff_3hr_CMCC-CM2-SR5_historical_r1i1p1f1_gn_197001010130-197412312230.nc ...Downloading
  sha256 ok. done!
rsdsdiff_3hr_CMCC-CM2-SR5_historical_r1i1p1f1_gn_197501010130-197912312230.nc ...Downloading
  sha256 ok. done!
rsdsdiff_3hr_CMCC-CM2-SR5_historical_r1i1p1f1_gn_198001010130-198412312230.nc ...Downloading
  sha256 ok. done!
rsdsdiff_3hr_CMCC-CM2-SR5_historical_r1i1p1f1_gn_198501010130-198912312230.nc ...Downloading
  sha256 ok. done!
rsdsdiff_3hr_CMCC-CM2-SR5_historical_r1i1p1f1_gn_199001010130-199412312230.nc ...Downloading
  sha256 ok. done!
rsdsdiff_3hr_CMCC-CM2-SR5_historical_r1i1p1f1_gn_199501010130-199912312230.nc ...Downloading
  sha256 ok. done!
rsdsdiff_3hr_CMCC-CM2-SR5_historical_r1i1p1f1_gn_200001010130-200412312230.nc ...Downloading
  sha256 ok. done!
rsdsdiff_3hr_CMCC-CM2-SR5_historical_r1i1p1f1_gn_200501010130-200912312230.nc ...Downloading
  sha256 ok. done!
rsdsdiff_3hr_CMCC-CM2-SR5_historical_r1i1p1f1_gn_201001010130-201412312230.nc ...Downloading
  sha256 ok. done!
done
