Lmod has detected the following error: The following module(s) are unknown:
"python/3.13.1"

Please check the spelling or version number. Also try "module spider ..."
It is also possible your cache file is out-of-date; it may help to try:
  $ module --ignore-cache load "python/3.13.1"

Also make sure that all modulefiles written in TCL start with the string
#%Module



/home/s233224/anaconda3/envs/atlite_cmip6_2025/lib/python3.13/site-packages/esmpy/interface/loadESMF.py:94: VersionWarning: ESMF installation version 8.8.0, ESMPy version 8.8.0b0
  warnings.warn("ESMF installation version {}, ESMPy version {}".format(
/home/s233224/anaconda3/envs/atlite_cmip6_2025/lib/python3.13/site-packages/xesmf/frontend.py:718: UserWarning: Using dimensions ('y', 'x') from data variable albedo as the horizontal dimensions for the regridding.
  warnings.warn(
/home/s233224/anaconda3/envs/atlite_cmip6_2025/lib/python3.13/site-packages/xarray/groupers.py:487: FutureWarning: 'H' is deprecated and will be removed in a future version, please use 'h' instead.
  self.index_grouper = pd.Grouper(
['/groups/EXTREMES/cutouts/europe-1980-era5.nc', '/groups/EXTREMES/cutouts/europe-1981-era5.nc', '/groups/EXTREMES/cutouts/europe-1982-era5.nc', '/groups/EXTREMES/cutouts/europe-1983-era5.nc', '/groups/EXTREMES/cutouts/europe-1984-era5.nc', '/groups/EXTREMES/cutouts/europe-1985-era5.nc', '/groups/EXTREMES/cutouts/europe-1986-era5.nc', '/groups/EXTREMES/cutouts/europe-1987-era5.nc', '/groups/EXTREMES/cutouts/europe-1988-era5.nc', '/groups/EXTREMES/cutouts/europe-1989-era5.nc', '/groups/EXTREMES/cutouts/europe-1990-era5.nc', '/groups/EXTREMES/cutouts/europe-1991-era5.nc', '/groups/EXTREMES/cutouts/europe-1992-era5.nc', '/groups/EXTREMES/cutouts/europe-1993-era5.nc', '/groups/EXTREMES/cutouts/europe-1994-era5.nc', '/groups/EXTREMES/cutouts/europe-1995-era5.nc', '/groups/EXTREMES/cutouts/europe-1996-era5.nc', '/groups/EXTREMES/cutouts/europe-1997-era5.nc', '/groups/EXTREMES/cutouts/europe-1998-era5.nc', '/groups/EXTREMES/cutouts/europe-1999-era5.nc', '/groups/EXTREMES/cutouts/europe-2000-era5.nc', '/groups/EXTREMES/cutouts/europe-2001-era5.nc', '/groups/EXTREMES/cutouts/europe-2002-era5.nc', '/groups/EXTREMES/cutouts/europe-2003-era5.nc', '/groups/EXTREMES/cutouts/europe-2004-era5.nc', '/groups/EXTREMES/cutouts/europe-2005-era5.nc', '/groups/EXTREMES/cutouts/europe-2006-era5.nc', '/groups/EXTREMES/cutouts/europe-2007-era5.nc', '/groups/EXTREMES/cutouts/europe-2008-era5.nc', '/groups/EXTREMES/cutouts/europe-2009-era5.nc', '/groups/EXTREMES/cutouts/europe-2010-era5.nc', '/groups/EXTREMES/cutouts/europe-2011-era5.nc', '/groups/EXTREMES/cutouts/europe-2012-era5.nc', '/groups/EXTREMES/cutouts/europe-2013-era5.nc', '/groups/EXTREMES/cutouts/europe-2014-era5.nc']
189 190
157 158
28 29
20 21
Filtered files for the year 1988:
{'CanESM5': {'historical': ['/groups/FutureWind/SFCRAD/CanESM5/historical/r1i1p2f1/rsds_rsdsdiff_tas_1988.nc']}}
Processing model: CanESM5
  Processing Period: historical
    Processing file: /groups/FutureWind/SFCRAD/CanESM5/historical/r1i1p2f1/rsds_rsdsdiff_tas_1988.nc
File opened
Time decoded
Bias correction done
Time resampling done
Solar position calculated
Surface orientation calculated
Tilted irradiation calculated
Solar panel model calculated
Aggregated generation calculated
Saved solar power data to /work/users/s233224/Climate-Change-Impacted-Solar-Energy-Generation/power/CanESM5/historical/solar_power_1988.nc
Saved aggregated solar power data to /work/users/s233224/Climate-Change-Impacted-Solar-Energy-Generation/power/CanESM5/historical/solar_power_1988.nc_aggregated
