Running wget_script_2025-2-28_11-5-17.sh version: 1.3.2
Use wget_script_2025-2-28_11-5-17.sh -h for help.

Script created for 33 file(s)
(The count won't match if you manually edit this file!)



Retrieving Federation Certificates...--2025-02-28 11:30:19--  https://github.com/ESGF/esgf-dist/raw/master/installer/certs/esg-truststore.ts
Resolving github.com (github.com)... 140.82.121.3
Connecting to github.com (github.com)|140.82.121.3|:443... connected.
HTTP request sent, awaiting response... 302 Found
Location: https://raw.githubusercontent.com/ESGF/esgf-dist/master/installer/certs/esg-truststore.ts [following]
--2025-02-28 11:30:20--  https://raw.githubusercontent.com/ESGF/esgf-dist/master/installer/certs/esg-truststore.ts
Resolving raw.githubusercontent.com (raw.githubusercontent.com)... 185.199.108.133, 185.199.109.133, 185.199.110.133, ...
Connecting to raw.githubusercontent.com (raw.githubusercontent.com)|185.199.108.133|:443... connected.
HTTP request sent, awaiting response... 200 OK
Length: 35962 (35K) [video/mp2t]
Saving to: ‘/home/s233224/.esg/esg-truststore.ts’

     0K .......... .......... .......... .....                100%  647K=0.05s

2025-02-28 11:30:20 (647 KB/s) - ‘/home/s233224/.esg/esg-truststore.ts’ saved [35962/35962]

done!


tas_3hr_CMCC-CM2-SR5_historical_r1i1p1f1_gn_185001010300-185501010000.nc ...Downloading
  sha256 ok. done!
tas_3hr_CMCC-CM2-SR5_historical_r1i1p1f1_gn_185501010300-186001010000.nc ...Downloading
  sha256 ok. done!
tas_3hr_CMCC-CM2-SR5_historical_r1i1p1f1_gn_186001010300-186501010000.nc ...Downloading
  sha256 ok. done!
tas_3hr_CMCC-CM2-SR5_historical_r1i1p1f1_gn_186501010300-187001010000.nc ...Downloading
  sha256 ok. done!
tas_3hr_CMCC-CM2-SR5_historical_r1i1p1f1_gn_187001010300-187501010000.nc ...Downloading
  sha256 ok. done!
tas_3hr_CMCC-CM2-SR5_historical_r1i1p1f1_gn_187501010300-188001010000.nc ...Downloading
  sha256 ok. done!
tas_3hr_CMCC-CM2-SR5_historical_r1i1p1f1_gn_188001010300-188501010000.nc ...Downloading
  sha256 ok. done!
tas_3hr_CMCC-CM2-SR5_historical_r1i1p1f1_gn_188501010300-189001010000.nc ...Downloading
  sha256 ok. done!
tas_3hr_CMCC-CM2-SR5_historical_r1i1p1f1_gn_189001010300-189501010000.nc ...Downloading
  sha256 ok. done!
tas_3hr_CMCC-CM2-SR5_historical_r1i1p1f1_gn_189501010300-190001010000.nc ...Downloading
  sha256 ok. done!
tas_3hr_CMCC-CM2-SR5_historical_r1i1p1f1_gn_190001010300-190501010000.nc ...Downloading
  sha256 ok. done!
tas_3hr_CMCC-CM2-SR5_historical_r1i1p1f1_gn_190501010300-191001010000.nc ...Downloading
  sha256 ok. done!
tas_3hr_CMCC-CM2-SR5_historical_r1i1p1f1_gn_191001010300-191501010000.nc ...Downloading
  sha256 ok. done!
tas_3hr_CMCC-CM2-SR5_historical_r1i1p1f1_gn_191501010300-192001010000.nc ...Downloading
  sha256 ok. done!
tas_3hr_CMCC-CM2-SR5_historical_r1i1p1f1_gn_192001010300-192501010000.nc ...Downloading
  sha256 ok. done!
tas_3hr_CMCC-CM2-SR5_historical_r1i1p1f1_gn_192501010300-193001010000.nc ...Downloading
  sha256 ok. done!
tas_3hr_CMCC-CM2-SR5_historical_r1i1p1f1_gn_193001010300-193501010000.nc ...Downloading
  sha256 ok. done!
tas_3hr_CMCC-CM2-SR5_historical_r1i1p1f1_gn_193501010300-194001010000.nc ...Downloading
  sha256 ok. done!
tas_3hr_CMCC-CM2-SR5_historical_r1i1p1f1_gn_194001010300-194501010000.nc ...Downloading
  sha256 ok. done!
tas_3hr_CMCC-CM2-SR5_historical_r1i1p1f1_gn_194501010300-195001010000.nc ...Downloading
  sha256 ok. done!
tas_3hr_CMCC-CM2-SR5_historical_r1i1p1f1_gn_195001010300-195501010000.nc ...Downloading
  sha256 ok. done!
tas_3hr_CMCC-CM2-SR5_historical_r1i1p1f1_gn_195501010300-196001010000.nc ...Downloading
  sha256 ok. done!
tas_3hr_CMCC-CM2-SR5_historical_r1i1p1f1_gn_196001010300-196501010000.nc ...Downloading
  sha256 ok. done!
tas_3hr_CMCC-CM2-SR5_historical_r1i1p1f1_gn_196501010300-197001010000.nc ...Downloading
  sha256 ok. done!
tas_3hr_CMCC-CM2-SR5_historical_r1i1p1f1_gn_197001010300-197501010000.nc ...Downloading
  sha256 ok. done!
tas_3hr_CMCC-CM2-SR5_historical_r1i1p1f1_gn_197501010300-198001010000.nc ...Downloading
  sha256 ok. done!
tas_3hr_CMCC-CM2-SR5_historical_r1i1p1f1_gn_198001010300-198501010000.nc ...Downloading
  sha256 ok. done!
tas_3hr_CMCC-CM2-SR5_historical_r1i1p1f1_gn_198501010300-199001010000.nc ...Downloading
  sha256 ok. done!
tas_3hr_CMCC-CM2-SR5_historical_r1i1p1f1_gn_199001010300-199501010000.nc ...Downloading
  sha256 ok. done!
tas_3hr_CMCC-CM2-SR5_historical_r1i1p1f1_gn_199501010300-200001010000.nc ...Downloading
  sha256 ok. done!
tas_3hr_CMCC-CM2-SR5_historical_r1i1p1f1_gn_200001010300-200501010000.nc ...Downloading
  sha256 ok. done!
tas_3hr_CMCC-CM2-SR5_historical_r1i1p1f1_gn_200501010300-201001010000.nc ...Downloading
  sha256 ok. done!
tas_3hr_CMCC-CM2-SR5_historical_r1i1p1f1_gn_201001010300-201501010000.nc ...Downloading
  sha256 ok. done!
done
