Lmod has detected the following error: The following module(s) are unknown:
"python/3.13.1"

Please check the spelling or version number. Also try "module spider ..."
It is also possible your cache file is out-of-date; it may help to try:
  $ module --ignore-cache load "python/3.13.1"

Also make sure that all modulefiles written in TCL start with the string
#%Module



[(datetime.datetime(1980, 1, 1, 1, 30), datetime.datetime(1989, 12, 31, 21, 0), 'tas_3hr_MRI-ESM2-0_historical_r1i1p1f1_gn_198001010000-198912312100.nc', 'rsds_3hr_MRI-ESM2-0_historical_r1i1p1f1_gn_198001010130-198912312230.nc', 'rsdsdiff_3hr_MRI-ESM2-0_historical_r1i1p1f1_gn_198001010130-198912312230.nc'), (datetime.datetime(2000, 1, 1, 1, 30), datetime.datetime(2009, 12, 31, 21, 0), 'tas_3hr_MRI-ESM2-0_historical_r1i1p1f1_gn_200001010000-200912312100.nc', 'rsds_3hr_MRI-ESM2-0_historical_r1i1p1f1_gn_200001010130-200912312230.nc', 'rsdsdiff_3hr_MRI-ESM2-0_historical_r1i1p1f1_gn_200001010130-200912312230.nc'), (datetime.datetime(1990, 1, 1, 1, 30), datetime.datetime(1999, 12, 31, 21, 0), 'tas_3hr_MRI-ESM2-0_historical_r1i1p1f1_gn_199001010000-199912312100.nc', 'rsds_3hr_MRI-ESM2-0_historical_r1i1p1f1_gn_199001010130-199912312230.nc', 'rsdsdiff_3hr_MRI-ESM2-0_historical_r1i1p1f1_gn_199001010130-199912312230.nc'), (datetime.datetime(2010, 1, 1, 1, 30), datetime.datetime(2014, 12, 31, 21, 0), 'tas_3hr_MRI-ESM2-0_historical_r1i1p1f1_gn_201001010000-201412312100.nc', 'rsds_3hr_MRI-ESM2-0_historical_r1i1p1f1_gn_201001010130-201412312230.nc', 'rsdsdiff_3hr_MRI-ESM2-0_historical_r1i1p1f1_gn_201001010130-201412312230.nc')]
Processing overlap from 1980-01-01 01:30:00 to 1989-12-31 21:00:00:
  - TAS file: tas_3hr_MRI-ESM2-0_historical_r1i1p1f1_gn_198001010000-198912312100.nc
  - RSDS file: rsds_3hr_MRI-ESM2-0_historical_r1i1p1f1_gn_198001010130-198912312230.nc
  - RSDSDIFF file: rsdsdiff_3hr_MRI-ESM2-0_historical_r1i1p1f1_gn_198001010130-198912312230.nc
Saved data for year 1980 to /groups/FutureWind/SFCRAD/MRI-ESM2-0/historical/r1i1p1f1/rsds_rsdsdiff_tas_1980.nc
Saved data for year 1981 to /groups/FutureWind/SFCRAD/MRI-ESM2-0/historical/r1i1p1f1/rsds_rsdsdiff_tas_1981.nc
Saved data for year 1982 to /groups/FutureWind/SFCRAD/MRI-ESM2-0/historical/r1i1p1f1/rsds_rsdsdiff_tas_1982.nc
Saved data for year 1983 to /groups/FutureWind/SFCRAD/MRI-ESM2-0/historical/r1i1p1f1/rsds_rsdsdiff_tas_1983.nc
Saved data for year 1984 to /groups/FutureWind/SFCRAD/MRI-ESM2-0/historical/r1i1p1f1/rsds_rsdsdiff_tas_1984.nc
Saved data for year 1985 to /groups/FutureWind/SFCRAD/MRI-ESM2-0/historical/r1i1p1f1/rsds_rsdsdiff_tas_1985.nc
Saved data for year 1986 to /groups/FutureWind/SFCRAD/MRI-ESM2-0/historical/r1i1p1f1/rsds_rsdsdiff_tas_1986.nc
Saved data for year 1987 to /groups/FutureWind/SFCRAD/MRI-ESM2-0/historical/r1i1p1f1/rsds_rsdsdiff_tas_1987.nc
Saved data for year 1988 to /groups/FutureWind/SFCRAD/MRI-ESM2-0/historical/r1i1p1f1/rsds_rsdsdiff_tas_1988.nc
Saved data for year 1989 to /groups/FutureWind/SFCRAD/MRI-ESM2-0/historical/r1i1p1f1/rsds_rsdsdiff_tas_1989.nc
Processing overlap from 2000-01-01 01:30:00 to 2009-12-31 21:00:00:
  - TAS file: tas_3hr_MRI-ESM2-0_historical_r1i1p1f1_gn_200001010000-200912312100.nc
  - RSDS file: rsds_3hr_MRI-ESM2-0_historical_r1i1p1f1_gn_200001010130-200912312230.nc
  - RSDSDIFF file: rsdsdiff_3hr_MRI-ESM2-0_historical_r1i1p1f1_gn_200001010130-200912312230.nc
Saved data for year 2000 to /groups/FutureWind/SFCRAD/MRI-ESM2-0/historical/r1i1p1f1/rsds_rsdsdiff_tas_2000.nc
Saved data for year 2001 to /groups/FutureWind/SFCRAD/MRI-ESM2-0/historical/r1i1p1f1/rsds_rsdsdiff_tas_2001.nc
Saved data for year 2002 to /groups/FutureWind/SFCRAD/MRI-ESM2-0/historical/r1i1p1f1/rsds_rsdsdiff_tas_2002.nc
Saved data for year 2003 to /groups/FutureWind/SFCRAD/MRI-ESM2-0/historical/r1i1p1f1/rsds_rsdsdiff_tas_2003.nc
Saved data for year 2004 to /groups/FutureWind/SFCRAD/MRI-ESM2-0/historical/r1i1p1f1/rsds_rsdsdiff_tas_2004.nc
Saved data for year 2005 to /groups/FutureWind/SFCRAD/MRI-ESM2-0/historical/r1i1p1f1/rsds_rsdsdiff_tas_2005.nc
Saved data for year 2006 to /groups/FutureWind/SFCRAD/MRI-ESM2-0/historical/r1i1p1f1/rsds_rsdsdiff_tas_2006.nc
Saved data for year 2007 to /groups/FutureWind/SFCRAD/MRI-ESM2-0/historical/r1i1p1f1/rsds_rsdsdiff_tas_2007.nc
Saved data for year 2008 to /groups/FutureWind/SFCRAD/MRI-ESM2-0/historical/r1i1p1f1/rsds_rsdsdiff_tas_2008.nc
Saved data for year 2009 to /groups/FutureWind/SFCRAD/MRI-ESM2-0/historical/r1i1p1f1/rsds_rsdsdiff_tas_2009.nc
Processing overlap from 1990-01-01 01:30:00 to 1999-12-31 21:00:00:
  - TAS file: tas_3hr_MRI-ESM2-0_historical_r1i1p1f1_gn_199001010000-199912312100.nc
  - RSDS file: rsds_3hr_MRI-ESM2-0_historical_r1i1p1f1_gn_199001010130-199912312230.nc
  - RSDSDIFF file: rsdsdiff_3hr_MRI-ESM2-0_historical_r1i1p1f1_gn_199001010130-199912312230.nc
Saved data for year 1990 to /groups/FutureWind/SFCRAD/MRI-ESM2-0/historical/r1i1p1f1/rsds_rsdsdiff_tas_1990.nc
Saved data for year 1991 to /groups/FutureWind/SFCRAD/MRI-ESM2-0/historical/r1i1p1f1/rsds_rsdsdiff_tas_1991.nc
Saved data for year 1992 to /groups/FutureWind/SFCRAD/MRI-ESM2-0/historical/r1i1p1f1/rsds_rsdsdiff_tas_1992.nc
Saved data for year 1993 to /groups/FutureWind/SFCRAD/MRI-ESM2-0/historical/r1i1p1f1/rsds_rsdsdiff_tas_1993.nc
Saved data for year 1994 to /groups/FutureWind/SFCRAD/MRI-ESM2-0/historical/r1i1p1f1/rsds_rsdsdiff_tas_1994.nc
Saved data for year 1995 to /groups/FutureWind/SFCRAD/MRI-ESM2-0/historical/r1i1p1f1/rsds_rsdsdiff_tas_1995.nc
Saved data for year 1996 to /groups/FutureWind/SFCRAD/MRI-ESM2-0/historical/r1i1p1f1/rsds_rsdsdiff_tas_1996.nc
Saved data for year 1997 to /groups/FutureWind/SFCRAD/MRI-ESM2-0/historical/r1i1p1f1/rsds_rsdsdiff_tas_1997.nc
Saved data for year 1998 to /groups/FutureWind/SFCRAD/MRI-ESM2-0/historical/r1i1p1f1/rsds_rsdsdiff_tas_1998.nc
Saved data for year 1999 to /groups/FutureWind/SFCRAD/MRI-ESM2-0/historical/r1i1p1f1/rsds_rsdsdiff_tas_1999.nc
Processing overlap from 2010-01-01 01:30:00 to 2014-12-31 21:00:00:
  - TAS file: tas_3hr_MRI-ESM2-0_historical_r1i1p1f1_gn_201001010000-201412312100.nc
  - RSDS file: rsds_3hr_MRI-ESM2-0_historical_r1i1p1f1_gn_201001010130-201412312230.nc
  - RSDSDIFF file: rsdsdiff_3hr_MRI-ESM2-0_historical_r1i1p1f1_gn_201001010130-201412312230.nc
Saved data for year 2010 to /groups/FutureWind/SFCRAD/MRI-ESM2-0/historical/r1i1p1f1/rsds_rsdsdiff_tas_2010.nc
Saved data for year 2011 to /groups/FutureWind/SFCRAD/MRI-ESM2-0/historical/r1i1p1f1/rsds_rsdsdiff_tas_2011.nc
Saved data for year 2012 to /groups/FutureWind/SFCRAD/MRI-ESM2-0/historical/r1i1p1f1/rsds_rsdsdiff_tas_2012.nc
Saved data for year 2013 to /groups/FutureWind/SFCRAD/MRI-ESM2-0/historical/r1i1p1f1/rsds_rsdsdiff_tas_2013.nc
Saved data for year 2014 to /groups/FutureWind/SFCRAD/MRI-ESM2-0/historical/r1i1p1f1/rsds_rsdsdiff_tas_2014.nc
Processing complete.
