Running wget_script_2025-3-3_15-57-48.sh version: 1.3.2
Use wget_script_2025-3-3_15-57-48.sh -h for help.

Script created for 6 file(s)
(The count won't match if you manually edit this file!)



Retrieving Federation Certificates...--2025-03-03 16:07:09--  https://github.com/ESGF/esgf-dist/raw/master/installer/certs/esg-truststore.ts
Resolving github.com (github.com)... 140.82.121.4
Connecting to github.com (github.com)|140.82.121.4|:443... connected.
HTTP request sent, awaiting response... 302 Found
Location: https://raw.githubusercontent.com/ESGF/esgf-dist/master/installer/certs/esg-truststore.ts [following]
--2025-03-03 16:07:09--  https://raw.githubusercontent.com/ESGF/esgf-dist/master/installer/certs/esg-truststore.ts
Resolving raw.githubusercontent.com (raw.githubusercontent.com)... 185.199.108.133, 185.199.109.133, 185.199.110.133, ...
Connecting to raw.githubusercontent.com (raw.githubusercontent.com)|185.199.108.133|:443... connected.
HTTP request sent, awaiting response... 200 OK
Length: 35962 (35K) [video/mp2t]
Saving to: ‘/home/s233224/.esg/esg-truststore.ts’

     0K .......... .......... .......... .....                100% 2.14M=0.02s

2025-03-03 16:07:09 (2.14 MB/s) - ‘/home/s233224/.esg/esg-truststore.ts’ saved [35962/35962]

mv: cannot overwrite non-directory ‘/home/s233224/.esg/certificates’ with directory ‘/home/s233224/.esg/esg_trusted_certificates’
done!


rsds_3hr_MRI-ESM2-0_historical_r1i1p1f1_gn_198001010130-198912312230.nc ...Downloading
  sha256 ok. done!
rsds_3hr_MRI-ESM2-0_historical_r1i1p1f1_gn_199001010130-199912312230.nc ...Downloading
  sha256 ok. done!
rsds_3hr_MRI-ESM2-0_historical_r1i1p1f1_gn_200001010130-200912312230.nc ...Downloading
  sha256 ok. done!
rsds_3hr_MRI-ESM2-0_historical_r1i1p1f1_gn_201001010130-201412312230.nc ...Downloading
  sha256 ok. done!
done
